{"meta": {"format": 3, "version": "7.13.0", "timestamp": "2025-12-28T13:20:17.897610", "branch_coverage": false, "show_contexts": false}, "files": {"backend/__init__.py": {"executed_lines": [0], "summary": {"covered_lines": 0, "num_statements": 0, "percent_covered": 100.0, "percent_covered_display": "100", "missing_lines": 0, "excluded_lines": 0, "percent_statements_covered": 100.0, "percent_statements_covered_display": "100"}, "missing_lines": [], "excluded_lines": [], "functions": {"": {"executed_lines": [], "summary": {"covered_lines": 0, "num_statements": 0, "percent_covered": 100.0, "percent_covered_display": "100", "missing_lines": 0, "excluded_lines": 0, "percent_statements_covered": 100.0, "percent_statements_covered_display": "100"}, "missing_lines": [], "excluded_lines": []}}, "classes": {"": {"executed_lines": [], "summary": {"covered_lines": 0, "num_statements": 0, "percent_covered": 100.0, "percent_covered_display": "100", "missing_lines": 0, "excluded_lines": 0, "percent_statements_covered": 100.0, "percent_statements_covered_display": "100"}, "missing_lines": [], "excluded_lines": []}}}, "backend/application/__init__.py": {"executed_lines": [], "summary": {"covered_lines": 0, "num_statements": 0, "percent_covered": 100.0, "percent_covered_display": "100", "missing_lines": 0, "excluded_lines": 0, "percent_statements_covered": 100.0, "percent_statements_covered_display": "100"}, "missing_lines": [], "excluded_lines": [], "functions": {"": {"executed_lines": [], "summary": {"covered_lines": 0, "num_statements": 0, "percent_covered": 100.0, "percent_covered_display": "100", "missing_lines": 0, "excluded_lines": 0, "percent_statements_covered": 100.0, "percent_statements_covered_display": "100"}, "missing_lines": [], "excluded_lines": []}}, "classes": {"": {"executed_lines": [], "summary": {"covered_lines": 0, "num_statements": 0, "percent_covered": 100.0, "percent_covered_display": "100", "missing_lines": 0, "excluded_lines": 0, "percent_statements_covered": 100.0, "percent_statements_covered_display": "100"}, "missing_lines": [], "excluded_lines": []}}}, "backend/application/commands/__init__.py": {"executed_lines": [], "summary": {"covered_lines": 0, "num_statements": 0, "percent_covered": 100.0, "percent_covered_display": "100", "missing_lines": 0, "excluded_lines": 0, "percent_statements_covered": 100.0, "percent_statements_covered_display": "100"}, "missing_lines": [], "excluded_lines": [], "functions": {"": {"executed_lines": [], "summary": {"covered_lines": 0, "num_statements": 0, "percent_covered": 100.0, "percent_covered_display": "100", "missing_lines": 0, "excluded_lines": 0, "percent_statements_covered": 100.0, "percent_statements_covered_display": "100"}, "missing_lines": [], "excluded_lines": []}}, "classes": {"": {"executed_lines": [], "summary": {"covered_lines": 0, "num_statements": 0, "percent_covered": 100.0, "percent_covered_display": "100", "missing_lines": 0, "excluded_lines": 0, "percent_statements_covered": 100.0, "percent_statements_covered_display": "100"}, "missing_lines": [], "excluded_lines": []}}}, "backend/application/queries/__init__.py": {"executed_lines": [], "summary": {"covered_lines": 0, "num_statements": 0, "percent_covered": 100.0, "percent_covered_display": "100", "missing_lines": 0, "excluded_lines": 0, "percent_statements_covered": 100.0, "percent_statements_covered_display": "100"}, "missing_lines": [], "excluded_lines": [], "functions": {"": {"executed_lines": [], "summary": {"covered_lines": 0, "num_statements": 0, "percent_covered": 100.0, "percent_covered_display": "100", "missing_lines": 0, "excluded_lines": 0, "percent_statements_covered": 100.0, "percent_statements_covered_display": "100"}, "missing_lines": [], "excluded_lines": []}}, "classes": {"": {"executed_lines": [], "summary": {"covered_lines": 0, "num_statements": 0, "percent_covered": 100.0, "percent_covered_display": "100", "missing_lines": 0, "excluded_lines": 0, "percent_statements_covered": 100.0, "percent_statements_covered_display": "100"}, "missing_lines": [], "excluded_lines": []}}}, "backend/application/services/__init__.py": {"executed_lines": [], "summary": {"covered_lines": 0, "num_statements": 0, "percent_covered": 100.0, "percent_covered_display": "100", "missing_lines": 0, "excluded_lines": 0, "percent_statements_covered": 100.0, "percent_statements_covered_display": "100"}, "missing_lines": [], "excluded_lines": [], "functions": {"": {"executed_lines": [], "summary": {"covered_lines": 0, "num_statements": 0, "percent_covered": 100.0, "percent_covered_display": "100", "missing_lines": 0, "excluded_lines": 0, "percent_statements_covered": 100.0, "percent_statements_covered_display": "100"}, "missing_lines": [], "excluded_lines": []}}, "classes": {"": {"executed_lines": [], "summary": {"covered_lines": 0, "num_statements": 0, "percent_covered": 100.0, "percent_covered_display": "100", "missing_lines": 0, "excluded_lines": 0, "percent_statements_covered": 100.0, "percent_statements_covered_display": "100"}, "missing_lines": [], "excluded_lines": []}}}, "backend/domain/__init__.py": {"executed_lines": [1], "summary": {"covered_lines": 0, "num_statements": 0, "percent_covered": 100.0, "percent_covered_display": "100", "missing_lines": 0, "excluded_lines": 0, "percent_statements_covered": 100.0, "percent_statements_covered_display": "100"}, "missing_lines": [], "excluded_lines": [], "functions": {"": {"executed_lines": [1], "summary": {"covered_lines": 0, "num_statements": 0, "percent_covered": 100.0, "percent_covered_display": "100", "missing_lines": 0, "excluded_lines": 0, "percent_statements_covered": 100.0, "percent_statements_covered_display": "100"}, "missing_lines": [], "excluded_lines": []}}, "classes": {"": {"executed_lines": [1], "summary": {"covered_lines": 0, "num_statements": 0, "percent_covered": 100.0, "percent_covered_display": "100", "missing_lines": 0, "excluded_lines": 0, "percent_statements_covered": 100.0, "percent_statements_covered_display": "100"}, "missing_lines": [], "excluded_lines": []}}}, "backend/domain/aggregates/__init__.py": {"executed_lines": [], "summary": {"covered_lines": 0, "num_statements": 0, "percent_covered": 100.0, "percent_covered_display": "100", "missing_lines": 0, "excluded_lines": 0, "percent_statements_covered": 100.0, "percent_statements_covered_display": "100"}, "missing_lines": [], "excluded_lines": [], "functions": {"": {"executed_lines": [], "summary": {"covered_lines": 0, "num_statements": 0, "percent_covered": 100.0, "percent_covered_display": "100", "missing_lines": 0, "excluded_lines": 0, "percent_statements_covered": 100.0, "percent_statements_covered_display": "100"}, "missing_lines": [], "excluded_lines": []}}, "classes": {"": {"executed_lines": [], "summary": {"covered_lines": 0, "num_statements": 0, "percent_covered": 100.0, "percent_covered_display": "100", "missing_lines": 0, "excluded_lines": 0, "percent_statements_covered": 100.0, "percent_statements_covered_display": "100"}, "missing_lines": [], "excluded_lines": []}}}, "backend/domain/entities/__init__.py": {"executed_lines": [1, 5, 6, 7, 8, 9, 10, 11, 13], "summary": {"covered_lines": 8, "num_statements": 8, "percent_covered": 100.0, "percent_covered_display": "100", "missing_lines": 0, "excluded_lines": 0, "percent_statements_covered": 100.0, "percent_statements_covered_display": "100"}, "missing_lines": [], "excluded_lines": [], "functions": {"": {"executed_lines": [1, 5, 6, 7, 8, 9, 10, 11, 13], "summary": {"covered_lines": 8, "num_statements": 8, "percent_covered": 100.0, "percent_covered_display": "100", "missing_lines": 0, "excluded_lines": 0, "percent_statements_covered": 100.0, "percent_statements_covered_display": "100"}, "missing_lines": [], "excluded_lines": []}}, "classes": {"": {"executed_lines": [1, 5, 6, 7, 8, 9, 10, 11, 13], "summary": {"covered_lines": 8, "num_statements": 8, "percent_covered": 100.0, "percent_covered_display": "100", "missing_lines": 0, "excluded_lines": 0, "percent_statements_covered": 100.0, "percent_statements_covered_display": "100"}, "missing_lines": [], "excluded_lines": []}}}, "backend/domain/entities/answer_detail.py": {"executed_lines": [1, 6, 7, 8, 11, 12, 19, 50, 51, 52, 53, 54, 55, 56, 57, 59, 60, 61, 62, 63, 64, 65, 66, 67, 68, 70, 72, 73, 75, 77, 78, 80, 82, 83, 85, 87, 88, 90, 92, 93, 95, 97, 98, 100, 102, 103, 105, 107, 108, 110, 112, 114, 116, 118, 120, 122], "summary": {"covered_lines": 52, "num_statements": 53, "percent_covered": 98.11320754716981, "percent_covered_display": "98", "missing_lines": 1, "excluded_lines": 7, "percent_statements_covered": 98.11320754716981, "percent_statements_covered_display": "98"}, "missing_lines": [113], "excluded_lines": [120, 121, 122, 123, 124, 125, 126], "functions": {"AnswerDetail.__init__": {"executed_lines": [50, 51, 52, 53, 54, 55, 56, 57, 59, 60, 61, 62, 63, 64, 65, 66, 67, 68], "summary": {"covered_lines": 18, "num_statements": 18, "percent_covered": 100.0, "percent_covered_display": "100", "missing_lines": 0, "excluded_lines": 0, "percent_statements_covered": 100.0, "percent_statements_covered_display": "100"}, "missing_lines": [], "excluded_lines": []}, "AnswerDetail._validate_id": {"executed_lines": [72, 73], "summary": {"covered_lines": 2, "num_statements": 2, "percent_covered": 100.0, "percent_covered_display": "100", "missing_lines": 0, "excluded_lines": 0, "percent_statements_covered": 100.0, "percent_statements_covered_display": "100"}, "missing_lines": [], "excluded_lines": []}, "AnswerDetail._validate_result_id": {"executed_lines": [77, 78], "summary": {"covered_lines": 2, "num_statements": 2, "percent_covered": 100.0, "percent_covered_display": "100", "missing_lines": 0, "excluded_lines": 0, "percent_statements_covered": 100.0, "percent_statements_covered_display": "100"}, "missing_lines": [], "excluded_lines": []}, "AnswerDetail._validate_question_id": {"executed_lines": [82, 83], "summary": {"covered_lines": 2, "num_statements": 2, "percent_covered": 100.0, "percent_covered_display": "100", "missing_lines": 0, "excluded_lines": 0, "percent_statements_covered": 100.0, "percent_statements_covered_display": "100"}, "missing_lines": [], "excluded_lines": []}, "AnswerDetail._validate_user_answer": {"executed_lines": [87, 88], "summary": {"covered_lines": 2, "num_statements": 2, "percent_covered": 100.0, "percent_covered_display": "100", "missing_lines": 0, "excluded_lines": 0, "percent_statements_covered": 100.0, "percent_statements_covered_display": "100"}, "missing_lines": [], "excluded_lines": []}, "AnswerDetail._validate_correct_answer": {"executed_lines": [92, 93], "summary": {"covered_lines": 2, "num_statements": 2, "percent_covered": 100.0, "percent_covered_display": "100", "missing_lines": 0, "excluded_lines": 0, "percent_statements_covered": 100.0, "percent_statements_covered_display": "100"}, "missing_lines": [], "excluded_lines": []}, "AnswerDetail._validate_time_spent_seconds": {"executed_lines": [97, 98], "summary": {"covered_lines": 2, "num_statements": 2, "percent_covered": 100.0, "percent_covered_display": "100", "missing_lines": 0, "excluded_lines": 0, "percent_statements_covered": 100.0, "percent_statements_covered_display": "100"}, "missing_lines": [], "excluded_lines": []}, "AnswerDetail._validate_difficulty": {"executed_lines": [102, 103], "summary": {"covered_lines": 2, "num_statements": 2, "percent_covered": 100.0, "percent_covered_display": "100", "missing_lines": 0, "excluded_lines": 0, "percent_statements_covered": 100.0, "percent_statements_covered_display": "100"}, "missing_lines": [], "excluded_lines": []}, "AnswerDetail._validate_question_type": {"executed_lines": [107, 108], "summary": {"covered_lines": 2, "num_statements": 2, "percent_covered": 100.0, "percent_covered_display": "100", "missing_lines": 0, "excluded_lines": 0, "percent_statements_covered": 100.0, "percent_statements_covered_display": "100"}, "missing_lines": [], "excluded_lines": []}, "AnswerDetail.__eq__": {"executed_lines": [112, 114], "summary": {"covered_lines": 2, "num_statements": 3, "percent_covered": 66.66666666666667, "percent_covered_display": "67", "missing_lines": 1, "excluded_lines": 0, "percent_statements_covered": 66.66666666666667, "percent_statements_covered_display": "67"}, "missing_lines": [113], "excluded_lines": []}, "AnswerDetail.__hash__": {"executed_lines": [118], "summary": {"covered_lines": 1, "num_statements": 1, "percent_covered": 100.0, "percent_covered_display": "100", "missing_lines": 0, "excluded_lines": 0, "percent_statements_covered": 100.0, "percent_statements_covered_display": "100"}, "missing_lines": [], "excluded_lines": []}, "AnswerDetail.__repr__": {"executed_lines": [122], "summary": {"covered_lines": 0, "num_statements": 0, "percent_covered": 100.0, "percent_covered_display": "100", "missing_lines": 0, "excluded_lines": 6, "percent_statements_covered": 100.0, "percent_statements_covered_display": "100"}, "missing_lines": [], "excluded_lines": [121, 122, 123, 124, 125, 126]}, "": {"executed_lines": [1, 6, 7, 8, 11, 12, 19, 70, 75, 80, 85, 90, 95, 100, 105, 110, 116, 120], "summary": {"covered_lines": 15, "num_statements": 15, "percent_covered": 100.0, "percent_covered_display": "100", "missing_lines": 0, "excluded_lines": 1, "percent_statements_covered": 100.0, "percent_statements_covered_display": "100"}, "missing_lines": [], "excluded_lines": [120]}}, "classes": {"AnswerDetail": {"executed_lines": [50, 51, 52, 53, 54, 55, 56, 57, 59, 60, 61, 62, 63, 64, 65, 66, 67, 68, 72, 73, 77, 78, 82, 83, 87, 88, 92, 93, 97, 98, 102, 103, 107, 108, 112, 114, 118, 122], "summary": {"covered_lines": 37, "num_statements": 38, "percent_covered": 97.36842105263158, "percent_covered_display": "97", "missing_lines": 1, "excluded_lines": 6, "percent_statements_covered": 97.36842105263158, "percent_statements_covered_display": "97"}, "missing_lines": [113], "excluded_lines": [121, 122, 123, 124, 125, 126]}, "": {"executed_lines": [1, 6, 7, 8, 11, 12, 19, 70, 75, 80, 85, 90, 95, 100, 105, 110, 116, 120], "summary": {"covered_lines": 15, "num_statements": 15, "percent_covered": 100.0, "percent_covered_display": "100", "missing_lines": 0, "excluded_lines": 1, "percent_statements_covered": 100.0, "percent_statements_covered_display": "100"}, "missing_lines": [], "excluded_lines": [120]}}}, "backend/domain/entities/learning_history.py": {"executed_lines": [1, 6, 7, 10, 11, 18, 49, 50, 51, 52, 53, 54, 55, 56, 58, 59, 60, 61, 62, 63, 64, 65, 66, 67, 69, 71, 72, 74, 76, 77, 79, 81, 82, 84, 86, 87, 89, 91, 92, 94, 96, 97, 99, 101, 102, 104, 105, 107, 109, 110, 112, 119, 121, 123, 125, 127, 129, 131, 133, 135], "summary": {"covered_lines": 56, "num_statements": 58, "percent_covered": 96.55172413793103, "percent_covered_display": "97", "missing_lines": 2, "excluded_lines": 7, "percent_statements_covered": 96.55172413793103, "percent_statements_covered_display": "97"}, "missing_lines": [120, 126], "excluded_lines": [133, 134, 135, 136, 137, 138, 139], "functions": {"LearningHistory.__init__": {"executed_lines": [49, 50, 51, 52, 53, 54, 55, 56, 58, 59, 60, 61, 62, 63, 64, 65, 66, 67], "summary": {"covered_lines": 18, "num_statements": 18, "percent_covered": 100.0, "percent_covered_display": "100", "missing_lines": 0, "excluded_lines": 0, "percent_statements_covered": 100.0, "percent_statements_covered_display": "100"}, "missing_lines": [], "excluded_lines": []}, "LearningHistory._validate_id": {"executed_lines": [71, 72], "summary": {"covered_lines": 2, "num_statements": 2, "percent_covered": 100.0, "percent_covered_display": "100", "missing_lines": 0, "excluded_lines": 0, "percent_statements_covered": 100.0, "percent_statements_covered_display": "100"}, "missing_lines": [], "excluded_lines": []}, "LearningHistory._validate_user_id": {"executed_lines": [76, 77], "summary": {"covered_lines": 2, "num_statements": 2, "percent_covered": 100.0, "percent_covered_display": "100", "missing_lines": 0, "excluded_lines": 0, "percent_statements_covered": 100.0, "percent_statements_covered_display": "100"}, "missing_lines": [], "excluded_lines": []}, "LearningHistory._validate_test_id": {"executed_lines": [81, 82], "summary": {"covered_lines": 2, "num_statements": 2, "percent_covered": 100.0, "percent_covered_display": "100", "missing_lines": 0, "excluded_lines": 0, "percent_statements_covered": 100.0, "percent_statements_covered_display": "100"}, "missing_lines": [], "excluded_lines": []}, "LearningHistory._validate_result_id": {"executed_lines": [86, 87], "summary": {"covered_lines": 2, "num_statements": 2, "percent_covered": 100.0, "percent_covered_display": "100", "missing_lines": 0, "excluded_lines": 0, "percent_statements_covered": 100.0, "percent_statements_covered_display": "100"}, "missing_lines": [], "excluded_lines": []}, "LearningHistory._validate_study_hour": {"executed_lines": [91, 92], "summary": {"covered_lines": 2, "num_statements": 2, "percent_covered": 100.0, "percent_covered_display": "100", "missing_lines": 0, "excluded_lines": 0, "percent_statements_covered": 100.0, "percent_statements_covered_display": "100"}, "missing_lines": [], "excluded_lines": []}, "LearningHistory._validate_total_questions": {"executed_lines": [96, 97], "summary": {"covered_lines": 2, "num_statements": 2, "percent_covered": 100.0, "percent_covered_display": "100", "missing_lines": 0, "excluded_lines": 0, "percent_statements_covered": 100.0, "percent_statements_covered_display": "100"}, "missing_lines": [], "excluded_lines": []}, "LearningHistory._validate_correct_count": {"executed_lines": [101, 102, 104, 105], "summary": {"covered_lines": 4, "num_statements": 4, "percent_covered": 100.0, "percent_covered_display": "100", "missing_lines": 0, "excluded_lines": 0, "percent_statements_covered": 100.0, "percent_statements_covered_display": "100"}, "missing_lines": [], "excluded_lines": []}, "LearningHistory._validate_time_spent_minutes": {"executed_lines": [109, 110], "summary": {"covered_lines": 2, "num_statements": 2, "percent_covered": 100.0, "percent_covered_display": "100", "missing_lines": 0, "excluded_lines": 0, "percent_statements_covered": 100.0, "percent_statements_covered_display": "100"}, "missing_lines": [], "excluded_lines": []}, "LearningHistory.get_accuracy_percentage": {"executed_lines": [119, 121], "summary": {"covered_lines": 2, "num_statements": 3, "percent_covered": 66.66666666666667, "percent_covered_display": "67", "missing_lines": 1, "excluded_lines": 0, "percent_statements_covered": 66.66666666666667, "percent_statements_covered_display": "67"}, "missing_lines": [120], "excluded_lines": []}, "LearningHistory.__eq__": {"executed_lines": [125, 127], "summary": {"covered_lines": 2, "num_statements": 3, "percent_covered": 66.66666666666667, "percent_covered_display": "67", "missing_lines": 1, "excluded_lines": 0, "percent_statements_covered": 66.66666666666667, "percent_statements_covered_display": "67"}, "missing_lines": [126], "excluded_lines": []}, "LearningHistory.__hash__": {"executed_lines": [131], "summary": {"covered_lines": 1, "num_statements": 1, "percent_covered": 100.0, "percent_covered_display": "100", "missing_lines": 0, "excluded_lines": 0, "percent_statements_covered": 100.0, "percent_statements_covered_display": "100"}, "missing_lines": [], "excluded_lines": []}, "LearningHistory.__repr__": {"executed_lines": [135], "summary": {"covered_lines": 0, "num_statements": 0, "percent_covered": 100.0, "percent_covered_display": "100", "missing_lines": 0, "excluded_lines": 6, "percent_statements_covered": 100.0, "percent_statements_covered_display": "100"}, "missing_lines": [], "excluded_lines": [134, 135, 136, 137, 138, 139]}, "": {"executed_lines": [1, 6, 7, 10, 11, 18, 69, 74, 79, 84, 89, 94, 99, 107, 112, 123, 129, 133], "summary": {"covered_lines": 15, "num_statements": 15, "percent_covered": 100.0, "percent_covered_display": "100", "missing_lines": 0, "excluded_lines": 1, "percent_statements_covered": 100.0, "percent_statements_covered_display": "100"}, "missing_lines": [], "excluded_lines": [133]}}, "classes": {"LearningHistory": {"executed_lines": [49, 50, 51, 52, 53, 54, 55, 56, 58, 59, 60, 61, 62, 63, 64, 65, 66, 67, 71, 72, 76, 77, 81, 82, 86, 87, 91, 92, 96, 97, 101, 102, 104, 105, 109, 110, 119, 121, 125, 127, 131, 135], "summary": {"covered_lines": 41, "num_statements": 43, "percent_covered": 95.34883720930233, "percent_covered_display": "95", "missing_lines": 2, "excluded_lines": 6, "percent_statements_covered": 95.34883720930233, "percent_statements_covered_display": "95"}, "missing_lines": [120, 126], "excluded_lines": [134, 135, 136, 137, 138, 139]}, "": {"executed_lines": [1, 6, 7, 10, 11, 18, 69, 74, 79, 84, 89, 94, 99, 107, 112, 123, 129, 133], "summary": {"covered_lines": 15, "num_statements": 15, "percent_covered": 100.0, "percent_covered_display": "100", "missing_lines": 0, "excluded_lines": 1, "percent_statements_covered": 100.0, "percent_statements_covered_display": "100"}, "missing_lines": [], "excluded_lines": [133]}}}, "backend/domain/entities/question.py": {"executed_lines": [1, 6, 7, 10, 11, 18, 45, 46, 47, 48, 50, 51, 52, 53, 54, 55, 56, 57, 59, 61, 62, 64, 65, 67, 68, 70, 72, 75, 76, 78, 79, 82, 83, 86, 87, 88, 89, 90, 91, 92, 94, 96, 97, 99, 100, 102, 104, 107, 108, 110, 120, 122, 135, 136, 137, 138, 140, 142, 144, 146, 148, 150, 152], "summary": {"covered_lines": 59, "num_statements": 62, "percent_covered": 95.16129032258064, "percent_covered_display": "95", "missing_lines": 3, "excluded_lines": 3, "percent_statements_covered": 95.16129032258064, "percent_statements_covered_display": "95"}, "missing_lines": [73, 105, 143], "excluded_lines": [150, 151, 152], "functions": {"Question.__init__": {"executed_lines": [45, 46, 47, 48, 50, 51, 52, 53, 54, 55, 56, 57], "summary": {"covered_lines": 12, "num_statements": 12, "percent_covered": 100.0, "percent_covered_display": "100", "missing_lines": 0, "excluded_lines": 0, "percent_statements_covered": 100.0, "percent_statements_covered_display": "100"}, "missing_lines": [], "excluded_lines": []}, "Question._validate_question_text": {"executed_lines": [61, 62, 64, 65, 67, 68], "summary": {"covered_lines": 6, "num_statements": 6, "percent_covered": 100.0, "percent_covered_display": "100", "missing_lines": 0, "excluded_lines": 0, "percent_statements_covered": 100.0, "percent_statements_covered_display": "100"}, "missing_lines": [], "excluded_lines": []}, "Question._validate_choices": {"executed_lines": [72, 75, 76, 78, 79, 82, 83, 86, 87, 88, 89, 90, 91, 92], "summary": {"covered_lines": 14, "num_statements": 15, "percent_covered": 93.33333333333333, "percent_covered_display": "93", "missing_lines": 1, "excluded_lines": 0, "percent_statements_covered": 93.33333333333333, "percent_statements_covered_display": "93"}, "missing_lines": [73], "excluded_lines": []}, "Question._validate_correct_answer": {"executed_lines": [96, 97, 99, 100], "summary": {"covered_lines": 4, "num_statements": 4, "percent_covered": 100.0, "percent_covered_display": "100", "missing_lines": 0, "excluded_lines": 0, "percent_statements_covered": 100.0, "percent_statements_covered_display": "100"}, "missing_lines": [], "excluded_lines": []}, "Question._validate_difficulty": {"executed_lines": [104, 107, 108], "summary": {"covered_lines": 3, "num_statements": 4, "percent_covered": 75.0, "percent_covered_display": "75", "missing_lines": 1, "excluded_lines": 0, "percent_statements_covered": 75.0, "percent_statements_covered_display": "75"}, "missing_lines": [105], "excluded_lines": []}, "Question.is_correct_answer": {"executed_lines": [120], "summary": {"covered_lines": 1, "num_statements": 1, "percent_covered": 100.0, "percent_covered_display": "100", "missing_lines": 0, "excluded_lines": 0, "percent_statements_covered": 100.0, "percent_statements_covered_display": "100"}, "missing_lines": [], "excluded_lines": []}, "Question.get_choice_index": {"executed_lines": [135, 136, 137, 138], "summary": {"covered_lines": 4, "num_statements": 4, "percent_covered": 100.0, "percent_covered_display": "100", "missing_lines": 0, "excluded_lines": 0, "percent_statements_covered": 100.0, "percent_statements_covered_display": "100"}, "missing_lines": [], "excluded_lines": []}, "Question.__eq__": {"executed_lines": [142, 144], "summary": {"covered_lines": 2, "num_statements": 3, "percent_covered": 66.66666666666667, "percent_covered_display": "67", "missing_lines": 1, "excluded_lines": 0, "percent_statements_covered": 66.66666666666667, "percent_statements_covered_display": "67"}, "missing_lines": [143], "excluded_lines": []}, "Question.__hash__": {"executed_lines": [148], "summary": {"covered_lines": 1, "num_statements": 1, "percent_covered": 100.0, "percent_covered_display": "100", "missing_lines": 0, "excluded_lines": 0, "percent_statements_covered": 100.0, "percent_statements_covered_display": "100"}, "missing_lines": [], "excluded_lines": []}, "Question.__repr__": {"executed_lines": [152], "summary": {"covered_lines": 0, "num_statements": 0, "percent_covered": 100.0, "percent_covered_display": "100", "missing_lines": 0, "excluded_lines": 2, "percent_statements_covered": 100.0, "percent_statements_covered_display": "100"}, "missing_lines": [], "excluded_lines": [151, 152]}, "": {"executed_lines": [1, 6, 7, 10, 11, 18, 59, 70, 94, 102, 110, 122, 140, 146, 150], "summary": {"covered_lines": 12, "num_statements": 12, "percent_covered": 100.0, "percent_covered_display": "100", "missing_lines": 0, "excluded_lines": 1, "percent_statements_covered": 100.0, "percent_statements_covered_display": "100"}, "missing_lines": [], "excluded_lines": [150]}}, "classes": {"Question": {"executed_lines": [45, 46, 47, 48, 50, 51, 52, 53, 54, 55, 56, 57, 61, 62, 64, 65, 67, 68, 72, 75, 76, 78, 79, 82, 83, 86, 87, 88, 89, 90, 91, 92, 96, 97, 99, 100, 104, 107, 108, 120, 135, 136, 137, 138, 142, 144, 148, 152], "summary": {"covered_lines": 47, "num_statements": 50, "percent_covered": 94.0, "percent_covered_display": "94", "missing_lines": 3, "excluded_lines": 2, "percent_statements_covered": 94.0, "percent_statements_covered_display": "94"}, "missing_lines": [73, 105, 143], "excluded_lines": [151, 152]}, "": {"executed_lines": [1, 6, 7, 10, 11, 18, 59, 70, 94, 102, 110, 122, 140, 146, 150], "summary": {"covered_lines": 12, "num_statements": 12, "percent_covered": 100.0, "percent_covered_display": "100", "missing_lines": 0, "excluded_lines": 1, "percent_statements_covered": 100.0, "percent_statements_covered_display": "100"}, "missing_lines": [], "excluded_lines": [150]}}}, "backend/domain/entities/result.py": {"executed_lines": [1, 6, 7, 8, 11, 12, 19, 52, 53, 54, 56, 57, 58, 59, 60, 61, 62, 63, 64, 65, 66, 68, 70, 71, 73, 75, 76, 78, 79, 81, 82, 84, 86, 87, 89, 96, 98, 100, 107, 108, 109, 110, 112, 114, 121, 123, 131, 133, 134, 136, 138, 145, 146, 147, 148, 150, 152, 159, 165, 167, 169, 170, 171, 172, 173, 175, 177, 179, 180, 181, 183, 185, 187, 188, 189, 190, 193, 195, 197, 198, 199, 200, 202, 204, 206, 208, 210, 212, 214, 216], "summary": {"covered_lines": 86, "num_statements": 89, "percent_covered": 96.62921348314607, "percent_covered_display": "97", "missing_lines": 3, "excluded_lines": 3, "percent_statements_covered": 96.62921348314607, "percent_statements_covered_display": "97"}, "missing_lines": [97, 191, 207], "excluded_lines": [214, 215, 216], "functions": {"Result.__init__": {"executed_lines": [52, 53, 54, 56, 57, 58, 59, 60, 61, 62, 63, 64, 65, 66], "summary": {"covered_lines": 14, "num_statements": 14, "percent_covered": 100.0, "percent_covered_display": "100", "missing_lines": 0, "excluded_lines": 0, "percent_statements_covered": 100.0, "percent_statements_covered_display": "100"}, "missing_lines": [], "excluded_lines": []}, "Result._validate_score": {"executed_lines": [70, 71], "summary": {"covered_lines": 2, "num_statements": 2, "percent_covered": 100.0, "percent_covered_display": "100", "missing_lines": 0, "excluded_lines": 0, "percent_statements_covered": 100.0, "percent_statements_covered_display": "100"}, "missing_lines": [], "excluded_lines": []}, "Result._validate_answer_counts": {"executed_lines": [75, 76, 78, 79, 81, 82], "summary": {"covered_lines": 6, "num_statements": 6, "percent_covered": 100.0, "percent_covered_display": "100", "missing_lines": 0, "excluded_lines": 0, "percent_statements_covered": 100.0, "percent_statements_covered_display": "100"}, "missing_lines": [], "excluded_lines": []}, "Result._validate_time_taken": {"executed_lines": [86, 87], "summary": {"covered_lines": 2, "num_statements": 2, "percent_covered": 100.0, "percent_covered_display": "100", "missing_lines": 0, "excluded_lines": 0, "percent_statements_covered": 100.0, "percent_statements_covered_display": "100"}, "missing_lines": [], "excluded_lines": []}, "Result.get_accuracy_percentage": {"executed_lines": [96, 98], "summary": {"covered_lines": 2, "num_statements": 3, "percent_covered": 66.66666666666667, "percent_covered_display": "67", "missing_lines": 1, "excluded_lines": 0, "percent_statements_covered": 66.66666666666667, "percent_statements_covered_display": "67"}, "missing_lines": [97], "excluded_lines": []}, "Result.get_performance_level": {"executed_lines": [107, 108, 109, 110, 112], "summary": {"covered_lines": 5, "num_statements": 5, "percent_covered": 100.0, "percent_covered_display": "100", "missing_lines": 0, "excluded_lines": 0, "percent_statements_covered": 100.0, "percent_statements_covered_display": "100"}, "missing_lines": [], "excluded_lines": []}, "Result.is_passed": {"executed_lines": [121], "summary": {"covered_lines": 1, "num_statements": 1, "percent_covered": 100.0, "percent_covered_display": "100", "missing_lines": 0, "excluded_lines": 0, "percent_statements_covered": 100.0, "percent_statements_covered_display": "100"}, "missing_lines": [], "excluded_lines": []}, "Result.get_time_efficiency": {"executed_lines": [131, 133, 134, 136], "summary": {"covered_lines": 4, "num_statements": 4, "percent_covered": 100.0, "percent_covered_display": "100", "missing_lines": 0, "excluded_lines": 0, "percent_statements_covered": 100.0, "percent_statements_covered_display": "100"}, "missing_lines": [], "excluded_lines": []}, "Result.get_level_progression": {"executed_lines": [145, 146, 147, 148, 150], "summary": {"covered_lines": 5, "num_statements": 5, "percent_covered": 100.0, "percent_covered_display": "100", "missing_lines": 0, "excluded_lines": 0, "percent_statements_covered": 100.0, "percent_statements_covered_display": "100"}, "missing_lines": [], "excluded_lines": []}, "Result.get_detailed_feedback": {"executed_lines": [159, 165], "summary": {"covered_lines": 2, "num_statements": 2, "percent_covered": 100.0, "percent_covered_display": "100", "missing_lines": 0, "excluded_lines": 0, "percent_statements_covered": 100.0, "percent_statements_covered_display": "100"}, "missing_lines": [], "excluded_lines": []}, "Result._get_overall_performance_feedback": {"executed_lines": [169, 170, 171, 172, 173, 175], "summary": {"covered_lines": 6, "num_statements": 6, "percent_covered": 100.0, "percent_covered_display": "100", "missing_lines": 0, "excluded_lines": 0, "percent_statements_covered": 100.0, "percent_statements_covered_display": "100"}, "missing_lines": [], "excluded_lines": []}, "Result._get_time_management_feedback": {"executed_lines": [179, 180, 181, 183], "summary": {"covered_lines": 4, "num_statements": 4, "percent_covered": 100.0, "percent_covered_display": "100", "missing_lines": 0, "excluded_lines": 0, "percent_statements_covered": 100.0, "percent_statements_covered_display": "100"}, "missing_lines": [], "excluded_lines": []}, "Result._get_level_recommendation_feedback": {"executed_lines": [187, 188, 189, 190, 193], "summary": {"covered_lines": 5, "num_statements": 6, "percent_covered": 83.33333333333333, "percent_covered_display": "83", "missing_lines": 1, "excluded_lines": 0, "percent_statements_covered": 83.33333333333333, "percent_statements_covered_display": "83"}, "missing_lines": [191], "excluded_lines": []}, "Result._get_study_suggestions": {"executed_lines": [197, 198, 199, 200, 202], "summary": {"covered_lines": 5, "num_statements": 5, "percent_covered": 100.0, "percent_covered_display": "100", "missing_lines": 0, "excluded_lines": 0, "percent_statements_covered": 100.0, "percent_statements_covered_display": "100"}, "missing_lines": [], "excluded_lines": []}, "Result.__eq__": {"executed_lines": [206, 208], "summary": {"covered_lines": 2, "num_statements": 3, "percent_covered": 66.66666666666667, "percent_covered_display": "67", "missing_lines": 1, "excluded_lines": 0, "percent_statements_covered": 66.66666666666667, "percent_statements_covered_display": "67"}, "missing_lines": [207], "excluded_lines": []}, "Result.__hash__": {"executed_lines": [212], "summary": {"covered_lines": 1, "num_statements": 1, "percent_covered": 100.0, "percent_covered_display": "100", "missing_lines": 0, "excluded_lines": 0, "percent_statements_covered": 100.0, "percent_statements_covered_display": "100"}, "missing_lines": [], "excluded_lines": []}, "Result.__repr__": {"executed_lines": [216], "summary": {"covered_lines": 0, "num_statements": 0, "percent_covered": 100.0, "percent_covered_display": "100", "missing_lines": 0, "excluded_lines": 2, "percent_statements_covered": 100.0, "percent_statements_covered_display": "100"}, "missing_lines": [], "excluded_lines": [215, 216]}, "": {"executed_lines": [1, 6, 7, 8, 11, 12, 19, 68, 73, 84, 89, 100, 114, 123, 138, 152, 167, 177, 185, 195, 204, 210, 214], "summary": {"covered_lines": 20, "num_statements": 20, "percent_covered": 100.0, "percent_covered_display": "100", "missing_lines": 0, "excluded_lines": 1, "percent_statements_covered": 100.0, "percent_statements_covered_display": "100"}, "missing_lines": [], "excluded_lines": [214]}}, "classes": {"Result": {"executed_lines": [52, 53, 54, 56, 57, 58, 59, 60, 61, 62, 63, 64, 65, 66, 70, 71, 75, 76, 78, 79, 81, 82, 86, 87, 96, 98, 107, 108, 109, 110, 112, 121, 131, 133, 134, 136, 145, 146, 147, 148, 150, 159, 165, 169, 170, 171, 172, 173, 175, 179, 180, 181, 183, 187, 188, 189, 190, 193, 197, 198, 199, 200, 202, 206, 208, 212, 216], "summary": {"covered_lines": 66, "num_statements": 69, "percent_covered": 95.65217391304348, "percent_covered_display": "96", "missing_lines": 3, "excluded_lines": 2, "percent_statements_covered": 95.65217391304348, "percent_statements_covered_display": "96"}, "missing_lines": [97, 191, 207], "excluded_lines": [215, 216]}, "": {"executed_lines": [1, 6, 7, 8, 11, 12, 19, 68, 73, 84, 89, 100, 114, 123, 138, 152, 167, 177, 185, 195, 204, 210, 214], "summary": {"covered_lines": 20, "num_statements": 20, "percent_covered": 100.0, "percent_covered_display": "100", "missing_lines": 0, "excluded_lines": 1, "percent_statements_covered": 100.0, "percent_statements_covered_display": "100"}, "missing_lines": [], "excluded_lines": [214]}}}, "backend/domain/entities/test.py": {"executed_lines": [1, 6, 7, 8, 9, 12, 13, 20, 47, 48, 50, 51, 52, 53, 54, 55, 56, 57, 58, 59, 60, 62, 64, 65, 67, 68, 69, 71, 72, 74, 76, 77, 79, 80, 82, 89, 90, 92, 93, 95, 105, 106, 108, 109, 110, 111, 113, 123, 124, 126, 127, 129, 130, 131, 132, 133, 135, 137, 147, 148, 150, 151, 153, 156, 158, 165, 166, 168, 169, 171, 173, 183, 184, 185, 186, 188, 198, 199, 201, 202, 203, 204, 205, 207, 209, 219, 220, 222, 224, 226, 228, 230, 232, 234, 236], "summary": {"covered_lines": 91, "num_statements": 93, "percent_covered": 97.84946236559139, "percent_covered_display": "98", "missing_lines": 2, "excluded_lines": 3, "percent_statements_covered": 97.84946236559139, "percent_statements_covered_display": "98"}, "missing_lines": [154, 227], "excluded_lines": [234, 235, 236], "functions": {"Test.__init__": {"executed_lines": [47, 48, 50, 51, 52, 53, 54, 55, 56, 57, 58, 59, 60], "summary": {"covered_lines": 13, "num_statements": 13, "percent_covered": 100.0, "percent_covered_display": "100", "missing_lines": 0, "excluded_lines": 0, "percent_statements_covered": 100.0, "percent_statements_covered_display": "100"}, "missing_lines": [], "excluded_lines": []}, "Test._validate_title": {"executed_lines": [64, 65, 67, 68, 69, 71, 72], "summary": {"covered_lines": 7, "num_statements": 7, "percent_covered": 100.0, "percent_covered_display": "100", "missing_lines": 0, "excluded_lines": 0, "percent_statements_covered": 100.0, "percent_statements_covered_display": "100"}, "missing_lines": [], "excluded_lines": []}, "Test._validate_time_limit": {"executed_lines": [76, 77, 79, 80], "summary": {"covered_lines": 4, "num_statements": 4, "percent_covered": 100.0, "percent_covered_display": "100", "missing_lines": 0, "excluded_lines": 0, "percent_statements_covered": 100.0, "percent_statements_covered_display": "100"}, "missing_lines": [], "excluded_lines": []}, "Test.start_test": {"executed_lines": [89, 90, 92, 93], "summary": {"covered_lines": 4, "num_statements": 4, "percent_covered": 100.0, "percent_covered_display": "100", "missing_lines": 0, "excluded_lines": 0, "percent_statements_covered": 100.0, "percent_statements_covered_display": "100"}, "missing_lines": [], "excluded_lines": []}, "Test.complete_test": {"executed_lines": [105, 106, 108, 109, 110, 111], "summary": {"covered_lines": 6, "num_statements": 6, "percent_covered": 100.0, "percent_covered_display": "100", "missing_lines": 0, "excluded_lines": 0, "percent_statements_covered": 100.0, "percent_statements_covered_display": "100"}, "missing_lines": [], "excluded_lines": []}, "Test.calculate_score": {"executed_lines": [123, 124, 126, 127, 129, 130, 131, 132, 133, 135], "summary": {"covered_lines": 10, "num_statements": 10, "percent_covered": 100.0, "percent_covered_display": "100", "missing_lines": 0, "excluded_lines": 0, "percent_statements_covered": 100.0, "percent_statements_covered_display": "100"}, "missing_lines": [], "excluded_lines": []}, "Test.get_time_remaining": {"executed_lines": [147, 148, 150, 151, 153, 156], "summary": {"covered_lines": 6, "num_statements": 7, "percent_covered": 85.71428571428571, "percent_covered_display": "86", "missing_lines": 1, "excluded_lines": 0, "percent_statements_covered": 85.71428571428571, "percent_statements_covered_display": "86"}, "missing_lines": [154], "excluded_lines": []}, "Test.is_time_up": {"executed_lines": [165, 166, 168, 169, 171], "summary": {"covered_lines": 5, "num_statements": 5, "percent_covered": 100.0, "percent_covered_display": "100", "missing_lines": 0, "excluded_lines": 0, "percent_statements_covered": 100.0, "percent_statements_covered_display": "100"}, "missing_lines": [], "excluded_lines": []}, "Test.get_question_by_id": {"executed_lines": [183, 184, 185, 186], "summary": {"covered_lines": 4, "num_statements": 4, "percent_covered": 100.0, "percent_covered_display": "100", "missing_lines": 0, "excluded_lines": 0, "percent_statements_covered": 100.0, "percent_statements_covered_display": "100"}, "missing_lines": [], "excluded_lines": []}, "Test.get_correct_answers_count": {"executed_lines": [198, 199, 201, 202, 203, 204, 205, 207], "summary": {"covered_lines": 8, "num_statements": 8, "percent_covered": 100.0, "percent_covered_display": "100", "missing_lines": 0, "excluded_lines": 0, "percent_statements_covered": 100.0, "percent_statements_covered_display": "100"}, "missing_lines": [], "excluded_lines": []}, "Test.get_incorrect_answers_count": {"executed_lines": [219, 220, 222], "summary": {"covered_lines": 3, "num_statements": 3, "percent_covered": 100.0, "percent_covered_display": "100", "missing_lines": 0, "excluded_lines": 0, "percent_statements_covered": 100.0, "percent_statements_covered_display": "100"}, "missing_lines": [], "excluded_lines": []}, "Test.__eq__": {"executed_lines": [226, 228], "summary": {"covered_lines": 2, "num_statements": 3, "percent_covered": 66.66666666666667, "percent_covered_display": "67", "missing_lines": 1, "excluded_lines": 0, "percent_statements_covered": 66.66666666666667, "percent_statements_covered_display": "67"}, "missing_lines": [227], "excluded_lines": []}, "Test.__hash__": {"executed_lines": [232], "summary": {"covered_lines": 1, "num_statements": 1, "percent_covered": 100.0, "percent_covered_display": "100", "missing_lines": 0, "excluded_lines": 0, "percent_statements_covered": 100.0, "percent_statements_covered_display": "100"}, "missing_lines": [], "excluded_lines": []}, "Test.__repr__": {"executed_lines": [236], "summary": {"covered_lines": 0, "num_statements": 0, "percent_covered": 100.0, "percent_covered_display": "100", "missing_lines": 0, "excluded_lines": 2, "percent_statements_covered": 100.0, "percent_statements_covered_display": "100"}, "missing_lines": [], "excluded_lines": [235, 236]}, "": {"executed_lines": [1, 6, 7, 8, 9, 12, 13, 20, 62, 74, 82, 95, 113, 137, 158, 173, 188, 209, 224, 230, 234], "summary": {"covered_lines": 18, "num_statements": 18, "percent_covered": 100.0, "percent_covered_display": "100", "missing_lines": 0, "excluded_lines": 1, "percent_statements_covered": 100.0, "percent_statements_covered_display": "100"}, "missing_lines": [], "excluded_lines": [234]}}, "classes": {"Test": {"executed_lines": [47, 48, 50, 51, 52, 53, 54, 55, 56, 57, 58, 59, 60, 64, 65, 67, 68, 69, 71, 72, 76, 77, 79, 80, 89, 90, 92, 93, 105, 106, 108, 109, 110, 111, 123, 124, 126, 127, 129, 130, 131, 132, 133, 135, 147, 148, 150, 151, 153, 156, 165, 166, 168, 169, 171, 183, 184, 185, 186, 198, 199, 201, 202, 203, 204, 205, 207, 219, 220, 222, 226, 228, 232, 236], "summary": {"covered_lines": 73, "num_statements": 75, "percent_covered": 97.33333333333333, "percent_covered_display": "97", "missing_lines": 2, "excluded_lines": 2, "percent_statements_covered": 97.33333333333333, "percent_statements_covered_display": "97"}, "missing_lines": [154, 227], "excluded_lines": [235, 236]}, "": {"executed_lines": [1, 6, 7, 8, 9, 12, 13, 20, 62, 74, 82, 95, 113, 137, 158, 173, 188, 209, 224, 230, 234], "summary": {"covered_lines": 18, "num_statements": 18, "percent_covered": 100.0, "percent_covered_display": "100", "missing_lines": 0, "excluded_lines": 1, "percent_statements_covered": 100.0, "percent_statements_covered_display": "100"}, "missing_lines": [], "excluded_lines": [234]}}}, "backend/domain/entities/user.py": {"executed_lines": [1, 6, 7, 8, 9, 12, 13, 20, 51, 52, 53, 54, 55, 57, 58, 59, 60, 61, 62, 63, 64, 65, 66, 67, 69, 71, 72, 75, 76, 77, 79, 81, 82, 84, 85, 86, 88, 89, 91, 93, 94, 96, 98, 99, 101, 103, 104, 106, 108, 109, 111, 127, 128, 129, 131, 132, 133, 135, 136, 137, 139, 140, 142, 144, 152, 153, 154, 155, 157, 159, 160, 162, 164, 165, 167, 178, 179, 180, 182, 189, 191, 201, 202, 203, 205, 207, 210, 211, 212, 214, 216, 218, 220, 221], "summary": {"covered_lines": 89, "num_statements": 90, "percent_covered": 98.88888888888889, "percent_covered_display": "99", "missing_lines": 1, "excluded_lines": 4, "percent_statements_covered": 98.88888888888889, "percent_statements_covered_display": "99"}, "missing_lines": [208], "excluded_lines": [218, 219, 220, 221], "functions": {"User.__init__": {"executed_lines": [51, 52, 53, 54, 55, 57, 58, 59, 60, 61, 62, 63, 64, 65, 66, 67], "summary": {"covered_lines": 16, "num_statements": 16, "percent_covered": 100.0, "percent_covered_display": "100", "missing_lines": 0, "excluded_lines": 0, "percent_statements_covered": 100.0, "percent_statements_covered_display": "100"}, "missing_lines": [], "excluded_lines": []}, "User._validate_email": {"executed_lines": [71, 72, 75, 76, 77], "summary": {"covered_lines": 5, "num_statements": 5, "percent_covered": 100.0, "percent_covered_display": "100", "missing_lines": 0, "excluded_lines": 0, "percent_statements_covered": 100.0, "percent_statements_covered_display": "100"}, "missing_lines": [], "excluded_lines": []}, "User._validate_username": {"executed_lines": [81, 82, 84, 85, 86, 88, 89], "summary": {"covered_lines": 7, "num_statements": 7, "percent_covered": 100.0, "percent_covered_display": "100", "missing_lines": 0, "excluded_lines": 0, "percent_statements_covered": 100.0, "percent_statements_covered_display": "100"}, "missing_lines": [], "excluded_lines": []}, "User._validate_target_level": {"executed_lines": [93, 94], "summary": {"covered_lines": 2, "num_statements": 2, "percent_covered": 100.0, "percent_covered_display": "100", "missing_lines": 0, "excluded_lines": 0, "percent_statements_covered": 100.0, "percent_statements_covered_display": "100"}, "missing_lines": [], "excluded_lines": []}, "User._validate_total_tests_taken": {"executed_lines": [98, 99], "summary": {"covered_lines": 2, "num_statements": 2, "percent_covered": 100.0, "percent_covered_display": "100", "missing_lines": 0, "excluded_lines": 0, "percent_statements_covered": 100.0, "percent_statements_covered_display": "100"}, "missing_lines": [], "excluded_lines": []}, "User._validate_study_streak": {"executed_lines": [103, 104], "summary": {"covered_lines": 2, "num_statements": 2, "percent_covered": 100.0, "percent_covered_display": "100", "missing_lines": 0, "excluded_lines": 0, "percent_statements_covered": 100.0, "percent_statements_covered_display": "100"}, "missing_lines": [], "excluded_lines": []}, "User._validate_id": {"executed_lines": [108, 109], "summary": {"covered_lines": 2, "num_statements": 2, "percent_covered": 100.0, "percent_covered_display": "100", "missing_lines": 0, "excluded_lines": 0, "percent_statements_covered": 100.0, "percent_statements_covered_display": "100"}, "missing_lines": [], "excluded_lines": []}, "User.update_profile": {"executed_lines": [127, 128, 129, 131, 132, 133, 135, 136, 137, 139, 140, 142], "summary": {"covered_lines": 12, "num_statements": 12, "percent_covered": 100.0, "percent_covered_display": "100", "missing_lines": 0, "excluded_lines": 0, "percent_statements_covered": 100.0, "percent_statements_covered_display": "100"}, "missing_lines": [], "excluded_lines": []}, "User.update_learning_progress": {"executed_lines": [152, 153, 154, 155], "summary": {"covered_lines": 4, "num_statements": 4, "percent_covered": 100.0, "percent_covered_display": "100", "missing_lines": 0, "excluded_lines": 0, "percent_statements_covered": 100.0, "percent_statements_covered_display": "100"}, "missing_lines": [], "excluded_lines": []}, "User.increment_study_streak": {"executed_lines": [159, 160], "summary": {"covered_lines": 2, "num_statements": 2, "percent_covered": 100.0, "percent_covered_display": "100", "missing_lines": 0, "excluded_lines": 0, "percent_statements_covered": 100.0, "percent_statements_covered_display": "100"}, "missing_lines": [], "excluded_lines": []}, "User.reset_study_streak": {"executed_lines": [164, 165], "summary": {"covered_lines": 2, "num_statements": 2, "percent_covered": 100.0, "percent_covered_display": "100", "missing_lines": 0, "excluded_lines": 0, "percent_statements_covered": 100.0, "percent_statements_covered_display": "100"}, "missing_lines": [], "excluded_lines": []}, "User.can_take_test": {"executed_lines": [178, 179, 180], "summary": {"covered_lines": 3, "num_statements": 3, "percent_covered": 100.0, "percent_covered_display": "100", "missing_lines": 0, "excluded_lines": 0, "percent_statements_covered": 100.0, "percent_statements_covered_display": "100"}, "missing_lines": [], "excluded_lines": []}, "User.get_recommended_level": {"executed_lines": [189], "summary": {"covered_lines": 1, "num_statements": 1, "percent_covered": 100.0, "percent_covered_display": "100", "missing_lines": 0, "excluded_lines": 0, "percent_statements_covered": 100.0, "percent_statements_covered_display": "100"}, "missing_lines": [], "excluded_lines": []}, "User.is_level_up_candidate": {"executed_lines": [201, 202, 203], "summary": {"covered_lines": 3, "num_statements": 3, "percent_covered": 100.0, "percent_covered_display": "100", "missing_lines": 0, "excluded_lines": 0, "percent_statements_covered": 100.0, "percent_statements_covered_display": "100"}, "missing_lines": [], "excluded_lines": []}, "User.__eq__": {"executed_lines": [207, 210, 211, 212], "summary": {"covered_lines": 4, "num_statements": 5, "percent_covered": 80.0, "percent_covered_display": "80", "missing_lines": 1, "excluded_lines": 0, "percent_statements_covered": 80.0, "percent_statements_covered_display": "80"}, "missing_lines": [208], "excluded_lines": []}, "User.__hash__": {"executed_lines": [216], "summary": {"covered_lines": 1, "num_statements": 1, "percent_covered": 100.0, "percent_covered_display": "100", "missing_lines": 0, "excluded_lines": 0, "percent_statements_covered": 100.0, "percent_statements_covered_display": "100"}, "missing_lines": [], "excluded_lines": []}, "User.__repr__": {"executed_lines": [220, 221], "summary": {"covered_lines": 0, "num_statements": 0, "percent_covered": 100.0, "percent_covered_display": "100", "missing_lines": 0, "excluded_lines": 3, "percent_statements_covered": 100.0, "percent_statements_covered_display": "100"}, "missing_lines": [], "excluded_lines": [219, 220, 221]}, "": {"executed_lines": [1, 6, 7, 8, 9, 12, 13, 20, 69, 79, 91, 96, 101, 106, 111, 144, 157, 162, 167, 182, 191, 205, 214, 218], "summary": {"covered_lines": 21, "num_statements": 21, "percent_covered": 100.0, "percent_covered_display": "100", "missing_lines": 0, "excluded_lines": 1, "percent_statements_covered": 100.0, "percent_statements_covered_display": "100"}, "missing_lines": [], "excluded_lines": [218]}}, "classes": {"User": {"executed_lines": [51, 52, 53, 54, 55, 57, 58, 59, 60, 61, 62, 63, 64, 65, 66, 67, 71, 72, 75, 76, 77, 81, 82, 84, 85, 86, 88, 89, 93, 94, 98, 99, 103, 104, 108, 109, 127, 128, 129, 131, 132, 133, 135, 136, 137, 139, 140, 142, 152, 153, 154, 155, 159, 160, 164, 165, 178, 179, 180, 189, 201, 202, 203, 207, 210, 211, 212, 216, 220, 221], "summary": {"covered_lines": 68, "num_statements": 69, "percent_covered": 98.55072463768116, "percent_covered_display": "99", "missing_lines": 1, "excluded_lines": 3, "percent_statements_covered": 98.55072463768116, "percent_statements_covered_display": "99"}, "missing_lines": [208], "excluded_lines": [219, 220, 221]}, "": {"executed_lines": [1, 6, 7, 8, 9, 12, 13, 20, 69, 79, 91, 96, 101, 106, 111, 144, 157, 162, 167, 182, 191, 205, 214, 218], "summary": {"covered_lines": 21, "num_statements": 21, "percent_covered": 100.0, "percent_covered_display": "100", "missing_lines": 0, "excluded_lines": 1, "percent_statements_covered": 100.0, "percent_statements_covered_display": "100"}, "missing_lines": [], "excluded_lines": [218]}}}, "backend/domain/entities/user_performance.py": {"executed_lines": [1, 6, 7, 10, 11, 18, 51, 52, 53, 55, 56, 57, 58, 59, 60, 61, 62, 63, 64, 65, 67, 69, 70, 72, 74, 75, 77, 79, 82, 85, 86, 88, 106, 107, 109, 110, 112, 113, 115, 116, 118, 121, 123, 125, 127, 129, 131, 133, 135], "summary": {"covered_lines": 45, "num_statements": 49, "percent_covered": 91.83673469387755, "percent_covered_display": "92", "missing_lines": 4, "excluded_lines": 6, "percent_statements_covered": 91.83673469387755, "percent_statements_covered_display": "92"}, "missing_lines": [80, 83, 119, 126], "excluded_lines": [133, 134, 135, 136, 137, 138], "functions": {"UserPerformance.__init__": {"executed_lines": [51, 52, 53, 55, 56, 57, 58, 59, 60, 61, 62, 63, 64, 65], "summary": {"covered_lines": 14, "num_statements": 14, "percent_covered": 100.0, "percent_covered_display": "100", "missing_lines": 0, "excluded_lines": 0, "percent_statements_covered": 100.0, "percent_statements_covered_display": "100"}, "missing_lines": [], "excluded_lines": []}, "UserPerformance._validate_id": {"executed_lines": [69, 70], "summary": {"covered_lines": 2, "num_statements": 2, "percent_covered": 100.0, "percent_covered_display": "100", "missing_lines": 0, "excluded_lines": 0, "percent_statements_covered": 100.0, "percent_statements_covered_display": "100"}, "missing_lines": [], "excluded_lines": []}, "UserPerformance._validate_user_id": {"executed_lines": [74, 75], "summary": {"covered_lines": 2, "num_statements": 2, "percent_covered": 100.0, "percent_covered_display": "100", "missing_lines": 0, "excluded_lines": 0, "percent_statements_covered": 100.0, "percent_statements_covered_display": "100"}, "missing_lines": [], "excluded_lines": []}, "UserPerformance._validate_analysis_period": {"executed_lines": [79, 82, 85, 86], "summary": {"covered_lines": 4, "num_statements": 6, "percent_covered": 66.66666666666667, "percent_covered_display": "67", "missing_lines": 2, "excluded_lines": 0, "percent_statements_covered": 66.66666666666667, "percent_statements_covered_display": "67"}, "missing_lines": [80, 83], "excluded_lines": []}, "UserPerformance.update_performance_data": {"executed_lines": [106, 107, 109, 110, 112, 113, 115, 116, 118, 121], "summary": {"covered_lines": 10, "num_statements": 11, "percent_covered": 90.9090909090909, "percent_covered_display": "91", "missing_lines": 1, "excluded_lines": 0, "percent_statements_covered": 90.9090909090909, "percent_statements_covered_display": "91"}, "missing_lines": [119], "excluded_lines": []}, "UserPerformance.__eq__": {"executed_lines": [125, 127], "summary": {"covered_lines": 2, "num_statements": 3, "percent_covered": 66.66666666666667, "percent_covered_display": "67", "missing_lines": 1, "excluded_lines": 0, "percent_statements_covered": 66.66666666666667, "percent_statements_covered_display": "67"}, "missing_lines": [126], "excluded_lines": []}, "UserPerformance.__hash__": {"executed_lines": [131], "summary": {"covered_lines": 1, "num_statements": 1, "percent_covered": 100.0, "percent_covered_display": "100", "missing_lines": 0, "excluded_lines": 0, "percent_statements_covered": 100.0, "percent_statements_covered_display": "100"}, "missing_lines": [], "excluded_lines": []}, "UserPerformance.__repr__": {"executed_lines": [135], "summary": {"covered_lines": 0, "num_statements": 0, "percent_covered": 100.0, "percent_covered_display": "100", "missing_lines": 0, "excluded_lines": 5, "percent_statements_covered": 100.0, "percent_statements_covered_display": "100"}, "missing_lines": [], "excluded_lines": [134, 135, 136, 137, 138]}, "": {"executed_lines": [1, 6, 7, 10, 11, 18, 67, 72, 77, 88, 123, 129, 133], "summary": {"covered_lines": 10, "num_statements": 10, "percent_covered": 100.0, "percent_covered_display": "100", "missing_lines": 0, "excluded_lines": 1, "percent_statements_covered": 100.0, "percent_statements_covered_display": "100"}, "missing_lines": [], "excluded_lines": [133]}}, "classes": {"UserPerformance": {"executed_lines": [51, 52, 53, 55, 56, 57, 58, 59, 60, 61, 62, 63, 64, 65, 69, 70, 74, 75, 79, 82, 85, 86, 106, 107, 109, 110, 112, 113, 115, 116, 118, 121, 125, 127, 131, 135], "summary": {"covered_lines": 35, "num_statements": 39, "percent_covered": 89.74358974358974, "percent_covered_display": "90", "missing_lines": 4, "excluded_lines": 5, "percent_statements_covered": 89.74358974358974, "percent_statements_covered_display": "90"}, "missing_lines": [80, 83, 119, 126], "excluded_lines": [134, 135, 136, 137, 138]}, "": {"executed_lines": [1, 6, 7, 10, 11, 18, 67, 72, 77, 88, 123, 129, 133], "summary": {"covered_lines": 10, "num_statements": 10, "percent_covered": 100.0, "percent_covered_display": "100", "missing_lines": 0, "excluded_lines": 1, "percent_statements_covered": 100.0, "percent_statements_covered_display": "100"}, "missing_lines": [], "excluded_lines": [133]}}}, "backend/domain/services/__init__.py": {"executed_lines": [], "summary": {"covered_lines": 0, "num_statements": 0, "percent_covered": 100.0, "percent_covered_display": "100", "missing_lines": 0, "excluded_lines": 0, "percent_statements_covered": 100.0, "percent_statements_covered_display": "100"}, "missing_lines": [], "excluded_lines": [], "functions": {"": {"executed_lines": [], "summary": {"covered_lines": 0, "num_statements": 0, "percent_covered": 100.0, "percent_covered_display": "100", "missing_lines": 0, "excluded_lines": 0, "percent_statements_covered": 100.0, "percent_statements_covered_display": "100"}, "missing_lines": [], "excluded_lines": []}}, "classes": {"": {"executed_lines": [], "summary": {"covered_lines": 0, "num_statements": 0, "percent_covered": 100.0, "percent_covered_display": "100", "missing_lines": 0, "excluded_lines": 0, "percent_statements_covered": 100.0, "percent_statements_covered_display": "100"}, "missing_lines": [], "excluded_lines": []}}}, "backend/domain/value_objects/__init__.py": {"executed_lines": [0], "summary": {"covered_lines": 0, "num_statements": 0, "percent_covered": 100.0, "percent_covered_display": "100", "missing_lines": 0, "excluded_lines": 0, "percent_statements_covered": 100.0, "percent_statements_covered_display": "100"}, "missing_lines": [], "excluded_lines": [], "functions": {"": {"executed_lines": [], "summary": {"covered_lines": 0, "num_statements": 0, "percent_covered": 100.0, "percent_covered_display": "100", "missing_lines": 0, "excluded_lines": 0, "percent_statements_covered": 100.0, "percent_statements_covered_display": "100"}, "missing_lines": [], "excluded_lines": []}}, "classes": {"": {"executed_lines": [], "summary": {"covered_lines": 0, "num_statements": 0, "percent_covered": 100.0, "percent_covered_display": "100", "missing_lines": 0, "excluded_lines": 0, "percent_statements_covered": 100.0, "percent_statements_covered_display": "100"}, "missing_lines": [], "excluded_lines": []}}}, "backend/domain/value_objects/jlpt.py": {"executed_lines": [1, 6, 9, 10, 11, 12, 13, 14, 16, 20, 21, 22, 23, 24, 25, 26, 28, 29, 31, 33, 35, 36, 39, 40, 41, 42, 43, 44, 46, 47], "summary": {"covered_lines": 26, "num_statements": 28, "percent_covered": 92.85714285714286, "percent_covered_display": "93", "missing_lines": 2, "excluded_lines": 0, "percent_statements_covered": 92.85714285714286, "percent_statements_covered_display": "93"}, "missing_lines": [17, 34], "excluded_lines": [], "functions": {"TestStatus.__str__": {"executed_lines": [], "summary": {"covered_lines": 0, "num_statements": 1, "percent_covered": 0.0, "percent_covered_display": "0", "missing_lines": 1, "excluded_lines": 0, "percent_statements_covered": 0.0, "percent_statements_covered_display": "0"}, "missing_lines": [17], "excluded_lines": []}, "JLPTLevel.__str__": {"executed_lines": [29], "summary": {"covered_lines": 1, "num_statements": 1, "percent_covered": 100.0, "percent_covered_display": "100", "missing_lines": 0, "excluded_lines": 0, "percent_statements_covered": 100.0, "percent_statements_covered_display": "100"}, "missing_lines": [], "excluded_lines": []}, "JLPTLevel.__lt__": {"executed_lines": [33, 35, 36], "summary": {"covered_lines": 3, "num_statements": 4, "percent_covered": 75.0, "percent_covered_display": "75", "missing_lines": 1, "excluded_lines": 0, "percent_statements_covered": 75.0, "percent_statements_covered_display": "75"}, "missing_lines": [34], "excluded_lines": []}, "QuestionType.__str__": {"executed_lines": [47], "summary": {"covered_lines": 1, "num_statements": 1, "percent_covered": 100.0, "percent_covered_display": "100", "missing_lines": 0, "excluded_lines": 0, "percent_statements_covered": 100.0, "percent_statements_covered_display": "100"}, "missing_lines": [], "excluded_lines": []}, "": {"executed_lines": [1, 6, 9, 10, 11, 12, 13, 14, 16, 20, 21, 22, 23, 24, 25, 26, 28, 31, 39, 40, 41, 42, 43, 44, 46], "summary": {"covered_lines": 21, "num_statements": 21, "percent_covered": 100.0, "percent_covered_display": "100", "missing_lines": 0, "excluded_lines": 0, "percent_statements_covered": 100.0, "percent_statements_covered_display": "100"}, "missing_lines": [], "excluded_lines": []}}, "classes": {"TestStatus": {"executed_lines": [], "summary": {"covered_lines": 0, "num_statements": 1, "percent_covered": 0.0, "percent_covered_display": "0", "missing_lines": 1, "excluded_lines": 0, "percent_statements_covered": 0.0, "percent_statements_covered_display": "0"}, "missing_lines": [17], "excluded_lines": []}, "JLPTLevel": {"executed_lines": [29, 33, 35, 36], "summary": {"covered_lines": 4, "num_statements": 5, "percent_covered": 80.0, "percent_covered_display": "80", "missing_lines": 1, "excluded_lines": 0, "percent_statements_covered": 80.0, "percent_statements_covered_display": "80"}, "missing_lines": [34], "excluded_lines": []}, "QuestionType": {"executed_lines": [47], "summary": {"covered_lines": 1, "num_statements": 1, "percent_covered": 100.0, "percent_covered_display": "100", "missing_lines": 0, "excluded_lines": 0, "percent_statements_covered": 100.0, "percent_statements_covered_display": "100"}, "missing_lines": [], "excluded_lines": []}, "": {"executed_lines": [1, 6, 9, 10, 11, 12, 13, 14, 16, 20, 21, 22, 23, 24, 25, 26, 28, 31, 39, 40, 41, 42, 43, 44, 46], "summary": {"covered_lines": 21, "num_statements": 21, "percent_covered": 100.0, "percent_covered_display": "100", "missing_lines": 0, "excluded_lines": 0, "percent_statements_covered": 100.0, "percent_statements_covered_display": "100"}, "missing_lines": [], "excluded_lines": []}}}, "backend/infrastructure/__init__.py": {"executed_lines": [0], "summary": {"covered_lines": 0, "num_statements": 0, "percent_covered": 100.0, "percent_covered_display": "100", "missing_lines": 0, "excluded_lines": 0, "percent_statements_covered": 100.0, "percent_statements_covered_display": "100"}, "missing_lines": [], "excluded_lines": [], "functions": {"": {"executed_lines": [], "summary": {"covered_lines": 0, "num_statements": 0, "percent_covered": 100.0, "percent_covered_display": "100", "missing_lines": 0, "excluded_lines": 0, "percent_statements_covered": 100.0, "percent_statements_covered_display": "100"}, "missing_lines": [], "excluded_lines": []}}, "classes": {"": {"executed_lines": [], "summary": {"covered_lines": 0, "num_statements": 0, "percent_covered": 100.0, "percent_covered_display": "100", "missing_lines": 0, "excluded_lines": 0, "percent_statements_covered": 100.0, "percent_statements_covered_display": "100"}, "missing_lines": [], "excluded_lines": []}}}, "backend/infrastructure/adapters/__init__.py": {"executed_lines": [], "summary": {"covered_lines": 0, "num_statements": 0, "percent_covered": 100.0, "percent_covered_display": "100", "missing_lines": 0, "excluded_lines": 0, "percent_statements_covered": 100.0, "percent_statements_covered_display": "100"}, "missing_lines": [], "excluded_lines": [], "functions": {"": {"executed_lines": [], "summary": {"covered_lines": 0, "num_statements": 0, "percent_covered": 100.0, "percent_covered_display": "100", "missing_lines": 0, "excluded_lines": 0, "percent_statements_covered": 100.0, "percent_statements_covered_display": "100"}, "missing_lines": [], "excluded_lines": []}}, "classes": {"": {"executed_lines": [], "summary": {"covered_lines": 0, "num_statements": 0, "percent_covered": 100.0, "percent_covered_display": "100", "missing_lines": 0, "excluded_lines": 0, "percent_statements_covered": 100.0, "percent_statements_covered_display": "100"}, "missing_lines": [], "excluded_lines": []}}}, "backend/infrastructure/config/__init__.py": {"executed_lines": [0], "summary": {"covered_lines": 0, "num_statements": 0, "percent_covered": 100.0, "percent_covered_display": "100", "missing_lines": 0, "excluded_lines": 0, "percent_statements_covered": 100.0, "percent_statements_covered_display": "100"}, "missing_lines": [], "excluded_lines": [], "functions": {"": {"executed_lines": [], "summary": {"covered_lines": 0, "num_statements": 0, "percent_covered": 100.0, "percent_covered_display": "100", "missing_lines": 0, "excluded_lines": 0, "percent_statements_covered": 100.0, "percent_statements_covered_display": "100"}, "missing_lines": [], "excluded_lines": []}}, "classes": {"": {"executed_lines": [], "summary": {"covered_lines": 0, "num_statements": 0, "percent_covered": 100.0, "percent_covered_display": "100", "missing_lines": 0, "excluded_lines": 0, "percent_statements_covered": 100.0, "percent_statements_covered_display": "100"}, "missing_lines": [], "excluded_lines": []}}}, "backend/infrastructure/config/database.py": {"executed_lines": [1, 6, 7, 8, 9, 12, 13, 15, 16, 17, 18, 20, 22, 24, 25, 27, 28, 29, 30, 32, 34, 36, 38, 54, 69, 86, 101, 123, 137, 155, 174, 191, 195, 197, 200, 201, 202], "summary": {"covered_lines": 35, "num_statements": 35, "percent_covered": 100.0, "percent_covered_display": "100", "missing_lines": 0, "excluded_lines": 0, "percent_statements_covered": 100.0, "percent_statements_covered_display": "100"}, "missing_lines": [], "excluded_lines": [], "functions": {"Database.__init__": {"executed_lines": [16, 17, 18], "summary": {"covered_lines": 3, "num_statements": 3, "percent_covered": 100.0, "percent_covered_display": "100", "missing_lines": 0, "excluded_lines": 0, "percent_statements_covered": 100.0, "percent_statements_covered_display": "100"}, "missing_lines": [], "excluded_lines": []}, "Database._ensure_directory_exists": {"executed_lines": [22], "summary": {"covered_lines": 1, "num_statements": 1, "percent_covered": 100.0, "percent_covered_display": "100", "missing_lines": 0, "excluded_lines": 0, "percent_statements_covered": 100.0, "percent_statements_covered_display": "100"}, "missing_lines": [], "excluded_lines": []}, "Database.get_connection": {"executed_lines": [27, 28, 29, 30, 32], "summary": {"covered_lines": 5, "num_statements": 5, "percent_covered": 100.0, "percent_covered_display": "100", "missing_lines": 0, "excluded_lines": 0, "percent_statements_covered": 100.0, "percent_statements_covered_display": "100"}, "missing_lines": [], "excluded_lines": []}, "Database._create_tables": {"executed_lines": [36, 38, 54, 69, 86, 101, 123, 137, 155, 174, 191], "summary": {"covered_lines": 11, "num_statements": 11, "percent_covered": 100.0, "percent_covered_display": "100", "missing_lines": 0, "excluded_lines": 0, "percent_statements_covered": 100.0, "percent_statements_covered_display": "100"}, "missing_lines": [], "excluded_lines": []}, "get_database": {"executed_lines": [200, 201, 202], "summary": {"covered_lines": 3, "num_statements": 3, "percent_covered": 100.0, "percent_covered_display": "100", "missing_lines": 0, "excluded_lines": 0, "percent_statements_covered": 100.0, "percent_statements_covered_display": "100"}, "missing_lines": [], "excluded_lines": []}, "": {"executed_lines": [1, 6, 7, 8, 9, 12, 13, 15, 20, 24, 25, 34, 195, 197], "summary": {"covered_lines": 12, "num_statements": 12, "percent_covered": 100.0, "percent_covered_display": "100", "missing_lines": 0, "excluded_lines": 0, "percent_statements_covered": 100.0, "percent_statements_covered_display": "100"}, "missing_lines": [], "excluded_lines": []}}, "classes": {"Database": {"executed_lines": [16, 17, 18, 22, 27, 28, 29, 30, 32, 36, 38, 54, 69, 86, 101, 123, 137, 155, 174, 191], "summary": {"covered_lines": 20, "num_statements": 20, "percent_covered": 100.0, "percent_covered_display": "100", "missing_lines": 0, "excluded_lines": 0, "percent_statements_covered": 100.0, "percent_statements_covered_display": "100"}, "missing_lines": [], "excluded_lines": []}, "": {"executed_lines": [1, 6, 7, 8, 9, 12, 13, 15, 20, 24, 25, 34, 195, 197, 200, 201, 202], "summary": {"covered_lines": 15, "num_statements": 15, "percent_covered": 100.0, "percent_covered_display": "100", "missing_lines": 0, "excluded_lines": 0, "percent_statements_covered": 100.0, "percent_statements_covered_display": "100"}, "missing_lines": [], "excluded_lines": []}}}, "backend/infrastructure/repositories/__init__.py": {"executed_lines": [0], "summary": {"covered_lines": 0, "num_statements": 0, "percent_covered": 100.0, "percent_covered_display": "100", "missing_lines": 0, "excluded_lines": 0, "percent_statements_covered": 100.0, "percent_statements_covered_display": "100"}, "missing_lines": [], "excluded_lines": [], "functions": {"": {"executed_lines": [], "summary": {"covered_lines": 0, "num_statements": 0, "percent_covered": 100.0, "percent_covered_display": "100", "missing_lines": 0, "excluded_lines": 0, "percent_statements_covered": 100.0, "percent_statements_covered_display": "100"}, "missing_lines": [], "excluded_lines": []}}, "classes": {"": {"executed_lines": [], "summary": {"covered_lines": 0, "num_statements": 0, "percent_covered": 100.0, "percent_covered_display": "100", "missing_lines": 0, "excluded_lines": 0, "percent_statements_covered": 100.0, "percent_statements_covered_display": "100"}, "missing_lines": [], "excluded_lines": []}}}, "backend/infrastructure/repositories/answer_detail_mapper.py": {"executed_lines": [1, 5, 6, 7, 8, 9, 12, 13, 15, 16, 18, 19, 20, 21, 22, 27, 29, 42, 44, 45, 47, 58, 60, 61, 63, 65, 66], "summary": {"covered_lines": 25, "num_statements": 30, "percent_covered": 83.33333333333333, "percent_covered_display": "83", "missing_lines": 5, "excluded_lines": 0, "percent_statements_covered": 83.33333333333333, "percent_statements_covered_display": "83"}, "missing_lines": [23, 24, 64, 67, 68], "excluded_lines": [], "functions": {"AnswerDetailMapper.to_entity": {"executed_lines": [18, 19, 20, 21, 22, 27, 29, 42], "summary": {"covered_lines": 8, "num_statements": 10, "percent_covered": 80.0, "percent_covered_display": "80", "missing_lines": 2, "excluded_lines": 0, "percent_statements_covered": 80.0, "percent_statements_covered_display": "80"}, "missing_lines": [23, 24], "excluded_lines": []}, "AnswerDetailMapper.to_dict": {"executed_lines": [47, 58], "summary": {"covered_lines": 2, "num_statements": 2, "percent_covered": 100.0, "percent_covered_display": "100", "missing_lines": 0, "excluded_lines": 0, "percent_statements_covered": 100.0, "percent_statements_covered_display": "100"}, "missing_lines": [], "excluded_lines": []}, "AnswerDetailMapper._parse_datetime": {"executed_lines": [63, 65, 66], "summary": {"covered_lines": 3, "num_statements": 6, "percent_covered": 50.0, "percent_covered_display": "50", "missing_lines": 3, "excluded_lines": 0, "percent_statements_covered": 50.0, "percent_statements_covered_display": "50"}, "missing_lines": [64, 67, 68], "excluded_lines": []}, "": {"executed_lines": [1, 5, 6, 7, 8, 9, 12, 13, 15, 16, 44, 45, 60, 61], "summary": {"covered_lines": 12, "num_statements": 12, "percent_covered": 100.0, "percent_covered_display": "100", "missing_lines": 0, "excluded_lines": 0, "percent_statements_covered": 100.0, "percent_statements_covered_display": "100"}, "missing_lines": [], "excluded_lines": []}}, "classes": {"AnswerDetailMapper": {"executed_lines": [18, 19, 20, 21, 22, 27, 29, 42, 47, 58, 63, 65, 66], "summary": {"covered_lines": 13, "num_statements": 18, "percent_covered": 72.22222222222223, "percent_covered_display": "72", "missing_lines": 5, "excluded_lines": 0, "percent_statements_covered": 72.22222222222223, "percent_statements_covered_display": "72"}, "missing_lines": [23, 24, 64, 67, 68], "excluded_lines": []}, "": {"executed_lines": [1, 5, 6, 7, 8, 9, 12, 13, 15, 16, 44, 45, 60, 61], "summary": {"covered_lines": 12, "num_statements": 12, "percent_covered": 100.0, "percent_covered_display": "100", "missing_lines": 0, "excluded_lines": 0, "percent_statements_covered": 100.0, "percent_statements_covered_display": "100"}, "missing_lines": [], "excluded_lines": []}}}, "backend/infrastructure/repositories/answer_detail_repository.py": {"executed_lines": [1, 5, 6, 7, 8, 11, 12, 14, 15, 16, 18, 20, 21, 37, 39, 41, 42, 44, 46, 58, 61, 73, 74, 76, 78, 79, 80, 82, 83, 84, 86, 88, 89, 90, 92, 94, 96, 99, 100, 101, 103, 105, 106, 107, 109, 111, 112, 116, 118, 120, 122, 123, 127, 129], "summary": {"covered_lines": 52, "num_statements": 53, "percent_covered": 98.11320754716981, "percent_covered_display": "98", "missing_lines": 1, "excluded_lines": 0, "percent_statements_covered": 98.11320754716981, "percent_statements_covered_display": "98"}, "missing_lines": [97], "excluded_lines": [], "functions": {"SqliteAnswerDetailRepository.__init__": {"executed_lines": [15, 16], "summary": {"covered_lines": 2, "num_statements": 2, "percent_covered": 100.0, "percent_covered_display": "100", "missing_lines": 0, "excluded_lines": 0, "percent_statements_covered": 100.0, "percent_statements_covered_display": "100"}, "missing_lines": [], "excluded_lines": []}, "SqliteAnswerDetailRepository._ensure_table_exists": {"executed_lines": [20, 21, 37], "summary": {"covered_lines": 3, "num_statements": 3, "percent_covered": 100.0, "percent_covered_display": "100", "missing_lines": 0, "excluded_lines": 0, "percent_statements_covered": 100.0, "percent_statements_covered_display": "100"}, "missing_lines": [], "excluded_lines": []}, "SqliteAnswerDetailRepository.save": {"executed_lines": [41, 42, 44, 46, 58, 61, 73, 74], "summary": {"covered_lines": 8, "num_statements": 8, "percent_covered": 100.0, "percent_covered_display": "100", "missing_lines": 0, "excluded_lines": 0, "percent_statements_covered": 100.0, "percent_statements_covered_display": "100"}, "missing_lines": [], "excluded_lines": []}, "SqliteAnswerDetailRepository.find_by_id": {"executed_lines": [78, 79, 80, 82, 83, 84], "summary": {"covered_lines": 6, "num_statements": 6, "percent_covered": 100.0, "percent_covered_display": "100", "missing_lines": 0, "excluded_lines": 0, "percent_statements_covered": 100.0, "percent_statements_covered_display": "100"}, "missing_lines": [], "excluded_lines": []}, "SqliteAnswerDetailRepository.find_all": {"executed_lines": [88, 89, 90, 92], "summary": {"covered_lines": 4, "num_statements": 4, "percent_covered": 100.0, "percent_covered_display": "100", "missing_lines": 0, "excluded_lines": 0, "percent_statements_covered": 100.0, "percent_statements_covered_display": "100"}, "missing_lines": [], "excluded_lines": []}, "SqliteAnswerDetailRepository.delete": {"executed_lines": [96, 99, 100, 101], "summary": {"covered_lines": 4, "num_statements": 5, "percent_covered": 80.0, "percent_covered_display": "80", "missing_lines": 1, "excluded_lines": 0, "percent_statements_covered": 80.0, "percent_statements_covered_display": "80"}, "missing_lines": [97], "excluded_lines": []}, "SqliteAnswerDetailRepository.exists_by_id": {"executed_lines": [105, 106, 107], "summary": {"covered_lines": 3, "num_statements": 3, "percent_covered": 100.0, "percent_covered_display": "100", "missing_lines": 0, "excluded_lines": 0, "percent_statements_covered": 100.0, "percent_statements_covered_display": "100"}, "missing_lines": [], "excluded_lines": []}, "SqliteAnswerDetailRepository.find_by_result_id": {"executed_lines": [111, 112, 116, 118], "summary": {"covered_lines": 4, "num_statements": 4, "percent_covered": 100.0, "percent_covered_display": "100", "missing_lines": 0, "excluded_lines": 0, "percent_statements_covered": 100.0, "percent_statements_covered_display": "100"}, "missing_lines": [], "excluded_lines": []}, "SqliteAnswerDetailRepository.find_by_question_id": {"executed_lines": [122, 123, 127, 129], "summary": {"covered_lines": 4, "num_statements": 4, "percent_covered": 100.0, "percent_covered_display": "100", "missing_lines": 0, "excluded_lines": 0, "percent_statements_covered": 100.0, "percent_statements_covered_display": "100"}, "missing_lines": [], "excluded_lines": []}, "": {"executed_lines": [1, 5, 6, 7, 8, 11, 12, 14, 18, 39, 76, 86, 94, 103, 109, 120], "summary": {"covered_lines": 14, "num_statements": 14, "percent_covered": 100.0, "percent_covered_display": "100", "missing_lines": 0, "excluded_lines": 0, "percent_statements_covered": 100.0, "percent_statements_covered_display": "100"}, "missing_lines": [], "excluded_lines": []}}, "classes": {"SqliteAnswerDetailRepository": {"executed_lines": [15, 16, 20, 21, 37, 41, 42, 44, 46, 58, 61, 73, 74, 78, 79, 80, 82, 83, 84, 88, 89, 90, 92, 96, 99, 100, 101, 105, 106, 107, 111, 112, 116, 118, 122, 123, 127, 129], "summary": {"covered_lines": 38, "num_statements": 39, "percent_covered": 97.43589743589743, "percent_covered_display": "97", "missing_lines": 1, "excluded_lines": 0, "percent_statements_covered": 97.43589743589743, "percent_statements_covered_display": "97"}, "missing_lines": [97], "excluded_lines": []}, "": {"executed_lines": [1, 5, 6, 7, 8, 11, 12, 14, 18, 39, 76, 86, 94, 103, 109, 120], "summary": {"covered_lines": 14, "num_statements": 14, "percent_covered": 100.0, "percent_covered_display": "100", "missing_lines": 0, "excluded_lines": 0, "percent_statements_covered": 100.0, "percent_statements_covered_display": "100"}, "missing_lines": [], "excluded_lines": []}}}, "backend/infrastructure/repositories/learning_history_mapper.py": {"executed_lines": [1, 5, 6, 7, 8, 11, 12, 14, 15, 17, 18, 19, 20, 21, 26, 27, 28, 29, 30, 34, 47, 49, 50, 52, 63, 65, 66, 68, 70, 71, 75, 76, 78, 80, 81], "summary": {"covered_lines": 33, "num_statements": 43, "percent_covered": 76.74418604651163, "percent_covered_display": "77", "missing_lines": 10, "excluded_lines": 0, "percent_statements_covered": 76.74418604651163, "percent_statements_covered_display": "77"}, "missing_lines": [22, 23, 31, 32, 69, 72, 73, 79, 82, 83], "excluded_lines": [], "functions": {"LearningHistoryMapper.to_entity": {"executed_lines": [17, 18, 19, 20, 21, 26, 27, 28, 29, 30, 34, 47], "summary": {"covered_lines": 12, "num_statements": 16, "percent_covered": 75.0, "percent_covered_display": "75", "missing_lines": 4, "excluded_lines": 0, "percent_statements_covered": 75.0, "percent_statements_covered_display": "75"}, "missing_lines": [22, 23, 31, 32], "excluded_lines": []}, "LearningHistoryMapper.to_dict": {"executed_lines": [52, 63], "summary": {"covered_lines": 2, "num_statements": 2, "percent_covered": 100.0, "percent_covered_display": "100", "missing_lines": 0, "excluded_lines": 0, "percent_statements_covered": 100.0, "percent_statements_covered_display": "100"}, "missing_lines": [], "excluded_lines": []}, "LearningHistoryMapper._parse_datetime": {"executed_lines": [68, 70, 71], "summary": {"covered_lines": 3, "num_statements": 6, "percent_covered": 50.0, "percent_covered_display": "50", "missing_lines": 3, "excluded_lines": 0, "percent_statements_covered": 50.0, "percent_statements_covered_display": "50"}, "missing_lines": [69, 72, 73], "excluded_lines": []}, "LearningHistoryMapper._parse_date": {"executed_lines": [78, 80, 81], "summary": {"covered_lines": 3, "num_statements": 6, "percent_covered": 50.0, "percent_covered_display": "50", "missing_lines": 3, "excluded_lines": 0, "percent_statements_covered": 50.0, "percent_statements_covered_display": "50"}, "missing_lines": [79, 82, 83], "excluded_lines": []}, "": {"executed_lines": [1, 5, 6, 7, 8, 11, 12, 14, 15, 49, 50, 65, 66, 75, 76], "summary": {"covered_lines": 13, "num_statements": 13, "percent_covered": 100.0, "percent_covered_display": "100", "missing_lines": 0, "excluded_lines": 0, "percent_statements_covered": 100.0, "percent_statements_covered_display": "100"}, "missing_lines": [], "excluded_lines": []}}, "classes": {"LearningHistoryMapper": {"executed_lines": [17, 18, 19, 20, 21, 26, 27, 28, 29, 30, 34, 47, 52, 63, 68, 70, 71, 78, 80, 81], "summary": {"covered_lines": 20, "num_statements": 30, "percent_covered": 66.66666666666667, "percent_covered_display": "67", "missing_lines": 10, "excluded_lines": 0, "percent_statements_covered": 66.66666666666667, "percent_statements_covered_display": "67"}, "missing_lines": [22, 23, 31, 32, 69, 72, 73, 79, 82, 83], "excluded_lines": []}, "": {"executed_lines": [1, 5, 6, 7, 8, 11, 12, 14, 15, 49, 50, 65, 66, 75, 76], "summary": {"covered_lines": 13, "num_statements": 13, "percent_covered": 100.0, "percent_covered_display": "100", "missing_lines": 0, "excluded_lines": 0, "percent_statements_covered": 100.0, "percent_statements_covered_display": "100"}, "missing_lines": [], "excluded_lines": []}}}, "backend/infrastructure/repositories/learning_history_repository.py": {"executed_lines": [1, 5, 6, 7, 8, 9, 12, 13, 15, 16, 17, 19, 21, 22, 39, 41, 43, 44, 46, 48, 60, 63, 75, 76, 78, 80, 81, 82, 84, 85, 86, 88, 90, 91, 92, 94, 96, 98, 101, 102, 103, 105, 107, 108, 109, 111, 113, 114, 118, 120, 122, 124, 125, 129, 131], "summary": {"covered_lines": 53, "num_statements": 54, "percent_covered": 98.14814814814815, "percent_covered_display": "98", "missing_lines": 1, "excluded_lines": 0, "percent_statements_covered": 98.14814814814815, "percent_statements_covered_display"
[...]
ered": 100.0, "percent_statements_covered_display": "100"}, "missing_lines": [], "excluded_lines": []}, "get_result": {"executed_lines": [87, 88, 90, 91, 93], "summary": {"covered_lines": 5, "num_statements": 5, "percent_covered": 100.0, "percent_covered_display": "100", "missing_lines": 0, "excluded_lines": 0, "percent_statements_covered": 100.0, "percent_statements_covered_display": "100"}, "missing_lines": [], "excluded_lines": []}, "get_recent_results_by_user": {"executed_lines": [119, 120, 122], "summary": {"covered_lines": 3, "num_statements": 3, "percent_covered": 100.0, "percent_covered_display": "100", "missing_lines": 0, "excluded_lines": 0, "percent_statements_covered": 100.0, "percent_statements_covered_display": "100"}, "missing_lines": [], "excluded_lines": []}, "get_user_average_score": {"executed_lines": [140, 141, 143], "summary": {"covered_lines": 3, "num_statements": 3, "percent_covered": 100.0, "percent_covered_display": "100", "missing_lines": 0, "excluded_lines": 0, "percent_statements_covered": 100.0, "percent_statements_covered_display": "100"}, "missing_lines": [], "excluded_lines": []}, "get_result_analysis_report": {"executed_lines": [161, 162, 164, 168, 169], "summary": {"covered_lines": 5, "num_statements": 6, "percent_covered": 83.33333333333333, "percent_covered_display": "83", "missing_lines": 1, "excluded_lines": 0, "percent_statements_covered": 83.33333333333333, "percent_statements_covered_display": "83"}, "missing_lines": [165], "excluded_lines": []}, "_generate_analysis_report": {"executed_lines": [174, 189, 190, 191, 192, 200, 201, 202, 204, 205, 206, 211, 212, 217, 225, 226, 227, 246, 247, 254, 256], "summary": {"covered_lines": 21, "num_statements": 24, "percent_covered": 87.5, "percent_covered_display": "88", "missing_lines": 3, "excluded_lines": 0, "percent_statements_covered": 87.5, "percent_statements_covered_display": "88"}, "missing_lines": [232, 233, 239], "excluded_lines": []}, "": {"executed_lines": [1, 5, 6, 7, 8, 10, 11, 12, 13, 15, 18, 19, 20, 21, 22, 23, 24, 25, 26, 27, 28, 29, 30, 31, 32, 33, 34, 35, 37, 38, 39, 40, 41, 42, 43, 44, 45, 46, 49, 54, 55, 84, 85, 113, 114, 137, 138, 149, 150, 171], "summary": {"covered_lines": 49, "num_statements": 49, "percent_covered": 100.0, "percent_covered_display": "100", "missing_lines": 0, "excluded_lines": 0, "percent_statements_covered": 100.0, "percent_statements_covered_display": "100"}, "missing_lines": [], "excluded_lines": []}}, "classes": {"ResultResponse": {"executed_lines": [], "summary": {"covered_lines": 0, "num_statements": 0, "percent_covered": 100.0, "percent_covered_display": "100", "missing_lines": 0, "excluded_lines": 0, "percent_statements_covered": 100.0, "percent_statements_covered_display": "100"}, "missing_lines": [], "excluded_lines": []}, "ResultListResponse": {"executed_lines": [], "summary": {"covered_lines": 0, "num_statements": 0, "percent_covered": 100.0, "percent_covered_display": "100", "missing_lines": 0, "excluded_lines": 0, "percent_statements_covered": 100.0, "percent_statements_covered_display": "100"}, "missing_lines": [], "excluded_lines": []}, "": {"executed_lines": [1, 5, 6, 7, 8, 10, 11, 12, 13, 15, 18, 19, 20, 21, 22, 23, 24, 25, 26, 27, 28, 29, 30, 31, 32, 33, 34, 35, 37, 38, 39, 40, 41, 42, 43, 44, 45, 46, 49, 51, 52, 54, 55, 60, 62, 63, 64, 65, 67, 69, 84, 85, 87, 88, 90, 91, 93, 113, 114, 119, 120, 122, 137, 138, 140, 141, 143, 149, 150, 161, 162, 164, 168, 169, 171, 174, 189, 190, 191, 192, 200, 201, 202, 204, 205, 206, 211, 212, 217, 225, 226, 227, 246, 247, 254, 256], "summary": {"covered_lines": 95, "num_statements": 99, "percent_covered": 95.95959595959596, "percent_covered_display": "96", "missing_lines": 4, "excluded_lines": 0, "percent_statements_covered": 95.95959595959596, "percent_statements_covered_display": "96"}, "missing_lines": [165, 232, 233, 239], "excluded_lines": []}}}, "backend/presentation/controllers/tests.py": {"executed_lines": [1, 5, 6, 7, 8, 10, 11, 12, 13, 14, 15, 16, 18, 21, 22, 23, 24, 25, 26, 28, 29, 31, 32, 34, 35, 36, 37, 38, 39, 40, 42, 43, 44, 45, 46, 47, 48, 49, 50, 52, 53, 54, 55, 56, 57, 58, 61, 63, 64, 66, 68, 69, 71, 72, 74, 76, 79, 81, 93, 94, 96, 97, 99, 100, 102, 123, 124, 133, 134, 137, 139, 140, 146, 154, 156, 177, 178, 180, 181, 184, 185, 189, 191, 199, 207, 209, 230, 231, 237, 238, 240, 243, 244, 245, 249, 270, 271, 277, 278, 279, 281, 282, 283, 284, 286, 287, 290, 292, 294, 295, 298, 299, 300, 303, 304, 305, 306, 307, 309, 310, 311, 312, 315, 316, 317, 322, 335, 338, 339, 340, 341, 342, 343, 344, 346, 347, 348, 351, 352, 353, 355, 356, 357, 359, 370, 373, 374, 375, 377, 388, 391, 392, 395, 396, 397, 398, 399, 400, 402, 404, 418, 421, 422, 423, 424, 425, 428, 431, 432, 433, 434, 436, 437, 439, 440, 441, 444, 447, 448, 449, 450, 456, 459, 460, 461, 462, 463, 466, 472, 475, 476, 478], "summary": {"covered_lines": 191, "num_statements": 205, "percent_covered": 93.17073170731707, "percent_covered_display": "93", "missing_lines": 14, "excluded_lines": 0, "percent_statements_covered": 93.17073170731707, "percent_statements_covered_display": "93"}, "missing_lines": [77, 192, 193, 241, 246, 247, 288, 319, 419, 429, 445, 457, 497, 498], "excluded_lines": [], "functions": {"get_test_repository": {"executed_lines": [63, 64], "summary": {"covered_lines": 2, "num_statements": 2, "percent_covered": 100.0, "percent_covered_display": "100", "missing_lines": 0, "excluded_lines": 0, "percent_statements_covered": 100.0, "percent_statements_covered_display": "100"}, "missing_lines": [], "excluded_lines": []}, "get_question_repository": {"executed_lines": [68, 69], "summary": {"covered_lines": 2, "num_statements": 2, "percent_covered": 100.0, "percent_covered_display": "100", "missing_lines": 0, "excluded_lines": 0, "percent_statements_covered": 100.0, "percent_statements_covered_display": "100"}, "missing_lines": [], "excluded_lines": []}, "get_tests": {"executed_lines": [74, 76, 79, 81], "summary": {"covered_lines": 4, "num_statements": 5, "percent_covered": 80.0, "percent_covered_display": "80", "missing_lines": 1, "excluded_lines": 0, "percent_statements_covered": 80.0, "percent_statements_covered_display": "80"}, "missing_lines": [77], "excluded_lines": []}, "get_test": {"executed_lines": [96, 97, 99, 100, 102], "summary": {"covered_lines": 5, "num_statements": 5, "percent_covered": 100.0, "percent_covered_display": "100", "missing_lines": 0, "excluded_lines": 0, "percent_statements_covered": 100.0, "percent_statements_covered_display": "100"}, "missing_lines": [], "excluded_lines": []}, "create_n5_diagnostic_test": {"executed_lines": [133, 134, 137, 139, 140, 146, 154, 156], "summary": {"covered_lines": 8, "num_statements": 8, "percent_covered": 100.0, "percent_covered_display": "100", "missing_lines": 0, "excluded_lines": 0, "percent_statements_covered": 100.0, "percent_statements_covered_display": "100"}, "missing_lines": [], "excluded_lines": []}, "create_test": {"executed_lines": [180, 181, 184, 185, 189, 191, 199, 207, 209], "summary": {"covered_lines": 9, "num_statements": 11, "percent_covered": 81.81818181818181, "percent_covered_display": "82", "missing_lines": 2, "excluded_lines": 0, "percent_statements_covered": 81.81818181818181, "percent_statements_covered_display": "82"}, "missing_lines": [192, 193], "excluded_lines": []}, "start_test": {"executed_lines": [237, 238, 240, 243, 244, 245, 249], "summary": {"covered_lines": 7, "num_statements": 10, "percent_covered": 70.0, "percent_covered_display": "70", "missing_lines": 3, "excluded_lines": 0, "percent_statements_covered": 70.0, "percent_statements_covered_display": "70"}, "missing_lines": [241, 246, 247], "excluded_lines": []}, "submit_test": {"executed_lines": [277, 278, 279, 281, 282, 283, 284, 286, 287, 290, 292, 294, 295, 298, 299, 300, 303, 304, 305, 306, 307, 309, 310, 311, 312, 315, 316, 317, 322, 335, 338, 339, 340, 341, 342, 343, 344, 346, 347, 348, 351, 352, 353, 355, 356, 357, 359, 370, 373, 374, 375, 377, 388, 391, 392, 395, 396, 397, 398, 399, 400, 402, 404, 418, 421, 422, 423, 424, 425, 428, 431, 432, 433, 434, 436, 437, 439, 440, 441, 444, 447, 448, 449, 450, 456, 459, 460, 461, 462, 463, 466, 472, 475, 476, 478], "summary": {"covered_lines": 95, "num_statements": 103, "percent_covered": 92.23300970873787, "percent_covered_display": "92", "missing_lines": 8, "excluded_lines": 0, "percent_statements_covered": 92.23300970873787, "percent_statements_covered_display": "92"}, "missing_lines": [288, 319, 419, 429, 445, 457, 497, 498], "excluded_lines": []}, "": {"executed_lines": [1, 5, 6, 7, 8, 10, 11, 12, 13, 14, 15, 16, 18, 21, 22, 23, 24, 25, 26, 28, 29, 31, 32, 34, 35, 36, 37, 38, 39, 40, 42, 43, 44, 45, 46, 47, 48, 49, 50, 52, 53, 54, 55, 56, 57, 58, 61, 66, 71, 72, 93, 94, 123, 124, 177, 178, 230, 231, 270, 271], "summary": {"covered_lines": 59, "num_statements": 59, "percent_covered": 100.0, "percent_covered_display": "100", "missing_lines": 0, "excluded_lines": 0, "percent_statements_covered": 100.0, "percent_statements_covered_display": "100"}, "missing_lines": [], "excluded_lines": []}}, "classes": {"TestCreateRequest": {"executed_lines": [], "summary": {"covered_lines": 0, "num_statements": 0, "percent_covered": 100.0, "percent_covered_display": "100", "missing_lines": 0, "excluded_lines": 0, "percent_statements_covered": 100.0, "percent_statements_covered_display": "100"}, "missing_lines": [], "excluded_lines": []}, "TestStartRequest": {"executed_lines": [], "summary": {"covered_lines": 0, "num_statements": 0, "percent_covered": 100.0, "percent_covered_display": "100", "missing_lines": 0, "excluded_lines": 0, "percent_statements_covered": 100.0, "percent_statements_covered_display": "100"}, "missing_lines": [], "excluded_lines": []}, "TestSubmitRequest": {"executed_lines": [], "summary": {"covered_lines": 0, "num_statements": 0, "percent_covered": 100.0, "percent_covered_display": "100", "missing_lines": 0, "excluded_lines": 0, "percent_statements_covered": 100.0, "percent_statements_covered_display": "100"}, "missing_lines": [], "excluded_lines": []}, "QuestionResponse": {"executed_lines": [], "summary": {"covered_lines": 0, "num_statements": 0, "percent_covered": 100.0, "percent_covered_display": "100", "missing_lines": 0, "excluded_lines": 0, "percent_statements_covered": 100.0, "percent_statements_covered_display": "100"}, "missing_lines": [], "excluded_lines": []}, "TestResponse": {"executed_lines": [], "summary": {"covered_lines": 0, "num_statements": 0, "percent_covered": 100.0, "percent_covered_display": "100", "missing_lines": 0, "excluded_lines": 0, "percent_statements_covered": 100.0, "percent_statements_covered_display": "100"}, "missing_lines": [], "excluded_lines": []}, "TestListResponse": {"executed_lines": [], "summary": {"covered_lines": 0, "num_statements": 0, "percent_covered": 100.0, "percent_covered_display": "100", "missing_lines": 0, "excluded_lines": 0, "percent_statements_covered": 100.0, "percent_statements_covered_display": "100"}, "missing_lines": [], "excluded_lines": []}, "": {"executed_lines": [1, 5, 6, 7, 8, 10, 11, 12, 13, 14, 15, 16, 18, 21, 22, 23, 24, 25, 26, 28, 29, 31, 32, 34, 35, 36, 37, 38, 39, 40, 42, 43, 44, 45, 46, 47, 48, 49, 50, 52, 53, 54, 55, 56, 57, 58, 61, 63, 64, 66, 68, 69, 71, 72, 74, 76, 79, 81, 93, 94, 96, 97, 99, 100, 102, 123, 124, 133, 134, 137, 139, 140, 146, 154, 156, 177, 178, 180, 181, 184, 185, 189, 191, 199, 207, 209, 230, 231, 237, 238, 240, 243, 244, 245, 249, 270, 271, 277, 278, 279, 281, 282, 283, 284, 286, 287, 290, 292, 294, 295, 298, 299, 300, 303, 304, 305, 306, 307, 309, 310, 311, 312, 315, 316, 317, 322, 335, 338, 339, 340, 341, 342, 343, 344, 346, 347, 348, 351, 352, 353, 355, 356, 357, 359, 370, 373, 374, 375, 377, 388, 391, 392, 395, 396, 397, 398, 399, 400, 402, 404, 418, 421, 422, 423, 424, 425, 428, 431, 432, 433, 434, 436, 437, 439, 440, 441, 444, 447, 448, 449, 450, 456, 459, 460, 461, 462, 463, 466, 472, 475, 476, 478], "summary": {"covered_lines": 191, "num_statements": 205, "percent_covered": 93.17073170731707, "percent_covered_display": "93", "missing_lines": 14, "excluded_lines": 0, "percent_statements_covered": 93.17073170731707, "percent_statements_covered_display": "93"}, "missing_lines": [77, 192, 193, 241, 246, 247, 288, 319, 419, 429, 445, 457, 497, 498], "excluded_lines": []}}}, "backend/presentation/controllers/users.py": {"executed_lines": [1, 5, 6, 7, 9, 10, 11, 12, 13, 15, 18, 19, 20, 21, 23, 24, 25, 27, 28, 29, 30, 31, 32, 33, 34, 37, 39, 40, 42, 43, 45, 47, 48, 51, 52, 54, 57, 58, 61, 65, 72, 74, 88, 89, 91, 105, 106, 140, 141, 143, 145, 146, 148, 150, 151, 153], "summary": {"covered_lines": 55, "num_statements": 65, "percent_covered": 84.61538461538461, "percent_covered_display": "85", "missing_lines": 10, "excluded_lines": 0, "percent_statements_covered": 84.61538461538461, "percent_statements_covered_display": "85"}, "missing_lines": [62, 111, 114, 116, 117, 118, 120, 121, 124, 126], "excluded_lines": [], "functions": {"get_user_repository": {"executed_lines": [39, 40], "summary": {"covered_lines": 2, "num_statements": 2, "percent_covered": 100.0, "percent_covered_display": "100", "missing_lines": 0, "excluded_lines": 0, "percent_statements_covered": 100.0, "percent_statements_covered_display": "100"}, "missing_lines": [], "excluded_lines": []}, "get_users": {"executed_lines": [45], "summary": {"covered_lines": 1, "num_statements": 1, "percent_covered": 100.0, "percent_covered_display": "100", "missing_lines": 0, "excluded_lines": 0, "percent_statements_covered": 100.0, "percent_statements_covered_display": "100"}, "missing_lines": [], "excluded_lines": []}, "create_user": {"executed_lines": [51, 52, 54, 57, 58, 61, 65, 72, 74], "summary": {"covered_lines": 9, "num_statements": 10, "percent_covered": 90.0, "percent_covered_display": "90", "missing_lines": 1, "excluded_lines": 0, "percent_statements_covered": 90.0, "percent_statements_covered_display": "90"}, "missing_lines": [62], "excluded_lines": []}, "get_current_user_info": {"executed_lines": [91], "summary": {"covered_lines": 1, "num_statements": 1, "percent_covered": 100.0, "percent_covered_display": "100", "missing_lines": 0, "excluded_lines": 0, "percent_statements_covered": 100.0, "percent_statements_covered_display": "100"}, "missing_lines": [], "excluded_lines": []}, "update_current_user_info": {"executed_lines": [], "summary": {"covered_lines": 0, "num_statements": 9, "percent_covered": 0.0, "percent_covered_display": "0", "missing_lines": 9, "excluded_lines": 0, "percent_statements_covered": 0.0, "percent_statements_covered_display": "0"}, "missing_lines": [111, 114, 116, 117, 118, 120, 121, 124, 126], "excluded_lines": []}, "get_user": {"executed_lines": [143], "summary": {"covered_lines": 1, "num_statements": 1, "percent_covered": 100.0, "percent_covered_display": "100", "missing_lines": 0, "excluded_lines": 0, "percent_statements_covered": 100.0, "percent_statements_covered_display": "100"}, "missing_lines": [], "excluded_lines": []}, "update_user": {"executed_lines": [148], "summary": {"covered_lines": 1, "num_statements": 1, "percent_covered": 100.0, "percent_covered_display": "100", "missing_lines": 0, "excluded_lines": 0, "percent_statements_covered": 100.0, "percent_statements_covered_display": "100"}, "missing_lines": [], "excluded_lines": []}, "delete_user": {"executed_lines": [153], "summary": {"covered_lines": 1, "num_statements": 1, "percent_covered": 100.0, "percent_covered_display": "100", "missing_lines": 0, "excluded_lines": 0, "percent_statements_covered": 100.0, "percent_statements_covered_display": "100"}, "missing_lines": [], "excluded_lines": []}, "": {"executed_lines": [1, 5, 6, 7, 9, 10, 11, 12, 13, 15, 18, 19, 20, 21, 23, 24, 25, 27, 28, 29, 30, 31, 32, 33, 34, 37, 42, 43, 47, 48, 88, 89, 105, 106, 140, 141, 145, 146, 150, 151], "summary": {"covered_lines": 39, "num_statements": 39, "percent_covered": 100.0, "percent_covered_display": "100", "missing_lines": 0, "excluded_lines": 0, "percent_statements_covered": 100.0, "percent_statements_covered_display": "100"}, "missing_lines": [], "excluded_lines": []}}, "classes": {"UserCreateRequest": {"executed_lines": [], "summary": {"covered_lines": 0, "num_statements": 0, "percent_covered": 100.0, "percent_covered_display": "100", "missing_lines": 0, "excluded_lines": 0, "percent_statements_covered": 100.0, "percent_statements_covered_display": "100"}, "missing_lines": [], "excluded_lines": []}, "UserUpdateRequest": {"executed_lines": [], "summary": {"covered_lines": 0, "num_statements": 0, "percent_covered": 100.0, "percent_covered_display": "100", "missing_lines": 0, "excluded_lines": 0, "percent_statements_covered": 100.0, "percent_statements_covered_display": "100"}, "missing_lines": [], "excluded_lines": []}, "UserResponse": {"executed_lines": [], "summary": {"covered_lines": 0, "num_statements": 0, "percent_covered": 100.0, "percent_covered_display": "100", "missing_lines": 0, "excluded_lines": 0, "percent_statements_covered": 100.0, "percent_statements_covered_display": "100"}, "missing_lines": [], "excluded_lines": []}, "": {"executed_lines": [1, 5, 6, 7, 9, 10, 11, 12, 13, 15, 18, 19, 20, 21, 23, 24, 25, 27, 28, 29, 30, 31, 32, 33, 34, 37, 39, 40, 42, 43, 45, 47, 48, 51, 52, 54, 57, 58, 61, 65, 72, 74, 88, 89, 91, 105, 106, 140, 141, 143, 145, 146, 148, 150, 151, 153], "summary": {"covered_lines": 55, "num_statements": 65, "percent_covered": 84.61538461538461, "percent_covered_display": "85", "missing_lines": 10, "excluded_lines": 0, "percent_statements_covered": 84.61538461538461, "percent_statements_covered_display": "85"}, "missing_lines": [62, 111, 114, 116, 117, 118, 120, 121, 124, 126], "excluded_lines": []}}}, "backend/presentation/dto/__init__.py": {"executed_lines": [], "summary": {"covered_lines": 0, "num_statements": 0, "percent_covered": 100.0, "percent_covered_display": "100", "missing_lines": 0, "excluded_lines": 0, "percent_statements_covered": 100.0, "percent_statements_covered_display": "100"}, "missing_lines": [], "excluded_lines": [], "functions": {"": {"executed_lines": [], "summary": {"covered_lines": 0, "num_statements": 0, "percent_covered": 100.0, "percent_covered_display": "100", "missing_lines": 0, "excluded_lines": 0, "percent_statements_covered": 100.0, "percent_statements_covered_display": "100"}, "missing_lines": [], "excluded_lines": []}}, "classes": {"": {"executed_lines": [], "summary": {"covered_lines": 0, "num_statements": 0, "percent_covered": 100.0, "percent_covered_display": "100", "missing_lines": 0, "excluded_lines": 0, "percent_statements_covered": 100.0, "percent_statements_covered_display": "100"}, "missing_lines": [], "excluded_lines": []}}}, "backend/presentation/middleware/__init__.py": {"executed_lines": [], "summary": {"covered_lines": 0, "num_statements": 0, "percent_covered": 100.0, "percent_covered_display": "100", "missing_lines": 0, "excluded_lines": 0, "percent_statements_covered": 100.0, "percent_statements_covered_display": "100"}, "missing_lines": [], "excluded_lines": [], "functions": {"": {"executed_lines": [], "summary": {"covered_lines": 0, "num_statements": 0, "percent_covered": 100.0, "percent_covered_display": "100", "missing_lines": 0, "excluded_lines": 0, "percent_statements_covered": 100.0, "percent_statements_covered_display": "100"}, "missing_lines": [], "excluded_lines": []}}, "classes": {"": {"executed_lines": [], "summary": {"covered_lines": 0, "num_statements": 0, "percent_covered": 100.0, "percent_covered_display": "100", "missing_lines": 0, "excluded_lines": 0, "percent_statements_covered": 100.0, "percent_statements_covered_display": "100"}, "missing_lines": [], "excluded_lines": []}}}}, "totals": {"covered_lines": 1633, "num_statements": 1771, "percent_covered": 92.20779220779221, "percent_covered_display": "92", "missing_lines": 138, "excluded_lines": 36, "percent_statements_covered": 92.20779220779221, "percent_statements_covered_display": "92"}}