<?xml version="1.0" encoding="UTF-8"?>
<coverage generated="1766903034052" clover="3.2.0">
  <project timestamp="1766903034052" name="All files">
    <metrics statements="232" coveredstatements="154" conditionals="123" coveredconditionals="81" methods="63" coveredmethods="39" elements="418" coveredelements="274" complexity="0" loc="232" ncloc="232" packages="5" files="12" classes="12"/>
    <package name="src">
      <metrics statements="55" coveredstatements="34" conditionals="30" coveredconditionals="19" methods="8" coveredmethods="4"/>
      <file name="App.tsx" path="/Users/yprite/IdeaProjects/Cursor_pro/AI_DRIVEN_DEVELOP/frontend/src/App.tsx">
        <metrics statements="41" coveredstatements="34" conditionals="24" coveredconditionals="19" methods="6" coveredmethods="4"/>
        <line num="12" count="29" type="stmt"/>
        <line num="13" count="28" type="stmt"/>
        <line num="14" count="28" type="stmt"/>
        <line num="15" count="28" type="stmt"/>
        <line num="16" count="28" type="stmt"/>
        <line num="19" count="28" type="stmt"/>
        <line num="20" count="8" type="stmt"/>
        <line num="21" count="0" type="stmt"/>
        <line num="25" count="8" type="stmt"/>
        <line num="27" count="8" type="stmt"/>
        <line num="31" count="28" type="stmt"/>
        <line num="32" count="6" type="stmt"/>
        <line num="33" count="6" type="stmt"/>
        <line num="35" count="6" type="stmt"/>
        <line num="37" count="6" type="stmt"/>
        <line num="40" count="4" type="stmt"/>
        <line num="42" count="4" type="stmt"/>
        <line num="43" count="4" type="stmt"/>
        <line num="45" count="2" type="cond" truecount="1" falsecount="1"/>
        <line num="46" count="2" type="stmt"/>
        <line num="48" count="0" type="stmt"/>
        <line num="50" count="2" type="stmt"/>
        <line num="55" count="28" type="stmt"/>
        <line num="56" count="3" type="cond" truecount="1" falsecount="1"/>
        <line num="58" count="3" type="stmt"/>
        <line num="59" count="3" type="stmt"/>
        <line num="61" count="3" type="stmt"/>
        <line num="63" count="3" type="stmt"/>
        <line num="66" count="2" type="stmt"/>
        <line num="68" count="2" type="stmt"/>
        <line num="69" count="2" type="stmt"/>
        <line num="71" count="1" type="cond" truecount="1" falsecount="1"/>
        <line num="72" count="1" type="stmt"/>
        <line num="74" count="0" type="stmt"/>
        <line num="76" count="1" type="stmt"/>
        <line num="81" count="28" type="stmt"/>
        <line num="82" count="0" type="stmt"/>
        <line num="83" count="0" type="stmt"/>
        <line num="84" count="0" type="stmt"/>
        <line num="85" count="0" type="stmt"/>
        <line num="88" count="28" type="stmt"/>
      </file>
      <file name="index.tsx" path="/Users/yprite/IdeaProjects/Cursor_pro/AI_DRIVEN_DEVELOP/frontend/src/index.tsx">
        <metrics statements="3" coveredstatements="0" conditionals="0" coveredconditionals="0" methods="0" coveredmethods="0"/>
        <line num="7" count="0" type="stmt"/>
        <line num="10" count="0" type="stmt"/>
        <line num="19" count="0" type="stmt"/>
      </file>
      <file name="reportWebVitals.ts" path="/Users/yprite/IdeaProjects/Cursor_pro/AI_DRIVEN_DEVELOP/frontend/src/reportWebVitals.ts">
        <metrics statements="8" coveredstatements="0" conditionals="4" coveredconditionals="0" methods="2" coveredmethods="0"/>
        <line num="3" count="0" type="stmt"/>
        <line num="4" count="0" type="cond" truecount="0" falsecount="4"/>
        <line num="5" count="0" type="stmt"/>
        <line num="6" count="0" type="stmt"/>
        <line num="7" count="0" type="stmt"/>
        <line num="8" count="0" type="stmt"/>
        <line num="9" count="0" type="stmt"/>
        <line num="10" count="0" type="stmt"/>
      </file>
      <file name="setupTestsPolyfill.ts" path="/Users/yprite/IdeaProjects/Cursor_pro/AI_DRIVEN_DEVELOP/frontend/src/setupTestsPolyfill.ts">
        <metrics statements="3" coveredstatements="0" conditionals="2" coveredconditionals="0" methods="0" coveredmethods="0"/>
        <line num="4" count="0" type="cond" truecount="0" falsecount="2"/>
        <line num="5" count="0" type="stmt"/>
        <line num="6" count="0" type="stmt"/>
      </file>
    </package>
    <package name="src.components.organisms">
      <metrics statements="50" coveredstatements="49" conditionals="46" coveredconditionals="41" methods="15" coveredmethods="15"/>
      <file name="ResultUI.tsx" path="/Users/yprite/IdeaProjects/Cursor_pro/AI_DRIVEN_DEVELOP/frontend/src/components/organisms/ResultUI.tsx">
        <metrics statements="22" coveredstatements="22" conditionals="22" coveredconditionals="21" methods="5" coveredmethods="5"/>
        <line num="14" count="2" type="stmt"/>
        <line num="15" count="22" type="stmt"/>
        <line num="16" count="18" type="cond" truecount="4" falsecount="0"/>
        <line num="18" count="15" type="stmt"/>
        <line num="20" count="1" type="stmt"/>
        <line num="22" count="1" type="stmt"/>
        <line num="24" count="1" type="stmt"/>
        <line num="28" count="22" type="stmt"/>
        <line num="29" count="18" type="cond" truecount="4" falsecount="0"/>
        <line num="31" count="15" type="stmt"/>
        <line num="33" count="1" type="stmt"/>
        <line num="35" count="1" type="stmt"/>
        <line num="37" count="1" type="stmt"/>
        <line num="41" count="22" type="stmt"/>
        <line num="42" count="18" type="cond" truecount="4" falsecount="0"/>
        <line num="44" count="15" type="stmt"/>
        <line num="46" count="1" type="stmt"/>
        <line num="48" count="1" type="stmt"/>
        <line num="50" count="1" type="stmt"/>
        <line num="54" count="22" type="stmt"/>
        <line num="142" count="68" type="cond" truecount="1" falsecount="1"/>
        <line num="143" count="68" type="stmt"/>
      </file>
      <file name="TestUI.tsx" path="/Users/yprite/IdeaProjects/Cursor_pro/AI_DRIVEN_DEVELOP/frontend/src/components/organisms/TestUI.tsx">
        <metrics statements="28" coveredstatements="27" conditionals="24" coveredconditionals="20" methods="10" coveredmethods="10"/>
        <line num="18" count="2" type="stmt"/>
        <line num="25" count="27" type="stmt"/>
        <line num="26" count="27" type="stmt"/>
        <line num="28" count="27" type="stmt"/>
        <line num="29" count="27" type="stmt"/>
        <line num="30" count="27" type="stmt"/>
        <line num="32" count="27" type="stmt"/>
        <line num="33" count="6" type="stmt"/>
        <line num="34" count="6" type="stmt"/>
        <line num="35" count="6" type="cond" truecount="2" falsecount="0"/>
        <line num="36" count="1" type="stmt"/>
        <line num="40" count="27" type="stmt"/>
        <line num="41" count="2" type="cond" truecount="1" falsecount="1"/>
        <line num="42" count="2" type="stmt"/>
        <line num="46" count="27" type="stmt"/>
        <line num="47" count="1" type="cond" truecount="1" falsecount="1"/>
        <line num="48" count="1" type="stmt"/>
        <line num="52" count="27" type="stmt"/>
        <line num="53" count="4" type="cond" truecount="1" falsecount="1"/>
        <line num="54" count="4" type="stmt"/>
        <line num="58" count="29" type="stmt"/>
        <line num="60" count="27" type="cond" truecount="1" falsecount="1"/>
        <line num="61" count="0" type="stmt"/>
        <line num="64" count="27" type="stmt"/>
        <line num="100" count="108" type="stmt"/>
        <line num="112" count="6" type="stmt"/>
        <line num="134" count="42" type="stmt"/>
        <line num="136" count="1" type="stmt"/>
      </file>
    </package>
    <package name="src.mocks">
      <metrics statements="35" coveredstatements="0" conditionals="10" coveredconditionals="0" methods="11" coveredmethods="0"/>
      <file name="browser.ts" path="/Users/yprite/IdeaProjects/Cursor_pro/AI_DRIVEN_DEVELOP/frontend/src/mocks/browser.ts">
        <metrics statements="1" coveredstatements="0" conditionals="0" coveredconditionals="0" methods="0" coveredmethods="0"/>
        <line num="8" count="0" type="stmt"/>
      </file>
      <file name="handlers.ts" path="/Users/yprite/IdeaProjects/Cursor_pro/AI_DRIVEN_DEVELOP/frontend/src/mocks/handlers.ts">
        <metrics statements="25" coveredstatements="0" conditionals="6" coveredconditionals="0" methods="10" coveredmethods="0"/>
        <line num="9" count="0" type="cond" truecount="0" falsecount="2"/>
        <line num="10" count="0" type="stmt"/>
        <line num="11" count="0" type="stmt"/>
        <line num="16" count="0" type="cond" truecount="0" falsecount="2"/>
        <line num="17" count="0" type="stmt"/>
        <line num="19" count="0" type="stmt"/>
        <line num="22" count="0" type="stmt"/>
        <line num="23" count="0" type="stmt"/>
        <line num="25" count="0" type="stmt"/>
        <line num="30" count="0" type="cond" truecount="0" falsecount="2"/>
        <line num="31" count="0" type="stmt"/>
        <line num="34" count="0" type="stmt"/>
        <line num="41" count="0" type="stmt"/>
        <line num="42" count="0" type="stmt"/>
        <line num="65" count="0" type="stmt"/>
        <line num="79" count="0" type="stmt"/>
        <line num="80" count="0" type="stmt"/>
        <line num="103" count="0" type="stmt"/>
        <line num="104" count="0" type="stmt"/>
        <line num="125" count="0" type="stmt"/>
        <line num="126" count="0" type="stmt"/>
        <line num="160" count="0" type="stmt"/>
        <line num="161" count="0" type="stmt"/>
        <line num="172" count="0" type="stmt"/>
        <line num="180" count="0" type="stmt"/>
      </file>
      <file name="setup.ts" path="/Users/yprite/IdeaProjects/Cursor_pro/AI_DRIVEN_DEVELOP/frontend/src/mocks/setup.ts">
        <metrics statements="9" coveredstatements="0" conditionals="4" coveredconditionals="0" methods="1" coveredmethods="0"/>
        <line num="8" count="0" type="cond" truecount="0" falsecount="2"/>
        <line num="9" count="0" type="stmt"/>
        <line num="10" count="0" type="stmt"/>
        <line num="16" count="0" type="stmt"/>
        <line num="18" count="0" type="stmt"/>
        <line num="19" count="0" type="cond" truecount="0" falsecount="2"/>
        <line num="21" count="0" type="stmt"/>
        <line num="22" count="0" type="stmt"/>
        <line num="24" count="0" type="stmt"/>
      </file>
    </package>
    <package name="src.services">
      <metrics statements="92" coveredstatements="71" conditionals="37" coveredconditionals="21" methods="29" coveredmethods="20"/>
      <file name="api.ts" path="/Users/yprite/IdeaProjects/Cursor_pro/AI_DRIVEN_DEVELOP/frontend/src/services/api.ts">
        <metrics statements="53" coveredstatements="35" conditionals="31" coveredconditionals="17" methods="18" coveredmethods="10"/>
        <line num="8" count="2" type="cond" truecount="2" falsecount="0"/>
        <line num="9" count="2" type="stmt"/>
        <line num="30" count="5" type="stmt"/>
        <line num="31" count="5" type="stmt"/>
        <line num="49" count="24" type="cond" truecount="1" falsecount="0"/>
        <line num="51" count="24" type="stmt"/>
        <line num="53" count="24" type="stmt"/>
        <line num="59" count="24" type="stmt"/>
        <line num="65" count="24" type="stmt"/>
        <line num="66" count="24" type="stmt"/>
        <line num="69" count="22" type="stmt"/>
        <line num="70" count="22" type="cond" truecount="3" falsecount="1"/>
        <line num="71" count="0" type="cond" truecount="0" falsecount="2"/>
        <line num="72" count="0" type="stmt"/>
        <line num="74" count="0" type="stmt"/>
        <line num="81" count="22" type="stmt"/>
        <line num="82" count="22" type="stmt"/>
        <line num="85" count="0" type="cond" truecount="0" falsecount="2"/>
        <line num="86" count="0" type="stmt"/>
        <line num="91" count="0" type="stmt"/>
        <line num="94" count="22" type="cond" truecount="2" falsecount="0"/>
        <line num="95" count="3" type="stmt"/>
        <line num="102" count="19" type="stmt"/>
        <line num="104" count="5" type="cond" truecount="2" falsecount="0"/>
        <line num="105" count="3" type="stmt"/>
        <line num="107" count="2" type="cond" truecount="4" falsecount="0"/>
        <line num="108" count="1" type="stmt"/>
        <line num="110" count="1" type="stmt"/>
        <line num="117" count="2" type="stmt"/>
        <line num="122" count="2" type="cond" truecount="2" falsecount="0"/>
        <line num="123" count="2" type="stmt"/>
        <line num="130" count="2" type="stmt"/>
        <line num="137" count="7" type="stmt"/>
        <line num="153" count="0" type="stmt"/>
        <line num="164" count="4" type="stmt"/>
        <line num="190" count="4" type="stmt"/>
        <line num="200" count="2" type="stmt"/>
        <line num="205" count="0" type="stmt"/>
        <line num="206" count="0" type="cond" truecount="0" falsecount="2"/>
        <line num="207" count="0" type="cond" truecount="0" falsecount="2"/>
        <line num="208" count="0" type="cond" truecount="0" falsecount="2"/>
        <line num="209" count="0" type="stmt"/>
        <line num="216" count="3" type="stmt"/>
        <line num="226" count="0" type="stmt"/>
        <line num="240" count="0" type="stmt"/>
        <line num="249" count="0" type="stmt"/>
        <line num="256" count="2" type="stmt"/>
        <line num="273" count="1" type="stmt"/>
        <line num="292" count="0" type="stmt"/>
        <line num="310" count="0" type="stmt"/>
        <line num="320" count="2" type="stmt"/>
        <line num="329" count="1" type="stmt"/>
        <line num="340" count="0" type="stmt"/>
      </file>
      <file name="auth.ts" path="/Users/yprite/IdeaProjects/Cursor_pro/AI_DRIVEN_DEVELOP/frontend/src/services/auth.ts">
        <metrics statements="39" coveredstatements="36" conditionals="6" coveredconditionals="4" methods="11" coveredmethods="10"/>
        <line num="19" count="1" type="stmt"/>
        <line num="20" count="1" type="stmt"/>
        <line num="26" count="1" type="stmt"/>
        <line num="28" count="1" type="stmt"/>
        <line num="31" count="1" type="stmt"/>
        <line num="32" count="1" type="stmt"/>
        <line num="40" count="10" type="stmt"/>
        <line num="47" count="7" type="stmt"/>
        <line num="54" count="5" type="stmt"/>
        <line num="61" count="5" type="stmt"/>
        <line num="62" count="5" type="stmt"/>
        <line num="65" count="4" type="stmt"/>
        <line num="66" count="4" type="stmt"/>
        <line num="67" count="4" type="stmt"/>
        <line num="69" count="4" type="stmt"/>
        <line num="72" count="1" type="stmt"/>
        <line num="73" count="1" type="stmt"/>
        <line num="75" count="1" type="cond" truecount="1" falsecount="1"/>
        <line num="76" count="1" type="stmt"/>
        <line num="78" count="0" type="stmt"/>
        <line num="86" count="3" type="stmt"/>
        <line num="87" count="3" type="stmt"/>
        <line num="88" count="2" type="stmt"/>
        <line num="89" count="2" type="stmt"/>
        <line num="92" count="1" type="stmt"/>
        <line num="93" count="1" type="stmt"/>
        <line num="94" count="1" type="stmt"/>
        <line num="102" count="2" type="stmt"/>
        <line num="103" count="2" type="stmt"/>
        <line num="104" count="1" type="stmt"/>
        <line num="105" count="1" type="stmt"/>
        <line num="106" count="1" type="stmt"/>
        <line num="109" count="1" type="cond" truecount="3" falsecount="1"/>
        <line num="110" count="1" type="stmt"/>
        <line num="111" count="1" type="stmt"/>
        <line num="113" count="1" type="stmt"/>
        <line num="121" count="0" type="stmt"/>
        <line num="122" count="0" type="stmt"/>
        <line num="130" count="1" type="stmt"/>
      </file>
    </package>
    <package name="src.types">
      <metrics statements="0" coveredstatements="0" conditionals="0" coveredconditionals="0" methods="0" coveredmethods="0"/>
      <file name="api.ts" path="/Users/yprite/IdeaProjects/Cursor_pro/AI_DRIVEN_DEVELOP/frontend/src/types/api.ts">
        <metrics statements="0" coveredstatements="0" conditionals="0" coveredconditionals="0" methods="0" coveredmethods="0"/>
      </file>
    </package>
  </project>
</coverage>
