{"/Users/yprite/IdeaProjects/Cursor_pro/AI_DRIVEN_DEVELOP/frontend/src/App.tsx": {"path":"/Users/yprite/IdeaProjects/Cursor_pro/AI_DRIVEN_DEVELOP/frontend/src/App.tsx","statementMap":{"0":{"start":{"line":12,"column":28},"end":{"line":12,"column":57}},"1":{"start":{"line":13,"column":40},"end":{"line":13,"column":67}},"2":{"start":{"line":14,"column":44},"end":{"line":14,"column":73}},"3":{"start":{"line":15,"column":28},"end":{"line":15,"column":57}},"4":{"start":{"line":16,"column":26},"end":{"line":16,"column":53}},"5":{"start":{"line":19,"column":2},"end":{"line":28,"column":9}},"6":{"start":{"line":20,"column":24},"end":{"line":22,"column":6}},"7":{"start":{"line":21,"column":6},"end":{"line":21,"column":27}},"8":{"start":{"line":25,"column":4},"end":{"line":25,"column":29}},"9":{"start":{"line":27,"column":4},"end":{"line":27,"column":23}},"10":{"start":{"line":31,"column":26},"end":{"line":52,"column":3}},"11":{"start":{"line":32,"column":4},"end":{"line":32,"column":24}},"12":{"start":{"line":33,"column":4},"end":{"line":33,"column":19}},"13":{"start":{"line":35,"column":4},"end":{"line":51,"column":5}},"14":{"start":{"line":37,"column":19},"end":{"line":37,"column":57}},"15":{"start":{"line":40,"column":26},"end":{"line":40,"column":58}},"16":{"start":{"line":42,"column":6},"end":{"line":42,"column":34}},"17":{"start":{"line":43,"column":6},"end":{"line":43,"column":23}},"18":{"start":{"line":45,"column":6},"end":{"line":49,"column":7}},"19":{"start":{"line":46,"column":8},"end":{"line":46,"column":30}},"20":{"start":{"line":48,"column":8},"end":{"line":48,"column":44}},"21":{"start":{"line":50,"column":6},"end":{"line":50,"column":24}},"22":{"start":{"line":55,"column":27},"end":{"line":78,"column":3}},"23":{"start":{"line":56,"column":4},"end":{"line":56,"column":29}},"24":{"start":{"line":56,"column":22},"end":{"line":56,"column":29}},"25":{"start":{"line":58,"column":4},"end":{"line":58,"column":27}},"26":{"start":{"line":59,"column":4},"end":{"line":59,"column":19}},"27":{"start":{"line":61,"column":4},"end":{"line":77,"column":5}},"28":{"start":{"line":63,"column":27},"end":{"line":63,"column":76}},"29":{"start":{"line":66,"column":21},"end":{"line":66,"column":70}},"30":{"start":{"line":68,"column":6},"end":{"line":68,"column":31}},"31":{"start":{"line":69,"column":6},"end":{"line":69,"column":25}},"32":{"start":{"line":71,"column":6},"end":{"line":75,"column":7}},"33":{"start":{"line":72,"column":8},"end":{"line":72,"column":30}},"34":{"start":{"line":74,"column":8},"end":{"line":74,"column":41}},"35":{"start":{"line":76,"column":6},"end":{"line":76,"column":24}},"36":{"start":{"line":81,"column":24},"end":{"line":86,"column":3}},"37":{"start":{"line":82,"column":4},"end":{"line":82,"column":25}},"38":{"start":{"line":83,"column":4},"end":{"line":83,"column":27}},"39":{"start":{"line":84,"column":4},"end":{"line":84,"column":19}},"40":{"start":{"line":85,"column":4},"end":{"line":85,"column":24}},"41":{"start":{"line":88,"column":2},"end":{"line":155,"column":4}}},"fnMap":{"0":{"name":"App","decl":{"start":{"line":11,"column":9},"end":{"line":11,"column":12}},"loc":{"start":{"line":11,"column":15},"end":{"line":156,"column":1}},"line":11},"1":{"name":"(anonymous_1)","decl":{"start":{"line":19,"column":12},"end":{"line":19,"column":13}},"loc":{"start":{"line":19,"column":18},"end":{"line":28,"column":3}},"line":19},"2":{"name":"(anonymous_2)","decl":{"start":{"line":20,"column":46},"end":{"line":20,"column":47}},"loc":{"start":{"line":20,"column":63},"end":{"line":22,"column":5}},"line":20},"3":{"name":"(anonymous_3)","decl":{"start":{"line":31,"column":26},"end":{"line":31,"column":27}},"loc":{"start":{"line":31,"column":38},"end":{"line":52,"column":3}},"line":31},"4":{"name":"(anonymous_4)","decl":{"start":{"line":55,"column":27},"end":{"line":55,"column":28}},"loc":{"start":{"line":55,"column":70},"end":{"line":78,"column":3}},"line":55},"5":{"name":"(anonymous_5)","decl":{"start":{"line":81,"column":24},"end":{"line":81,"column":25}},"loc":{"start":{"line":81,"column":30},"end":{"line":86,"column":3}},"line":81}},"branchMap":{"0":{"loc":{"start":{"line":45,"column":6},"end":{"line":49,"column":7}},"type":"if","locations":[{"start":{"line":45,"column":6},"end":{"line":49,"column":7}},{"start":{"line":47,"column":13},"end":{"line":49,"column":7}}],"line":45},"1":{"loc":{"start":{"line":56,"column":4},"end":{"line":56,"column":29}},"type":"if","locations":[{"start":{"line":56,"column":4},"end":{"line":56,"column":29}},{"start":{},"end":{}}],"line":56},"2":{"loc":{"start":{"line":71,"column":6},"end":{"line":75,"column":7}},"type":"if","locations":[{"start":{"line":71,"column":6},"end":{"line":75,"column":7}},{"start":{"line":73,"column":13},"end":{"line":75,"column":7}}],"line":71},"3":{"loc":{"start":{"line":92,"column":9},"end":{"line":96,"column":9}},"type":"binary-expr","locations":[{"start":{"line":92,"column":9},"end":{"line":92,"column":13}},{"start":{"line":93,"column":10},"end":{"line":95,"column":16}}],"line":92},"4":{"loc":{"start":{"line":99,"column":9},"end":{"line":111,"column":9}},"type":"binary-expr","locations":[{"start":{"line":99,"column":9},"end":{"line":99,"column":28}},{"start":{"line":100,"column":10},"end":{"line":110,"column":20}}],"line":99},"5":{"loc":{"start":{"line":113,"column":9},"end":{"line":117,"column":9}},"type":"binary-expr","locations":[{"start":{"line":113,"column":9},"end":{"line":113,"column":28}},{"start":{"line":114,"column":10},"end":{"line":116,"column":20}}],"line":113},"6":{"loc":{"start":{"line":119,"column":9},"end":{"line":123,"column":9}},"type":"binary-expr","locations":[{"start":{"line":119,"column":9},"end":{"line":119,"column":25}},{"start":{"line":119,"column":29},"end":{"line":119,"column":40}},{"start":{"line":120,"column":10},"end":{"line":122,"column":20}}],"line":119},"7":{"loc":{"start":{"line":125,"column":9},"end":{"line":129,"column":9}},"type":"binary-expr","locations":[{"start":{"line":125,"column":9},"end":{"line":125,"column":31}},{"start":{"line":126,"column":10},"end":{"line":128,"column":20}}],"line":125},"8":{"loc":{"start":{"line":131,"column":9},"end":{"line":140,"column":9}},"type":"binary-expr","locations":[{"start":{"line":131,"column":9},"end":{"line":131,"column":27}},{"start":{"line":131,"column":31},"end":{"line":131,"column":44}},{"start":{"line":132,"column":10},"end":{"line":139,"column":20}}],"line":131},"9":{"loc":{"start":{"line":142,"column":9},"end":{"line":152,"column":9}},"type":"binary-expr","locations":[{"start":{"line":142,"column":9},"end":{"line":142,"column":26}},{"start":{"line":143,"column":10},"end":{"line":151,"column":20}}],"line":142},"10":{"loc":{"start":{"line":146,"column":18},"end":{"line":146,"column":47}},"type":"binary-expr","locations":[{"start":{"line":146,"column":18},"end":{"line":146,"column":23}},{"start":{"line":146,"column":27},"end":{"line":146,"column":47}}],"line":146}},"s":{"0":10,"1":10,"2":10,"3":10,"4":10,"5":10,"6":4,"7":5,"8":4,"9":4,"10":10,"11":2,"12":2,"13":2,"14":2,"15":1,"16":0,"17":0,"18":2,"19":2,"20":0,"21":2,"22":10,"23":0,"24":0,"25":0,"26":0,"27":0,"28":0,"29":0,"30":0,"31":0,"32":0,"33":0,"34":0,"35":0,"36":10,"37":0,"38":0,"39":0,"40":0,"41":10},"f":{"0":10,"1":4,"2":5,"3":2,"4":0,"5":0},"b":{"0":[2,0],"1":[0,0],"2":[0,0],"3":[10,4],"4":[10,5],"5":[10,3],"6":[10,0,0],"7":[10,0],"8":[10,0,0],"9":[10,2],"10":[2,0]},"_coverageSchema":"1a1c01bbd47fc00a2c39e90264f33305004495a9","hash":"b53c7033d9b7263df44022396c55b7d0a30db6fd"}
,"/Users/yprite/IdeaProjects/Cursor_pro/AI_DRIVEN_DEVELOP/frontend/src/index.tsx": {"path":"/Users/yprite/IdeaProjects/Cursor_pro/AI_DRIVEN_DEVELOP/frontend/src/index.tsx","statementMap":{"0":{"start":{"line":7,"column":13},"end":{"line":9,"column":1}},"1":{"start":{"line":10,"column":0},"end":{"line":14,"column":2}},"2":{"start":{"line":19,"column":0},"end":{"line":19,"column":18}}},"fnMap":{},"branchMap":{},"s":{"0":0,"1":0,"2":0},"f":{},"b":{}}
,"/Users/yprite/IdeaProjects/Cursor_pro/AI_DRIVEN_DEVELOP/frontend/src/reportWebVitals.ts": {"path":"/Users/yprite/IdeaProjects/Cursor_pro/AI_DRIVEN_DEVELOP/frontend/src/reportWebVitals.ts","statementMap":{"0":{"start":{"line":3,"column":24},"end":{"line":13,"column":1}},"1":{"start":{"line":4,"column":2},"end":{"line":12,"column":3}},"2":{"start":{"line":5,"column":4},"end":{"line":11,"column":7}},"3":{"start":{"line":6,"column":6},"end":{"line":6,"column":26}},"4":{"start":{"line":7,"column":6},"end":{"line":7,"column":26}},"5":{"start":{"line":8,"column":6},"end":{"line":8,"column":26}},"6":{"start":{"line":9,"column":6},"end":{"line":9,"column":26}},"7":{"start":{"line":10,"column":6},"end":{"line":10,"column":27}}},"fnMap":{"0":{"name":"(anonymous_0)","decl":{"start":{"line":3,"column":24},"end":{"line":3,"column":25}},"loc":{"start":{"line":3,"column":57},"end":{"line":13,"column":1}},"line":3},"1":{"name":"(anonymous_1)","decl":{"start":{"line":5,"column":30},"end":{"line":5,"column":31}},"loc":{"start":{"line":5,"column":79},"end":{"line":11,"column":5}},"line":5}},"branchMap":{"0":{"loc":{"start":{"line":4,"column":2},"end":{"line":12,"column":3}},"type":"if","locations":[{"start":{"line":4,"column":2},"end":{"line":12,"column":3}},{"start":{},"end":{}}],"line":4},"1":{"loc":{"start":{"line":4,"column":6},"end":{"line":4,"column":52}},"type":"binary-expr","locations":[{"start":{"line":4,"column":6},"end":{"line":4,"column":17}},{"start":{"line":4,"column":21},"end":{"line":4,"column":52}}],"line":4}},"s":{"0":0,"1":0,"2":0,"3":0,"4":0,"5":0,"6":0,"7":0},"f":{"0":0,"1":0},"b":{"0":[0,0],"1":[0,0]}}
,"/Users/yprite/IdeaProjects/Cursor_pro/AI_DRIVEN_DEVELOP/frontend/src/setupTestsPolyfill.ts": {"path":"/Users/yprite/IdeaProjects/Cursor_pro/AI_DRIVEN_DEVELOP/frontend/src/setupTestsPolyfill.ts","statementMap":{"0":{"start":{"line":4,"column":0},"end":{"line":7,"column":1}},"1":{"start":{"line":5,"column":2},"end":{"line":5,"column":44}},"2":{"start":{"line":6,"column":2},"end":{"line":6,"column":44}}},"fnMap":{},"branchMap":{"0":{"loc":{"start":{"line":4,"column":0},"end":{"line":7,"column":1}},"type":"if","locations":[{"start":{"line":4,"column":0},"end":{"line":7,"column":1}},{"start":{},"end":{}}],"line":4}},"s":{"0":0,"1":0,"2":0},"f":{},"b":{"0":[0,0]}}
,"/Users/yprite/IdeaProjects/Cursor_pro/AI_DRIVEN_DEVELOP/frontend/src/components/organisms/ResultUI.tsx": {"path":"/Users/yprite/IdeaProjects/Cursor_pro/AI_DRIVEN_DEVELOP/frontend/src/components/organisms/ResultUI.tsx","statementMap":{"0":{"start":{"line":14,"column":42},"end":{"line":194,"column":1}},"1":{"start":{"line":15,"column":30},"end":{"line":26,"column":3}},"2":{"start":{"line":16,"column":4},"end":{"line":25,"column":5}},"3":{"start":{"line":18,"column":8},"end":{"line":18,"column":25}},"4":{"start":{"line":20,"column":8},"end":{"line":20,"column":25}},"5":{"start":{"line":22,"column":8},"end":{"line":22,"column":25}},"6":{"start":{"line":24,"column":8},"end":{"line":24,"column":22}},"7":{"start":{"line":28,"column":30},"end":{"line":39,"column":3}},"8":{"start":{"line":29,"column":4},"end":{"line":38,"column":5}},"9":{"start":{"line":31,"column":8},"end":{"line":31,"column":20}},"10":{"start":{"line":33,"column":8},"end":{"line":33,"column":20}},"11":{"start":{"line":35,"column":8},"end":{"line":35,"column":23}},"12":{"start":{"line":37,"column":8},"end":{"line":37,"column":21}},"13":{"start":{"line":41,"column":35},"end":{"line":52,"column":3}},"14":{"start":{"line":42,"column":4},"end":{"line":51,"column":5}},"15":{"start":{"line":44,"column":8},"end":{"line":44,"column":22}},"16":{"start":{"line":46,"column":8},"end":{"line":46,"column":23}},"17":{"start":{"line":48,"column":8},"end":{"line":48,"column":20}},"18":{"start":{"line":50,"column":8},"end":{"line":50,"column":27}},"19":{"start":{"line":54,"column":2},"end":{"line":193,"column":4}},"20":{"start":{"line":142,"column":18},"end":{"line":142,"column":72}},"21":{"start":{"line":143,"column":16},"end":{"line":162,"column":18}}},"fnMap":{"0":{"name":"(anonymous_0)","decl":{"start":{"line":14,"column":42},"end":{"line":14,"column":43}},"loc":{"start":{"line":14,"column":58},"end":{"line":194,"column":1}},"line":14},"1":{"name":"(anonymous_1)","decl":{"start":{"line":15,"column":30},"end":{"line":15,"column":31}},"loc":{"start":{"line":15,"column":49},"end":{"line":26,"column":3}},"line":15},"2":{"name":"(anonymous_2)","decl":{"start":{"line":28,"column":30},"end":{"line":28,"column":31}},"loc":{"start":{"line":28,"column":49},"end":{"line":39,"column":3}},"line":28},"3":{"name":"(anonymous_3)","decl":{"start":{"line":41,"column":35},"end":{"line":41,"column":36}},"loc":{"start":{"line":41,"column":60},"end":{"line":52,"column":3}},"line":41},"4":{"name":"(anonymous_4)","decl":{"start":{"line":140,"column":14},"end":{"line":140,"column":15}},"loc":{"start":{"line":140,"column":32},"end":{"line":163,"column":15}},"line":140}},"branchMap":{"0":{"loc":{"start":{"line":16,"column":4},"end":{"line":25,"column":5}},"type":"switch","locations":[{"start":{"line":17,"column":6},"end":{"line":18,"column":25}},{"start":{"line":19,"column":6},"end":{"line":20,"column":25}},{"start":{"line":21,"column":6},"end":{"line":22,"column":25}},{"start":{"line":23,"column":6},"end":{"line":24,"column":22}}],"line":16},"1":{"loc":{"start":{"line":29,"column":4},"end":{"line":38,"column":5}},"type":"switch","locations":[{"start":{"line":30,"column":6},"end":{"line":31,"column":20}},{"start":{"line":32,"column":6},"end":{"line":33,"column":20}},{"start":{"line":34,"column":6},"end":{"line":35,"column":23}},{"start":{"line":36,"column":6},"end":{"line":37,"column":21}}],"line":29},"2":{"loc":{"start":{"line":42,"column":4},"end":{"line":51,"column":5}},"type":"switch","locations":[{"start":{"line":43,"column":6},"end":{"line":44,"column":22}},{"start":{"line":45,"column":6},"end":{"line":46,"column":23}},{"start":{"line":47,"column":6},"end":{"line":48,"column":20}},{"start":{"line":49,"column":6},"end":{"line":50,"column":27}}],"line":42},"3":{"loc":{"start":{"line":59,"column":38},"end":{"line":59,"column":76}},"type":"cond-expr","locations":[{"start":{"line":59,"column":57},"end":{"line":59,"column":65}},{"start":{"line":59,"column":68},"end":{"line":59,"column":76}}],"line":59},"4":{"loc":{"start":{"line":62,"column":11},"end":{"line":62,"column":42}},"type":"cond-expr","locations":[{"start":{"line":62,"column":30},"end":{"line":62,"column":34}},{"start":{"line":62,"column":37},"end":{"line":62,"column":42}}],"line":62},"5":{"loc":{"start":{"line":109,"column":13},"end":{"line":109,"column":69}},"type":"cond-expr","locations":[{"start":{"line":109,"column":54},"end":{"line":109,"column":59}},{"start":{"line":109,"column":62},"end":{"line":109,"column":69}}],"line":109},"6":{"loc":{"start":{"line":135,"column":7},"end":{"line":167,"column":7}},"type":"binary-expr","locations":[{"start":{"line":135,"column":7},"end":{"line":135,"column":60}},{"start":{"line":136,"column":8},"end":{"line":166,"column":14}}],"line":135},"7":{"loc":{"start":{"line":142,"column":18},"end":{"line":142,"column":72}},"type":"cond-expr","locations":[{"start":{"line":142,"column":35},"end":{"line":142,"column":68}},{"start":{"line":142,"column":71},"end":{"line":142,"column":72}}],"line":142}},"s":{"0":2,"1":18,"2":18,"3":15,"4":1,"5":1,"6":1,"7":18,"8":18,"9":15,"10":1,"11":1,"12":1,"13":18,"14":18,"15":15,"16":1,"17":1,"18":1,"19":18,"20":68,"21":68},"f":{"0":18,"1":18,"2":18,"3":18,"4":68},"b":{"0":[15,1,1,1],"1":[15,1,1,1],"2":[15,1,1,1],"3":[17,1],"4":[17,1],"5":[17,1],"6":[18,17],"7":[68,0]},"_coverageSchema":"1a1c01bbd47fc00a2c39e90264f33305004495a9","hash":"30ef1841da192e37dd99d5a371d3ddfa9e0cd659"}
,"/Users/yprite/IdeaProjects/Cursor_pro/AI_DRIVEN_DEVELOP/frontend/src/components/organisms/TestUI.tsx": {"path":"/Users/yprite/IdeaProjects/Cursor_pro/AI_DRIVEN_DEVELOP/frontend/src/components/organisms/TestUI.tsx","statementMap":{"0":{"start":{"line":18,"column":38},"end":{"line":169,"column":1}},"1":{"start":{"line":25,"column":58},"end":{"line":25,"column":69}},"2":{"start":{"line":26,"column":32},"end":{"line":26,"column":77}},"3":{"start":{"line":28,"column":26},"end":{"line":28,"column":62}},"4":{"start":{"line":29,"column":25},"end":{"line":29,"column":46}},"5":{"start":{"line":30,"column":19},"end":{"line":30,"column":70}},"6":{"start":{"line":32,"column":29},"end":{"line":38,"column":3}},"7":{"start":{"line":33,"column":23},"end":{"line":33,"column":59}},"8":{"start":{"line":34,"column":4},"end":{"line":34,"column":27}},"9":{"start":{"line":35,"column":4},"end":{"line":37,"column":5}},"10":{"start":{"line":36,"column":6},"end":{"line":36,"column":41}},"11":{"start":{"line":40,"column":21},"end":{"line":44,"column":3}},"12":{"start":{"line":41,"column":4},"end":{"line":43,"column":5}},"13":{"start":{"line":42,"column":6},"end":{"line":42,"column":56}},"14":{"start":{"line":46,"column":25},"end":{"line":50,"column":3}},"15":{"start":{"line":47,"column":4},"end":{"line":49,"column":5}},"16":{"start":{"line":48,"column":6},"end":{"line":48,"column":56}},"17":{"start":{"line":52,"column":23},"end":{"line":56,"column":3}},"18":{"start":{"line":53,"column":4},"end":{"line":55,"column":5}},"19":{"start":{"line":54,"column":6},"end":{"line":54,"column":24}},"20":{"start":{"line":58,"column":24},"end":{"line":58,"column":66}},"21":{"start":{"line":58,"column":52},"end":{"line":58,"column":65}},"22":{"start":{"line":60,"column":2},"end":{"line":62,"column":3}},"23":{"start":{"line":61,"column":4},"end":{"line":61,"column":57}},"24":{"start":{"line":64,"column":2},"end":{"line":168,"column":4}},"25":{"start":{"line":100,"column":12},"end":{"line":118,"column":20}},"26":{"start":{"line":112,"column":18},"end":{"line":112,"column":72}},"27":{"start":{"line":134,"column":12},"end":{"line":144,"column":21}},"28":{"start":{"line":136,"column":29},"end":{"line":136,"column":59}}},"fnMap":{"0":{"name":"(anonymous_0)","decl":{"start":{"line":18,"column":38},"end":{"line":18,"column":39}},"loc":{"start":{"line":24,"column":6},"end":{"line":169,"column":1}},"line":24},"1":{"name":"(anonymous_1)","decl":{"start":{"line":32,"column":29},"end":{"line":32,"column":30}},"loc":{"start":{"line":32,"column":69},"end":{"line":38,"column":3}},"line":32},"2":{"name":"(anonymous_2)","decl":{"start":{"line":40,"column":21},"end":{"line":40,"column":22}},"loc":{"start":{"line":40,"column":27},"end":{"line":44,"column":3}},"line":40},"3":{"name":"(anonymous_3)","decl":{"start":{"line":46,"column":25},"end":{"line":46,"column":26}},"loc":{"start":{"line":46,"column":31},"end":{"line":50,"column":3}},"line":46},"4":{"name":"(anonymous_4)","decl":{"start":{"line":52,"column":23},"end":{"line":52,"column":24}},"loc":{"start":{"line":52,"column":29},"end":{"line":56,"column":3}},"line":52},"5":{"name":"(anonymous_5)","decl":{"start":{"line":58,"column":45},"end":{"line":58,"column":46}},"loc":{"start":{"line":58,"column":52},"end":{"line":58,"column":65}},"line":58},"6":{"name":"(anonymous_6)","decl":{"start":{"line":99,"column":39},"end":{"line":99,"column":40}},"loc":{"start":{"line":100,"column":12},"end":{"line":118,"column":20}},"line":100},"7":{"name":"(anonymous_7)","decl":{"start":{"line":111,"column":26},"end":{"line":111,"column":27}},"loc":{"start":{"line":112,"column":18},"end":{"line":112,"column":72}},"line":112},"8":{"name":"(anonymous_8)","decl":{"start":{"line":133,"column":30},"end":{"line":133,"column":31}},"loc":{"start":{"line":134,"column":12},"end":{"line":144,"column":21}},"line":134},"9":{"name":"(anonymous_9)","decl":{"start":{"line":136,"column":23},"end":{"line":136,"column":24}},"loc":{"start":{"line":136,"column":29},"end":{"line":136,"column":59}},"line":136}},"branchMap":{"0":{"loc":{"start":{"line":22,"column":2},"end":{"line":22,"column":18}},"type":"default-arg","locations":[{"start":{"line":22,"column":16},"end":{"line":22,"column":18}}],"line":22},"1":{"loc":{"start":{"line":23,"column":2},"end":{"line":23,"column":18}},"type":"default-arg","locations":[{"start":{"line":23,"column":13},"end":{"line":23,"column":18}}],"line":23},"2":{"loc":{"start":{"line":35,"column":4},"end":{"line":37,"column":5}},"type":"if","locations":[{"start":{"line":35,"column":4},"end":{"line":37,"column":5}},{"start":{},"end":{}}],"line":35},"3":{"loc":{"start":{"line":41,"column":4},"end":{"line":43,"column":5}},"type":"if","locations":[{"start":{"line":41,"column":4},"end":{"line":43,"column":5}},{"start":{},"end":{}}],"line":41},"4":{"loc":{"start":{"line":47,"column":4},"end":{"line":49,"column":5}},"type":"if","locations":[{"start":{"line":47,"column":4},"end":{"line":49,"column":5}},{"start":{},"end":{}}],"line":47},"5":{"loc":{"start":{"line":53,"column":4},"end":{"line":55,"column":5}},"type":"if","locations":[{"start":{"line":53,"column":4},"end":{"line":55,"column":5}},{"start":{},"end":{}}],"line":53},"6":{"loc":{"start":{"line":60,"column":2},"end":{"line":62,"column":3}},"type":"if","locations":[{"start":{"line":60,"column":2},"end":{"line":62,"column":3}},{"start":{},"end":{}}],"line":60},"7":{"loc":{"start":{"line":103,"column":16},"end":{"line":103,"column":72}},"type":"cond-expr","locations":[{"start":{"line":103,"column":57},"end":{"line":103,"column":67}},{"start":{"line":103,"column":70},"end":{"line":103,"column":72}}],"line":103},"8":{"loc":{"start":{"line":126,"column":20},"end":{"line":126,"column":58}},"type":"binary-expr","locations":[{"start":{"line":126,"column":20},"end":{"line":126,"column":46}},{"start":{"line":126,"column":50},"end":{"line":126,"column":58}}],"line":126},"9":{"loc":{"start":{"line":139,"column":16},"end":{"line":139,"column":47}},"type":"cond-expr","locations":[{"start":{"line":139,"column":32},"end":{"line":139,"column":42}},{"start":{"line":139,"column":45},"end":{"line":139,"column":47}}],"line":139},"10":{"loc":{"start":{"line":140,"column":18},"end":{"line":140,"column":65}},"type":"cond-expr","locations":[{"start":{"line":140,"column":51},"end":{"line":140,"column":60}},{"start":{"line":140,"column":63},"end":{"line":140,"column":65}}],"line":140},"11":{"loc":{"start":{"line":147,"column":9},"end":{"line":165,"column":9}},"type":"cond-expr","locations":[{"start":{"line":148,"column":10},"end":{"line":155,"column":19}},{"start":{"line":157,"column":10},"end":{"line":164,"column":19}}],"line":147},"12":{"loc":{"start":{"line":159,"column":22},"end":{"line":159,"column":48}},"type":"binary-expr","locations":[{"start":{"line":159,"column":22},"end":{"line":159,"column":36}},{"start":{"line":159,"column":40},"end":{"line":159,"column":48}}],"line":159}},"s":{"0":2,"1":20,"2":20,"3":20,"4":20,"5":20,"6":20,"7":3,"8":3,"9":3,"10":1,"11":20,"12":2,"13":2,"14":20,"15":1,"16":1,"17":20,"18":1,"19":1,"20":20,"21":22,"22":20,"23":0,"24":20,"25":80,"26":3,"27":35,"28":1},"f":{"0":20,"1":3,"2":2,"3":1,"4":1,"5":22,"6":80,"7":3,"8":35,"9":1},"b":{"0":[19],"1":[19],"2":[1,2],"3":[2,0],"4":[1,0],"5":[1,0],"6":[0,20],"7":[4,76],"8":[20,3],"9":[4,31],"10":[20,15],"11":[12,8],"12":[8,2]},"_coverageSchema":"1a1c01bbd47fc00a2c39e90264f33305004495a9","hash":"a1d26bcc6e92bfc89d4b1cad64a8a42d60669ec5"}
,"/Users/yprite/IdeaProjects/Cursor_pro/AI_DRIVEN_DEVELOP/frontend/src/mocks/browser.ts": {"path":"/Users/yprite/IdeaProjects/Cursor_pro/AI_DRIVEN_DEVELOP/frontend/src/mocks/browser.ts","statementMap":{"0":{"start":{"line":8,"column":22},"end":{"line":8,"column":46}}},"fnMap":{},"branchMap":{},"s":{"0":0},"f":{},"b":{}}
,"/Users/yprite/IdeaProjects/Cursor_pro/AI_DRIVEN_DEVELOP/frontend/src/mocks/handlers.ts": {"path":"/Users/yprite/IdeaProjects/Cursor_pro/AI_DRIVEN_DEVELOP/frontend/src/mocks/handlers.ts","statementMap":{"0":{"start":{"line":9,"column":0},"end":{"line":12,"column":1}},"1":{"start":{"line":10,"column":2},"end":{"line":10,"column":44}},"2":{"start":{"line":11,"column":2},"end":{"line":11,"column":44}},"3":{"start":{"line":16,"column":21},"end":{"line":16,"column":77}},"4":{"start":{"line":17,"column":19},"end":{"line":17,"column":28}},"5":{"start":{"line":19,"column":24},"end":{"line":193,"column":1}},"6":{"start":{"line":22,"column":16},"end":{"line":22,"column":36}},"7":{"start":{"line":23,"column":18},"end":{"line":23,"column":47}},"8":{"start":{"line":25,"column":18},"end":{"line":28,"column":5}},"9":{"start":{"line":30,"column":26},"end":{"line":32,"column":13}},"10":{"start":{"line":31,"column":31},"end":{"line":31,"column":51}},"11":{"start":{"line":34,"column":4},"end":{"line":37,"column":7}},"12":{"start":{"line":41,"column":19},"end":{"line":41,"column":25}},"13":{"start":{"line":42,"column":4},"end":{"line":61,"column":7}},"14":{"start":{"line":65,"column":4},"end":{"line":75,"column":7}},"15":{"start":{"line":79,"column":19},"end":{"line":79,"column":25}},"16":{"start":{"line":80,"column":4},"end":{"line":99,"column":7}},"17":{"start":{"line":103,"column":19},"end":{"line":103,"column":25}},"18":{"start":{"line":104,"column":4},"end":{"line":120,"column":7}},"19":{"start":{"line":125,"column":19},"end":{"line":125,"column":25}},"20":{"start":{"line":126,"column":4},"end":{"line":155,"column":7}},"21":{"start":{"line":160,"column":17},"end":{"line":160,"column":58}},"22":{"start":{"line":161,"column":4},"end":{"line":168,"column":7}},"23":{"start":{"line":172,"column":4},"end":{"line":175,"column":7}},"24":{"start":{"line":180,"column":4},"end":{"line":191,"column":7}}},"fnMap":{"0":{"name":"(anonymous_0)","decl":{"start":{"line":21,"column":49},"end":{"line":21,"column":50}},"loc":{"start":{"line":21,"column":66},"end":{"line":38,"column":3}},"line":21},"1":{"name":"(anonymous_1)","decl":{"start":{"line":31,"column":21},"end":{"line":31,"column":22}},"loc":{"start":{"line":31,"column":31},"end":{"line":31,"column":51}},"line":31},"2":{"name":"(anonymous_2)","decl":{"start":{"line":40,"column":53},"end":{"line":40,"column":54}},"loc":{"start":{"line":40,"column":69},"end":{"line":62,"column":3}},"line":40},"3":{"name":"(anonymous_3)","decl":{"start":{"line":64,"column":64},"end":{"line":64,"column":65}},"loc":{"start":{"line":64,"column":70},"end":{"line":76,"column":3}},"line":64},"4":{"name":"(anonymous_4)","decl":{"start":{"line":78,"column":60},"end":{"line":78,"column":61}},"loc":{"start":{"line":78,"column":76},"end":{"line":100,"column":3}},"line":78},"5":{"name":"(anonymous_5)","decl":{"start":{"line":102,"column":61},"end":{"line":102,"column":62}},"loc":{"start":{"line":102,"column":77},"end":{"line":121,"column":3}},"line":102},"6":{"name":"(anonymous_6)","decl":{"start":{"line":124,"column":55},"end":{"line":124,"column":56}},"loc":{"start":{"line":124,"column":71},"end":{"line":156,"column":3}},"line":124},"7":{"name":"(anonymous_7)","decl":{"start":{"line":159,"column":55},"end":{"line":159,"column":56}},"loc":{"start":{"line":159,"column":78},"end":{"line":169,"column":3}},"line":159},"8":{"name":"(anonymous_8)","decl":{"start":{"line":171,"column":56},"end":{"line":171,"column":57}},"loc":{"start":{"line":171,"column":62},"end":{"line":176,"column":3}},"line":171},"9":{"name":"(anonymous_9)","decl":{"start":{"line":179,"column":52},"end":{"line":179,"column":53}},"loc":{"start":{"line":179,"column":58},"end":{"line":192,"column":3}},"line":179}},"branchMap":{"0":{"loc":{"start":{"line":9,"column":0},"end":{"line":12,"column":1}},"type":"if","locations":[{"start":{"line":9,"column":0},"end":{"line":12,"column":1}},{"start":{},"end":{}}],"line":9},"1":{"loc":{"start":{"line":16,"column":21},"end":{"line":16,"column":77}},"type":"binary-expr","locations":[{"start":{"line":16,"column":21},"end":{"line":16,"column":50}},{"start":{"line":16,"column":54},"end":{"line":16,"column":77}}],"line":16},"2":{"loc":{"start":{"line":30,"column":26},"end":{"line":32,"column":13}},"type":"cond-expr","locations":[{"start":{"line":31,"column":8},"end":{"line":31,"column":52}},{"start":{"line":32,"column":8},"end":{"line":32,"column":13}}],"line":30}},"s":{"0":0,"1":0,"2":0,"3":0,"4":0,"5":0,"6":0,"7":0,"8":0,"9":0,"10":0,"11":0,"12":0,"13":0,"14":0,"15":0,"16":0,"17":0,"18":0,"19":0,"20":0,"21":0,"22":0,"23":0,"24":0},"f":{"0":0,"1":0,"2":0,"3":0,"4":0,"5":0,"6":0,"7":0,"8":0,"9":0},"b":{"0":[0,0],"1":[0,0],"2":[0,0]}}
,"/Users/yprite/IdeaProjects/Cursor_pro/AI_DRIVEN_DEVELOP/frontend/src/mocks/setup.ts": {"path":"/Users/yprite/IdeaProjects/Cursor_pro/AI_DRIVEN_DEVELOP/frontend/src/mocks/setup.ts","statementMap":{"0":{"start":{"line":8,"column":0},"end":{"line":11,"column":1}},"1":{"start":{"line":9,"column":2},"end":{"line":9,"column":44}},"2":{"start":{"line":10,"column":2},"end":{"line":10,"column":44}},"3":{"start":{"line":16,"column":18},"end":{"line":16,"column":22}},"4":{"start":{"line":18,"column":25},"end":{"line":25,"column":1}},"5":{"start":{"line":19,"column":2},"end":{"line":23,"column":3}},"6":{"start":{"line":21,"column":28},"end":{"line":21,"column":47}},"7":{"start":{"line":22,"column":4},"end":{"line":22,"column":38}},"8":{"start":{"line":24,"column":2},"end":{"line":24,"column":16}}},"fnMap":{"0":{"name":"(anonymous_0)","decl":{"start":{"line":18,"column":25},"end":{"line":18,"column":26}},"loc":{"start":{"line":18,"column":31},"end":{"line":25,"column":1}},"line":18}},"branchMap":{"0":{"loc":{"start":{"line":8,"column":0},"end":{"line":11,"column":1}},"type":"if","locations":[{"start":{"line":8,"column":0},"end":{"line":11,"column":1}},{"start":{},"end":{}}],"line":8},"1":{"loc":{"start":{"line":19,"column":2},"end":{"line":23,"column":3}},"type":"if","locations":[{"start":{"line":19,"column":2},"end":{"line":23,"column":3}},{"start":{},"end":{}}],"line":19}},"s":{"0":0,"1":0,"2":0,"3":0,"4":0,"5":0,"6":0,"7":0,"8":0},"f":{"0":0},"b":{"0":[0,0],"1":[0,0]}}
,"/Users/yprite/IdeaProjects/Cursor_pro/AI_DRIVEN_DEVELOP/frontend/src/services/api.ts": {"path":"/Users/yprite/IdeaProjects/Cursor_pro/AI_DRIVEN_DEVELOP/frontend/src/services/api.ts","statementMap":{"0":{"start":{"line":8,"column":21},"end":{"line":8,"column":77}},"1":{"start":{"line":9,"column":19},"end":{"line":9,"column":28}},"2":{"start":{"line":30,"column":4},"end":{"line":30,"column":19}},"3":{"start":{"line":31,"column":4},"end":{"line":31,"column":27}},"4":{"start":{"line":49,"column":50},"end":{"line":49,"column":57}},"5":{"start":{"line":51,"column":14},"end":{"line":51,"column":55}},"6":{"start":{"line":53,"column":31},"end":{"line":56,"column":3}},"7":{"start":{"line":59,"column":30},"end":{"line":63,"column":3}},"8":{"start":{"line":65,"column":2},"end":{"line":99,"column":3}},"9":{"start":{"line":66,"column":21},"end":{"line":66,"column":45}},"10":{"start":{"line":69,"column":24},"end":{"line":69,"column":60}},"11":{"start":{"line":70,"column":4},"end":{"line":78,"column":5}},"12":{"start":{"line":71,"column":6},"end":{"line":73,"column":7}},"13":{"start":{"line":72,"column":8},"end":{"line":72,"column":23}},"14":{"start":{"line":74,"column":6},"end":{"line":77,"column":8}},"15":{"start":{"line":80,"column":33},"end":{"line":80,"column":54}},"16":{"start":{"line":82,"column":4},"end":{"line":88,"column":5}},"17":{"start":{"line":83,"column":6},"end":{"line":87,"column":8}},"18":{"start":{"line":90,"column":4},"end":{"line":90,"column":21}},"19":{"start":{"line":92,"column":4},"end":{"line":94,"column":5}},"20":{"start":{"line":93,"column":6},"end":{"line":93,"column":18}},"21":{"start":{"line":95,"column":4},"end":{"line":97,"column":5}},"22":{"start":{"line":96,"column":6},"end":{"line":96,"column":64}},"23":{"start":{"line":98,"column":4},"end":{"line":98,"column":50}},"24":{"start":{"line":105,"column":23},"end":{"line":183,"column":1}},"25":{"start":{"line":110,"column":18},"end":{"line":110,"column":48}},"26":{"start":{"line":111,"column":4},"end":{"line":111,"column":74}},"27":{"start":{"line":118,"column":4},"end":{"line":118,"column":70}},"28":{"start":{"line":125,"column":4},"end":{"line":128,"column":7}},"29":{"start":{"line":141,"column":4},"end":{"line":145,"column":7}},"30":{"start":{"line":152,"column":4},"end":{"line":155,"column":7}},"31":{"start":{"line":178,"column":4},"end":{"line":181,"column":7}},"32":{"start":{"line":188,"column":25},"end":{"line":239,"column":1}},"33":{"start":{"line":193,"column":19},"end":{"line":193,"column":40}},"34":{"start":{"line":194,"column":4},"end":{"line":194,"column":60}},"35":{"start":{"line":194,"column":16},"end":{"line":194,"column":60}},"36":{"start":{"line":195,"column":4},"end":{"line":195,"column":60}},"37":{"start":{"line":195,"column":16},"end":{"line":195,"column":60}},"38":{"start":{"line":196,"column":18},"end":{"line":196,"column":66}},"39":{"start":{"line":197,"column":4},"end":{"line":197,"column":78}},"40":{"start":{"line":204,"column":4},"end":{"line":204,"column":76}},"41":{"start":{"line":214,"column":4},"end":{"line":217,"column":6}},"42":{"start":{"line":228,"column":4},"end":{"line":230,"column":7}},"43":{"start":{"line":237,"column":4},"end":{"line":237,"column":75}},"44":{"start":{"line":244,"column":23},"end":{"line":303,"column":1}},"45":{"start":{"line":261,"column":4},"end":{"line":265,"column":7}},"46":{"start":{"line":280,"column":4},"end":{"line":280,"column":33}},"47":{"start":{"line":298,"column":4},"end":{"line":301,"column":7}},"48":{"start":{"line":308,"column":23},"end":{"line":332,"column":1}},"49":{"start":{"line":317,"column":4},"end":{"line":321,"column":7}},"50":{"start":{"line":328,"column":4},"end":{"line":330,"column":7}}},"fnMap":{"0":{"name":"(anonymous_0)","decl":{"start":{"line":25,"column":2},"end":{"line":25,"column":3}},"loc":{"start":{"line":29,"column":4},"end":{"line":32,"column":3}},"line":29},"1":{"name":"fetchApi","decl":{"start":{"line":45,"column":15},"end":{"line":45,"column":23}},"loc":{"start":{"line":48,"column":14},"end":{"line":100,"column":1}},"line":48},"2":{"name":"(anonymous_2)","decl":{"start":{"line":109,"column":2},"end":{"line":109,"column":3}},"loc":{"start":{"line":109,"column":54},"end":{"line":112,"column":3}},"line":109},"3":{"name":"(anonymous_3)","decl":{"start":{"line":117,"column":2},"end":{"line":117,"column":3}},"loc":{"start":{"line":117,"column":47},"end":{"line":119,"column":3}},"line":117},"4":{"name":"(anonymous_4)","decl":{"start":{"line":124,"column":2},"end":{"line":124,"column":3}},"loc":{"start":{"line":124,"column":48},"end":{"line":129,"column":3}},"line":124},"5":{"name":"(anonymous_5)","decl":{"start":{"line":134,"column":2},"end":{"line":134,"column":3}},"loc":{"start":{"line":140,"column":20},"end":{"line":146,"column":3}},"line":140},"6":{"name":"(anonymous_6)","decl":{"start":{"line":151,"column":2},"end":{"line":151,"column":3}},"loc":{"start":{"line":151,"column":49},"end":{"line":156,"column":3}},"line":151},"7":{"name":"(anonymous_7)","decl":{"start":{"line":161,"column":2},"end":{"line":161,"column":3}},"loc":{"start":{"line":177,"column":5},"end":{"line":182,"column":3}},"line":177},"8":{"name":"(anonymous_8)","decl":{"start":{"line":192,"column":2},"end":{"line":192,"column":3}},"loc":{"start":{"line":192,"column":76},"end":{"line":198,"column":3}},"line":192},"9":{"name":"(anonymous_9)","decl":{"start":{"line":203,"column":2},"end":{"line":203,"column":3}},"loc":{"start":{"line":203,"column":53},"end":{"line":205,"column":3}},"line":203},"10":{"name":"(anonymous_10)","decl":{"start":{"line":210,"column":2},"end":{"line":210,"column":3}},"loc":{"start":{"line":213,"column":27},"end":{"line":218,"column":3}},"line":213},"11":{"name":"(anonymous_11)","decl":{"start":{"line":223,"column":2},"end":{"line":223,"column":3}},"loc":{"start":{"line":227,"column":5},"end":{"line":231,"column":3}},"line":227},"12":{"name":"(anonymous_12)","decl":{"start":{"line":236,"column":2},"end":{"line":236,"column":3}},"loc":{"start":{"line":236,"column":56},"end":{"line":238,"column":3}},"line":236},"13":{"name":"(anonymous_13)","decl":{"start":{"line":248,"column":2},"end":{"line":248,"column":3}},"loc":{"start":{"line":260,"column":5},"end":{"line":266,"column":3}},"line":260},"14":{"name":"(anonymous_14)","decl":{"start":{"line":271,"column":2},"end":{"line":271,"column":3}},"loc":{"start":{"line":279,"column":5},"end":{"line":281,"column":3}},"line":279},"15":{"name":"(anonymous_15)","decl":{"start":{"line":286,"column":2},"end":{"line":286,"column":3}},"loc":{"start":{"line":297,"column":5},"end":{"line":302,"column":3}},"line":297},"16":{"name":"(anonymous_16)","decl":{"start":{"line":312,"column":2},"end":{"line":312,"column":3}},"loc":{"start":{"line":316,"column":5},"end":{"line":322,"column":3}},"line":316},"17":{"name":"(anonymous_17)","decl":{"start":{"line":327,"column":2},"end":{"line":327,"column":3}},"loc":{"start":{"line":327,"column":32},"end":{"line":331,"column":3}},"line":327}},"branchMap":{"0":{"loc":{"start":{"line":8,"column":21},"end":{"line":8,"column":77}},"type":"binary-expr","locations":[{"start":{"line":8,"column":21},"end":{"line":8,"column":50}},{"start":{"line":8,"column":54},"end":{"line":8,"column":77}}],"line":8},"1":{"loc":{"start":{"line":47,"column":2},"end":{"line":47,"column":30}},"type":"default-arg","locations":[{"start":{"line":47,"column":28},"end":{"line":47,"column":30}}],"line":47},"2":{"loc":{"start":{"line":49,"column":10},"end":{"line":49,"column":28}},"type":"default-arg","locations":[{"start":{"line":49,"column":24},"end":{"line":49,"column":28}}],"line":49},"3":{"loc":{"start":{"line":70,"column":4},"end":{"line":78,"column":5}},"type":"if","locations":[{"start":{"line":70,"column":4},"end":{"line":78,"column":5}},{"start":{},"end":{}}],"line":70},"4":{"loc":{"start":{"line":70,"column":8},"end":{"line":70,"column":65}},"type":"binary-expr","locations":[{"start":{"line":70,"column":8},"end":{"line":70,"column":20}},{"start":{"line":70,"column":24},"end":{"line":70,"column":65}}],"line":70},"5":{"loc":{"start":{"line":71,"column":6},"end":{"line":73,"column":7}},"type":"if","locations":[{"start":{"line":71,"column":6},"end":{"line":73,"column":7}},{"start":{},"end":{}}],"line":71},"6":{"loc":{"start":{"line":82,"column":4},"end":{"line":88,"column":5}},"type":"if","locations":[{"start":{"line":82,"column":4},"end":{"line":88,"column":5}},{"start":{},"end":{}}],"line":82},"7":{"loc":{"start":{"line":85,"column":8},"end":{"line":85,"column":35}},"type":"binary-expr","locations":[{"start":{"line":85,"column":8},"end":{"line":85,"column":20}},{"start":{"line":85,"column":24},"end":{"line":85,"column":35}}],"line":85},"8":{"loc":{"start":{"line":92,"column":4},"end":{"line":94,"column":5}},"type":"if","locations":[{"start":{"line":92,"column":4},"end":{"line":94,"column":5}},{"start":{},"end":{}}],"line":92},"9":{"loc":{"start":{"line":95,"column":4},"end":{"line":97,"column":5}},"type":"if","locations":[{"start":{"line":95,"column":4},"end":{"line":97,"column":5}},{"start":{},"end":{}}],"line":95},"10":{"loc":{"start":{"line":95,"column":8},"end":{"line":95,"column":73}},"type":"binary-expr","locations":[{"start":{"line":95,"column":8},"end":{"line":95,"column":34}},{"start":{"line":95,"column":38},"end":{"line":95,"column":73}}],"line":95},"11":{"loc":{"start":{"line":110,"column":18},"end":{"line":110,"column":48}},"type":"cond-expr","locations":[{"start":{"line":110,"column":26},"end":{"line":110,"column":43}},{"start":{"line":110,"column":46},"end":{"line":110,"column":48}}],"line":110},"12":{"loc":{"start":{"line":194,"column":4},"end":{"line":194,"column":60}},"type":"if","locations":[{"start":{"line":194,"column":4},"end":{"line":194,"column":60}},{"start":{},"end":{}}],"line":194},"13":{"loc":{"start":{"line":195,"column":4},"end":{"line":195,"column":60}},"type":"if","locations":[{"start":{"line":195,"column":4},"end":{"line":195,"column":60}},{"start":{},"end":{}}],"line":195},"14":{"loc":{"start":{"line":196,"column":18},"end":{"line":196,"column":66}},"type":"cond-expr","locations":[{"start":{"line":196,"column":38},"end":{"line":196,"column":61}},{"start":{"line":196,"column":64},"end":{"line":196,"column":66}}],"line":196},"15":{"loc":{"start":{"line":212,"column":4},"end":{"line":212,"column":22}},"type":"default-arg","locations":[{"start":{"line":212,"column":20},"end":{"line":212,"column":22}}],"line":212}},"s":{"0":2,"1":2,"2":8,"3":8,"4":17,"5":17,"6":17,"7":17,"8":17,"9":17,"10":16,"11":11,"12":0,"13":0,"14":0,"15":11,"16":11,"17":2,"18":9,"19":8,"20":2,"21":6,"22":1,"23":5,"24":2,"25":2,"26":2,"27":3,"28":3,"29":0,"30":1,"31":1,"32":2,"33":0,"34":0,"35":0,"36":0,"37":0,"38":0,"39":0,"40":1,"41":0,"42":0,"43":0,"44":2,"45":1,"46":4,"47":0,"48":2,"49":1,"50":0},"f":{"0":8,"1":17,"2":2,"3":3,"4":3,"5":0,"6":1,"7":1,"8":0,"9":1,"10":0,"11":0,"12":0,"13":1,"14":4,"15":0,"16":1,"17":0},"b":{"0":[2,2],"1":[4],"2":[6],"3":[0,11],"4":[11,11],"5":[0,0],"6":[2,9],"7":[2,0],"8":[2,6],"9":[1,5],"10":[6,6],"11":[1,1],"12":[0,0],"13":[0,0],"14":[0,0],"15":[0]},"_coverageSchema":"1a1c01bbd47fc00a2c39e90264f33305004495a9","hash":"1742744222173c64ecbb7a1952c3730e30169e85"}
,"/Users/yprite/IdeaProjects/Cursor_pro/AI_DRIVEN_DEVELOP/frontend/src/services/auth.ts": {"path":"/Users/yprite/IdeaProjects/Cursor_pro/AI_DRIVEN_DEVELOP/frontend/src/services/auth.ts","statementMap":{"0":{"start":{"line":19,"column":37},"end":{"line":19,"column":41}},"1":{"start":{"line":20,"column":58},"end":{"line":20,"column":60}},"2":{"start":{"line":26,"column":4},"end":{"line":26,"column":34}},"3":{"start":{"line":28,"column":4},"end":{"line":28,"column":31}},"4":{"start":{"line":31,"column":4},"end":{"line":33,"column":6}},"5":{"start":{"line":32,"column":6},"end":{"line":32,"column":68}},"6":{"start":{"line":32,"column":52},"end":{"line":32,"column":66}},"7":{"start":{"line":40,"column":4},"end":{"line":40,"column":69}},"8":{"start":{"line":40,"column":41},"end":{"line":40,"column":67}},"9":{"start":{"line":47,"column":4},"end":{"line":47,"column":28}},"10":{"start":{"line":54,"column":4},"end":{"line":54,"column":37}},"11":{"start":{"line":61,"column":4},"end":{"line":75,"column":5}},"12":{"start":{"line":62,"column":24},"end":{"line":62,"column":50}},"13":{"start":{"line":65,"column":19},"end":{"line":65,"column":49}},"14":{"start":{"line":66,"column":6},"end":{"line":66,"column":30}},"15":{"start":{"line":67,"column":6},"end":{"line":67,"column":29}},"16":{"start":{"line":69,"column":6},"end":{"line":69,"column":18}},"17":{"start":{"line":71,"column":6},"end":{"line":73,"column":7}},"18":{"start":{"line":72,"column":8},"end":{"line":72,"column":20}},"19":{"start":{"line":74,"column":6},"end":{"line":74,"column":43}},"20":{"start":{"line":82,"column":4},"end":{"line":91,"column":5}},"21":{"start":{"line":83,"column":6},"end":{"line":83,"column":29}},"22":{"start":{"line":84,"column":6},"end":{"line":84,"column":30}},"23":{"start":{"line":85,"column":6},"end":{"line":85,"column":29}},"24":{"start":{"line":88,"column":6},"end":{"line":88,"column":30}},"25":{"start":{"line":89,"column":6},"end":{"line":89,"column":29}},"26":{"start":{"line":90,"column":6},"end":{"line":90,"column":18}},"27":{"start":{"line":98,"column":4},"end":{"line":110,"column":5}},"28":{"start":{"line":99,"column":19},"end":{"line":99,"column":49}},"29":{"start":{"line":100,"column":6},"end":{"line":100,"column":30}},"30":{"start":{"line":101,"column":6},"end":{"line":101,"column":29}},"31":{"start":{"line":102,"column":6},"end":{"line":102,"column":18}},"32":{"start":{"line":105,"column":6},"end":{"line":108,"column":7}},"33":{"start":{"line":106,"column":8},"end":{"line":106,"column":32}},"34":{"start":{"line":107,"column":8},"end":{"line":107,"column":31}},"35":{"start":{"line":109,"column":6},"end":{"line":109,"column":18}},"36":{"start":{"line":117,"column":4},"end":{"line":121,"column":5}},"37":{"start":{"line":118,"column":6},"end":{"line":118,"column":31}},"38":{"start":{"line":126,"column":27},"end":{"line":126,"column":44}}},"fnMap":{"0":{"name":"(anonymous_0)","decl":{"start":{"line":25,"column":2},"end":{"line":25,"column":3}},"loc":{"start":{"line":25,"column":63},"end":{"line":34,"column":3}},"line":25},"1":{"name":"(anonymous_1)","decl":{"start":{"line":31,"column":11},"end":{"line":31,"column":12}},"loc":{"start":{"line":31,"column":17},"end":{"line":33,"column":5}},"line":31},"2":{"name":"(anonymous_2)","decl":{"start":{"line":32,"column":45},"end":{"line":32,"column":46}},"loc":{"start":{"line":32,"column":52},"end":{"line":32,"column":66}},"line":32},"3":{"name":"(anonymous_3)","decl":{"start":{"line":39,"column":2},"end":{"line":39,"column":3}},"loc":{"start":{"line":39,"column":34},"end":{"line":41,"column":3}},"line":39},"4":{"name":"(anonymous_4)","decl":{"start":{"line":40,"column":27},"end":{"line":40,"column":28}},"loc":{"start":{"line":40,"column":41},"end":{"line":40,"column":67}},"line":40},"5":{"name":"(anonymous_5)","decl":{"start":{"line":46,"column":2},"end":{"line":46,"column":3}},"loc":{"start":{"line":46,"column":32},"end":{"line":48,"column":3}},"line":46},"6":{"name":"(anonymous_6)","decl":{"start":{"line":53,"column":2},"end":{"line":53,"column":3}},"loc":{"start":{"line":53,"column":29},"end":{"line":55,"column":3}},"line":53},"7":{"name":"(anonymous_7)","decl":{"start":{"line":60,"column":2},"end":{"line":60,"column":3}},"loc":{"start":{"line":60,"column":44},"end":{"line":76,"column":3}},"line":60},"8":{"name":"(anonymous_8)","decl":{"start":{"line":81,"column":2},"end":{"line":81,"column":3}},"loc":{"start":{"line":81,"column":32},"end":{"line":92,"column":3}},"line":81},"9":{"name":"(anonymous_9)","decl":{"start":{"line":97,"column":2},"end":{"line":97,"column":3}},"loc":{"start":{"line":97,"column":44},"end":{"line":111,"column":3}},"line":97},"10":{"name":"(anonymous_10)","decl":{"start":{"line":116,"column":2},"end":{"line":116,"column":3}},"loc":{"start":{"line":116,"column":36},"end":{"line":122,"column":3}},"line":116}},"branchMap":{"0":{"loc":{"start":{"line":71,"column":6},"end":{"line":73,"column":7}},"type":"if","locations":[{"start":{"line":71,"column":6},"end":{"line":73,"column":7}},{"start":{},"end":{}}],"line":71},"1":{"loc":{"start":{"line":105,"column":6},"end":{"line":108,"column":7}},"type":"if","locations":[{"start":{"line":105,"column":6},"end":{"line":108,"column":7}},{"start":{},"end":{}}],"line":105},"2":{"loc":{"start":{"line":105,"column":10},"end":{"line":105,"column":59}},"type":"binary-expr","locations":[{"start":{"line":105,"column":10},"end":{"line":105,"column":35}},{"start":{"line":105,"column":39},"end":{"line":105,"column":59}}],"line":105}},"s":{"0":2,"1":2,"2":5,"3":5,"4":5,"5":5,"6":5,"7":10,"8":2,"9":7,"10":4,"11":5,"12":5,"13":4,"14":4,"15":4,"16":4,"17":1,"18":1,"19":0,"20":3,"21":3,"22":2,"23":2,"24":1,"25":1,"26":1,"27":6,"28":6,"29":2,"30":2,"31":2,"32":4,"33":1,"34":1,"35":4,"36":4,"37":4,"38":2},"f":{"0":5,"1":5,"2":5,"3":10,"4":2,"5":7,"6":4,"7":5,"8":3,"9":6,"10":4},"b":{"0":[1,0],"1":[1,3],"2":[4,4]},"_coverageSchema":"1a1c01bbd47fc00a2c39e90264f33305004495a9","hash":"8ccd13e0d67af0dfcaee5f7c5602b344cff8a5f3"}
,"/Users/yprite/IdeaProjects/Cursor_pro/AI_DRIVEN_DEVELOP/frontend/src/types/api.ts": {"path":"/Users/yprite/IdeaProjects/Cursor_pro/AI_DRIVEN_DEVELOP/frontend/src/types/api.ts","statementMap":{},"fnMap":{},"branchMap":{},"s":{},"f":{},"b":{}}
}
