TN:
SF:src/App.tsx
FN:11,App
FN:19,(anonymous_1)
FN:20,(anonymous_2)
FN:31,(anonymous_3)
FN:55,(anonymous_4)
FN:81,(anonymous_5)
FNF:6
FNH:4
FNDA:10,App
FNDA:4,(anonymous_1)
FNDA:5,(anonymous_2)
FNDA:2,(anonymous_3)
FNDA:0,(anonymous_4)
FNDA:0,(anonymous_5)
DA:12,10
DA:13,10
DA:14,10
DA:15,10
DA:16,10
DA:19,10
DA:20,4
DA:21,5
DA:25,4
DA:27,4
DA:31,10
DA:32,2
DA:33,2
DA:35,2
DA:37,2
DA:40,1
DA:42,0
DA:43,0
DA:45,2
DA:46,2
DA:48,0
DA:50,2
DA:55,10
DA:56,0
DA:58,0
DA:59,0
DA:61,0
DA:63,0
DA:66,0
DA:68,0
DA:69,0
DA:71,0
DA:72,0
DA:74,0
DA:76,0
DA:81,10
DA:82,0
DA:83,0
DA:84,0
DA:85,0
DA:88,10
LF:41
LH:22
BRDA:45,0,0,2
BRDA:45,0,1,0
BRDA:56,1,0,0
BRDA:56,1,1,0
BRDA:71,2,0,0
BRDA:71,2,1,0
BRDA:92,3,0,10
BRDA:92,3,1,4
BRDA:99,4,0,10
BRDA:99,4,1,5
BRDA:113,5,0,10
BRDA:113,5,1,3
BRDA:119,6,0,10
BRDA:119,6,1,0
BRDA:119,6,2,0
BRDA:125,7,0,10
BRDA:125,7,1,0
BRDA:131,8,0,10
BRDA:131,8,1,0
BRDA:131,8,2,0
BRDA:142,9,0,10
BRDA:142,9,1,2
BRDA:146,10,0,2
BRDA:146,10,1,0
BRF:24
BRH:13
end_of_record
TN:
SF:src/index.tsx
FNF:0
FNH:0
DA:7,0
DA:10,0
DA:19,0
LF:3
LH:0
BRF:0
BRH:0
end_of_record
TN:
SF:src/reportWebVitals.ts
FN:3,(anonymous_0)
FN:5,(anonymous_1)
FNF:2
FNH:0
FNDA:0,(anonymous_0)
FNDA:0,(anonymous_1)
DA:3,0
DA:4,0
DA:5,0
DA:6,0
DA:7,0
DA:8,0
DA:9,0
DA:10,0
LF:8
LH:0
BRDA:4,0,0,0
BRDA:4,0,1,0
BRDA:4,1,0,0
BRDA:4,1,1,0
BRF:4
BRH:0
end_of_record
TN:
SF:src/setupTestsPolyfill.ts
FNF:0
FNH:0
DA:4,0
DA:5,0
DA:6,0
LF:3
LH:0
BRDA:4,0,0,0
BRDA:4,0,1,0
BRF:2
BRH:0
end_of_record
TN:
SF:src/components/organisms/ResultUI.tsx
FN:14,(anonymous_0)
FN:15,(anonymous_1)
FN:28,(anonymous_2)
FN:41,(anonymous_3)
FN:140,(anonymous_4)
FNF:5
FNH:5
FNDA:18,(anonymous_0)
FNDA:18,(anonymous_1)
FNDA:18,(anonymous_2)
FNDA:18,(anonymous_3)
FNDA:68,(anonymous_4)
DA:14,2
DA:15,18
DA:16,18
DA:18,15
DA:20,1
DA:22,1
DA:24,1
DA:28,18
DA:29,18
DA:31,15
DA:33,1
DA:35,1
DA:37,1
DA:41,18
DA:42,18
DA:44,15
DA:46,1
DA:48,1
DA:50,1
DA:54,18
DA:142,68
DA:143,68
LF:22
LH:22
BRDA:16,0,0,15
BRDA:16,0,1,1
BRDA:16,0,2,1
BRDA:16,0,3,1
BRDA:29,1,0,15
BRDA:29,1,1,1
BRDA:29,1,2,1
BRDA:29,1,3,1
BRDA:42,2,0,15
BRDA:42,2,1,1
BRDA:42,2,2,1
BRDA:42,2,3,1
BRDA:59,3,0,17
BRDA:59,3,1,1
BRDA:62,4,0,17
BRDA:62,4,1,1
BRDA:109,5,0,17
BRDA:109,5,1,1
BRDA:135,6,0,18
BRDA:135,6,1,17
BRDA:142,7,0,68
BRDA:142,7,1,0
BRF:22
BRH:21
end_of_record
TN:
SF:src/components/organisms/TestUI.tsx
FN:18,(anonymous_0)
FN:32,(anonymous_1)
FN:40,(anonymous_2)
FN:46,(anonymous_3)
FN:52,(anonymous_4)
FN:58,(anonymous_5)
FN:99,(anonymous_6)
FN:111,(anonymous_7)
FN:133,(anonymous_8)
FN:136,(anonymous_9)
FNF:10
FNH:10
FNDA:20,(anonymous_0)
FNDA:3,(anonymous_1)
FNDA:2,(anonymous_2)
FNDA:1,(anonymous_3)
FNDA:1,(anonymous_4)
FNDA:22,(anonymous_5)
FNDA:80,(anonymous_6)
FNDA:3,(anonymous_7)
FNDA:35,(anonymous_8)
FNDA:1,(anonymous_9)
DA:18,2
DA:25,20
DA:26,20
DA:28,20
DA:29,20
DA:30,20
DA:32,20
DA:33,3
DA:34,3
DA:35,3
DA:36,1
DA:40,20
DA:41,2
DA:42,2
DA:46,20
DA:47,1
DA:48,1
DA:52,20
DA:53,1
DA:54,1
DA:58,22
DA:60,20
DA:61,0
DA:64,20
DA:100,80
DA:112,3
DA:134,35
DA:136,1
LF:28
LH:27
BRDA:22,0,0,19
BRDA:23,1,0,19
BRDA:35,2,0,1
BRDA:35,2,1,2
BRDA:41,3,0,2
BRDA:41,3,1,0
BRDA:47,4,0,1
BRDA:47,4,1,0
BRDA:53,5,0,1
BRDA:53,5,1,0
BRDA:60,6,0,0
BRDA:60,6,1,20
BRDA:103,7,0,4
BRDA:103,7,1,76
BRDA:126,8,0,20
BRDA:126,8,1,3
BRDA:139,9,0,4
BRDA:139,9,1,31
BRDA:140,10,0,20
BRDA:140,10,1,15
BRDA:147,11,0,12
BRDA:147,11,1,8
BRDA:159,12,0,8
BRDA:159,12,1,2
BRF:24
BRH:20
end_of_record
TN:
SF:src/mocks/browser.ts
FNF:0
FNH:0
DA:8,0
LF:1
LH:0
BRF:0
BRH:0
end_of_record
TN:
SF:src/mocks/handlers.ts
FN:21,(anonymous_0)
FN:31,(anonymous_1)
FN:40,(anonymous_2)
FN:64,(anonymous_3)
FN:78,(anonymous_4)
FN:102,(anonymous_5)
FN:124,(anonymous_6)
FN:159,(anonymous_7)
FN:171,(anonymous_8)
FN:179,(anonymous_9)
FNF:10
FNH:0
FNDA:0,(anonymous_0)
FNDA:0,(anonymous_1)
FNDA:0,(anonymous_2)
FNDA:0,(anonymous_3)
FNDA:0,(anonymous_4)
FNDA:0,(anonymous_5)
FNDA:0,(anonymous_6)
FNDA:0,(anonymous_7)
FNDA:0,(anonymous_8)
FNDA:0,(anonymous_9)
DA:9,0
DA:10,0
DA:11,0
DA:16,0
DA:17,0
DA:19,0
DA:22,0
DA:23,0
DA:25,0
DA:30,0
DA:31,0
DA:34,0
DA:41,0
DA:42,0
DA:65,0
DA:79,0
DA:80,0
DA:103,0
DA:104,0
DA:125,0
DA:126,0
DA:160,0
DA:161,0
DA:172,0
DA:180,0
LF:25
LH:0
BRDA:9,0,0,0
BRDA:9,0,1,0
BRDA:16,1,0,0
BRDA:16,1,1,0
BRDA:30,2,0,0
BRDA:30,2,1,0
BRF:6
BRH:0
end_of_record
TN:
SF:src/mocks/setup.ts
FN:18,(anonymous_0)
FNF:1
FNH:0
FNDA:0,(anonymous_0)
DA:8,0
DA:9,0
DA:10,0
DA:16,0
DA:18,0
DA:19,0
DA:21,0
DA:22,0
DA:24,0
LF:9
LH:0
BRDA:8,0,0,0
BRDA:8,0,1,0
BRDA:19,1,0,0
BRDA:19,1,1,0
BRF:4
BRH:0
end_of_record
TN:
SF:src/services/api.ts
FN:25,(anonymous_0)
FN:45,fetchApi
FN:109,(anonymous_2)
FN:117,(anonymous_3)
FN:124,(anonymous_4)
FN:134,(anonymous_5)
FN:151,(anonymous_6)
FN:161,(anonymous_7)
FN:192,(anonymous_8)
FN:203,(anonymous_9)
FN:210,(anonymous_10)
FN:223,(anonymous_11)
FN:236,(anonymous_12)
FN:248,(anonymous_13)
FN:271,(anonymous_14)
FN:286,(anonymous_15)
FN:312,(anonymous_16)
FN:327,(anonymous_17)
FNF:18
FNH:11
FNDA:8,(anonymous_0)
FNDA:17,fetchApi
FNDA:2,(anonymous_2)
FNDA:3,(anonymous_3)
FNDA:3,(anonymous_4)
FNDA:0,(anonymous_5)
FNDA:1,(anonymous_6)
FNDA:1,(anonymous_7)
FNDA:0,(anonymous_8)
FNDA:1,(anonymous_9)
FNDA:0,(anonymous_10)
FNDA:0,(anonymous_11)
FNDA:0,(anonymous_12)
FNDA:1,(anonymous_13)
FNDA:4,(anonymous_14)
FNDA:0,(anonymous_15)
FNDA:1,(anonymous_16)
FNDA:0,(anonymous_17)
DA:8,2
DA:9,2
DA:30,8
DA:31,8
DA:49,17
DA:51,17
DA:53,17
DA:59,17
DA:65,17
DA:66,17
DA:69,16
DA:70,11
DA:71,0
DA:72,0
DA:74,0
DA:80,11
DA:82,11
DA:83,2
DA:90,9
DA:92,8
DA:93,2
DA:95,6
DA:96,1
DA:98,5
DA:105,2
DA:110,2
DA:111,2
DA:118,3
DA:125,3
DA:141,0
DA:152,1
DA:178,1
DA:188,2
DA:193,0
DA:194,0
DA:195,0
DA:196,0
DA:197,0
DA:204,1
DA:214,0
DA:228,0
DA:237,0
DA:244,2
DA:261,1
DA:280,4
DA:298,0
DA:308,2
DA:317,1
DA:328,0
LF:49
LH:35
BRDA:8,0,0,2
BRDA:8,0,1,2
BRDA:47,1,0,4
BRDA:49,2,0,6
BRDA:70,3,0,0
BRDA:70,3,1,11
BRDA:70,4,0,11
BRDA:70,4,1,11
BRDA:71,5,0,0
BRDA:71,5,1,0
BRDA:82,6,0,2
BRDA:82,6,1,9
BRDA:85,7,0,2
BRDA:85,7,1,0
BRDA:92,8,0,2
BRDA:92,8,1,6
BRDA:95,9,0,1
BRDA:95,9,1,5
BRDA:95,10,0,6
BRDA:95,10,1,6
BRDA:110,11,0,1
BRDA:110,11,1,1
BRDA:194,12,0,0
BRDA:194,12,1,0
BRDA:195,13,0,0
BRDA:195,13,1,0
BRDA:196,14,0,0
BRDA:196,14,1,0
BRDA:212,15,0,0
BRF:29
BRH:18
end_of_record
TN:
SF:src/services/auth.ts
FN:25,(anonymous_0)
FN:31,(anonymous_1)
FN:32,(anonymous_2)
FN:39,(anonymous_3)
FN:40,(anonymous_4)
FN:46,(anonymous_5)
FN:53,(anonymous_6)
FN:60,(anonymous_7)
FN:81,(anonymous_8)
FN:97,(anonymous_9)
FN:116,(anonymous_10)
FNF:11
FNH:11
FNDA:5,(anonymous_0)
FNDA:5,(anonymous_1)
FNDA:5,(anonymous_2)
FNDA:10,(anonymous_3)
FNDA:2,(anonymous_4)
FNDA:7,(anonymous_5)
FNDA:4,(anonymous_6)
FNDA:5,(anonymous_7)
FNDA:3,(anonymous_8)
FNDA:6,(anonymous_9)
FNDA:4,(anonymous_10)
DA:19,2
DA:20,2
DA:26,5
DA:28,5
DA:31,5
DA:32,5
DA:40,10
DA:47,7
DA:54,4
DA:61,5
DA:62,5
DA:65,4
DA:66,4
DA:67,4
DA:69,4
DA:71,1
DA:72,1
DA:74,0
DA:82,3
DA:83,3
DA:84,2
DA:85,2
DA:88,1
DA:89,1
DA:90,1
DA:98,6
DA:99,6
DA:100,2
DA:101,2
DA:102,2
DA:105,4
DA:106,1
DA:107,1
DA:109,4
DA:117,4
DA:118,4
DA:126,2
LF:37
LH:36
BRDA:71,0,0,1
BRDA:71,0,1,0
BRDA:105,1,0,1
BRDA:105,1,1,3
BRDA:105,2,0,4
BRDA:105,2,1,4
BRF:6
BRH:5
end_of_record
TN:
SF:src/types/api.ts
FNF:0
FNH:0
LF:0
LH:0
BRF:0
BRH:0
end_of_record
