TN:
SF:src/App.tsx
FN:11,App
FN:19,(anonymous_1)
FN:20,(anonymous_2)
FN:31,(anonymous_3)
FN:55,(anonymous_4)
FN:81,(anonymous_5)
FNF:6
FNH:4
FNDA:29,App
FNDA:8,(anonymous_1)
FNDA:0,(anonymous_2)
FNDA:6,(anonymous_3)
FNDA:3,(anonymous_4)
FNDA:0,(anonymous_5)
DA:12,29
DA:13,28
DA:14,28
DA:15,28
DA:16,28
DA:19,28
DA:20,8
DA:21,0
DA:25,8
DA:27,8
DA:31,28
DA:32,6
DA:33,6
DA:35,6
DA:37,6
DA:40,4
DA:42,4
DA:43,4
DA:45,2
DA:46,2
DA:48,0
DA:50,2
DA:55,28
DA:56,3
DA:58,3
DA:59,3
DA:61,3
DA:63,3
DA:66,2
DA:68,2
DA:69,2
DA:71,1
DA:72,1
DA:74,0
DA:76,1
DA:81,28
DA:82,0
DA:83,0
DA:84,0
DA:85,0
DA:88,28
LF:41
LH:34
BRDA:45,0,0,2
BRDA:45,0,1,0
BRDA:56,1,0,0
BRDA:56,1,1,3
BRDA:71,2,0,1
BRDA:71,2,1,0
BRDA:92,3,0,28
BRDA:92,3,1,0
BRDA:99,4,0,28
BRDA:99,4,1,8
BRDA:113,5,0,28
BRDA:113,5,1,6
BRDA:119,6,0,28
BRDA:119,6,1,4
BRDA:119,6,2,4
BRDA:125,7,0,28
BRDA:125,7,1,3
BRDA:131,8,0,28
BRDA:131,8,1,4
BRDA:131,8,2,4
BRDA:142,9,0,28
BRDA:142,9,1,3
BRDA:146,10,0,3
BRDA:146,10,1,0
BRF:24
BRH:19
end_of_record
TN:
SF:src/index.tsx
FNF:0
FNH:0
DA:7,0
DA:10,0
DA:19,0
LF:3
LH:0
BRF:0
BRH:0
end_of_record
TN:
SF:src/reportWebVitals.ts
FN:3,(anonymous_0)
FN:5,(anonymous_1)
FNF:2
FNH:0
FNDA:0,(anonymous_0)
FNDA:0,(anonymous_1)
DA:3,0
DA:4,0
DA:5,0
DA:6,0
DA:7,0
DA:8,0
DA:9,0
DA:10,0
LF:8
LH:0
BRDA:4,0,0,0
BRDA:4,0,1,0
BRDA:4,1,0,0
BRDA:4,1,1,0
BRF:4
BRH:0
end_of_record
TN:
SF:src/setupTestsPolyfill.ts
FNF:0
FNH:0
DA:4,0
DA:5,0
DA:6,0
LF:3
LH:0
BRDA:4,0,0,0
BRDA:4,0,1,0
BRF:2
BRH:0
end_of_record
TN:
SF:src/components/organisms/ResultUI.tsx
FN:14,(anonymous_0)
FN:15,(anonymous_1)
FN:28,(anonymous_2)
FN:41,(anonymous_3)
FN:140,(anonymous_4)
FNF:5
FNH:5
FNDA:22,(anonymous_0)
FNDA:18,(anonymous_1)
FNDA:18,(anonymous_2)
FNDA:18,(anonymous_3)
FNDA:68,(anonymous_4)
DA:14,2
DA:15,22
DA:16,18
DA:18,15
DA:20,1
DA:22,1
DA:24,1
DA:28,22
DA:29,18
DA:31,15
DA:33,1
DA:35,1
DA:37,1
DA:41,22
DA:42,18
DA:44,15
DA:46,1
DA:48,1
DA:50,1
DA:54,22
DA:142,68
DA:143,68
LF:22
LH:22
BRDA:16,0,0,15
BRDA:16,0,1,1
BRDA:16,0,2,1
BRDA:16,0,3,1
BRDA:29,1,0,15
BRDA:29,1,1,1
BRDA:29,1,2,1
BRDA:29,1,3,1
BRDA:42,2,0,15
BRDA:42,2,1,1
BRDA:42,2,2,1
BRDA:42,2,3,1
BRDA:59,3,0,21
BRDA:59,3,1,1
BRDA:62,4,0,21
BRDA:62,4,1,1
BRDA:109,5,0,17
BRDA:109,5,1,1
BRDA:135,6,0,18
BRDA:135,6,1,17
BRDA:142,7,0,68
BRDA:142,7,1,0
BRF:22
BRH:21
end_of_record
TN:
SF:src/components/organisms/TestUI.tsx
FN:18,(anonymous_0)
FN:32,(anonymous_1)
FN:40,(anonymous_2)
FN:46,(anonymous_3)
FN:52,(anonymous_4)
FN:58,(anonymous_5)
FN:99,(anonymous_6)
FN:111,(anonymous_7)
FN:133,(anonymous_8)
FN:136,(anonymous_9)
FNF:10
FNH:10
FNDA:27,(anonymous_0)
FNDA:6,(anonymous_1)
FNDA:2,(anonymous_2)
FNDA:1,(anonymous_3)
FNDA:4,(anonymous_4)
FNDA:29,(anonymous_5)
FNDA:108,(anonymous_6)
FNDA:6,(anonymous_7)
FNDA:42,(anonymous_8)
FNDA:1,(anonymous_9)
DA:18,2
DA:25,27
DA:26,27
DA:28,27
DA:29,27
DA:30,27
DA:32,27
DA:33,6
DA:34,6
DA:35,6
DA:36,1
DA:40,27
DA:41,2
DA:42,2
DA:46,27
DA:47,1
DA:48,1
DA:52,27
DA:53,4
DA:54,4
DA:58,29
DA:60,27
DA:61,0
DA:64,27
DA:100,108
DA:112,6
DA:134,42
DA:136,1
LF:28
LH:27
BRDA:22,0,0,26
BRDA:23,1,0,26
BRDA:35,2,0,1
BRDA:35,2,1,5
BRDA:41,3,0,2
BRDA:41,3,1,0
BRDA:47,4,0,1
BRDA:47,4,1,0
BRDA:53,5,0,4
BRDA:53,5,1,0
BRDA:60,6,0,0
BRDA:60,6,1,27
BRDA:103,7,0,7
BRDA:103,7,1,101
BRDA:126,8,0,27
BRDA:126,8,1,3
BRDA:139,9,0,7
BRDA:139,9,1,35
BRDA:140,10,0,27
BRDA:140,10,1,15
BRDA:147,11,0,12
BRDA:147,11,1,15
BRDA:159,12,0,15
BRDA:159,12,1,5
BRF:24
BRH:20
end_of_record
TN:
SF:src/mocks/browser.ts
FNF:0
FNH:0
DA:8,0
LF:1
LH:0
BRF:0
BRH:0
end_of_record
TN:
SF:src/mocks/handlers.ts
FN:21,(anonymous_0)
FN:31,(anonymous_1)
FN:40,(anonymous_2)
FN:64,(anonymous_3)
FN:78,(anonymous_4)
FN:102,(anonymous_5)
FN:124,(anonymous_6)
FN:159,(anonymous_7)
FN:171,(anonymous_8)
FN:179,(anonymous_9)
FNF:10
FNH:0
FNDA:0,(anonymous_0)
FNDA:0,(anonymous_1)
FNDA:0,(anonymous_2)
FNDA:0,(anonymous_3)
FNDA:0,(anonymous_4)
FNDA:0,(anonymous_5)
FNDA:0,(anonymous_6)
FNDA:0,(anonymous_7)
FNDA:0,(anonymous_8)
FNDA:0,(anonymous_9)
DA:9,0
DA:10,0
DA:11,0
DA:16,0
DA:17,0
DA:19,0
DA:22,0
DA:23,0
DA:25,0
DA:30,0
DA:31,0
DA:34,0
DA:41,0
DA:42,0
DA:65,0
DA:79,0
DA:80,0
DA:103,0
DA:104,0
DA:125,0
DA:126,0
DA:160,0
DA:161,0
DA:172,0
DA:180,0
LF:25
LH:0
BRDA:9,0,0,0
BRDA:9,0,1,0
BRDA:16,1,0,0
BRDA:16,1,1,0
BRDA:30,2,0,0
BRDA:30,2,1,0
BRF:6
BRH:0
end_of_record
TN:
SF:src/mocks/setup.ts
FN:18,(anonymous_0)
FNF:1
FNH:0
FNDA:0,(anonymous_0)
DA:8,0
DA:9,0
DA:10,0
DA:16,0
DA:18,0
DA:19,0
DA:21,0
DA:22,0
DA:24,0
LF:9
LH:0
BRDA:8,0,0,0
BRDA:8,0,1,0
BRDA:19,1,0,0
BRDA:19,1,1,0
BRF:4
BRH:0
end_of_record
TN:
SF:src/services/api.ts
FN:25,(anonymous_0)
FN:45,fetchApi
FN:121,(anonymous_2)
FN:129,(anonymous_3)
FN:136,(anonymous_4)
FN:146,(anonymous_5)
FN:163,(anonymous_6)
FN:173,(anonymous_7)
FN:204,(anonymous_8)
FN:215,(anonymous_9)
FN:222,(anonymous_10)
FN:235,(anonymous_11)
FN:248,(anonymous_12)
FN:260,(anonymous_13)
FN:283,(anonymous_14)
FN:298,(anonymous_15)
FN:324,(anonymous_16)
FN:339,(anonymous_17)
FNF:18
FNH:10
FNDA:5,(anonymous_0)
FNDA:24,fetchApi
FNDA:2,(anonymous_2)
FNDA:2,(anonymous_3)
FNDA:7,(anonymous_4)
FNDA:0,(anonymous_5)
FNDA:4,(anonymous_6)
FNDA:4,(anonymous_7)
FNDA:0,(anonymous_8)
FNDA:3,(anonymous_9)
FNDA:0,(anonymous_10)
FNDA:0,(anonymous_11)
FNDA:0,(anonymous_12)
FNDA:1,(anonymous_13)
FNDA:0,(anonymous_14)
FNDA:0,(anonymous_15)
FNDA:1,(anonymous_16)
FNDA:0,(anonymous_17)
DA:8,2
DA:9,2
DA:30,5
DA:31,5
DA:49,24
DA:51,24
DA:53,24
DA:59,24
DA:65,24
DA:66,24
DA:69,22
DA:70,22
DA:71,0
DA:72,0
DA:74,0
DA:81,22
DA:82,22
DA:85,0
DA:86,0
DA:91,0
DA:94,22
DA:95,3
DA:102,19
DA:104,5
DA:105,3
DA:107,2
DA:108,1
DA:110,1
DA:117,2
DA:122,2
DA:123,2
DA:130,2
DA:137,7
DA:153,0
DA:164,4
DA:190,4
DA:200,2
DA:205,0
DA:206,0
DA:207,0
DA:208,0
DA:209,0
DA:216,3
DA:226,0
DA:240,0
DA:249,0
DA:256,2
DA:273,1
DA:292,0
DA:310,0
DA:320,2
DA:329,1
DA:340,0
LF:53
LH:35
BRDA:8,0,0,2
BRDA:8,0,1,2
BRDA:47,1,0,0
BRDA:49,2,0,8
BRDA:70,3,0,0
BRDA:70,3,1,22
BRDA:70,4,0,22
BRDA:70,4,1,22
BRDA:71,5,0,0
BRDA:71,5,1,0
BRDA:85,6,0,0
BRDA:85,6,1,0
BRDA:94,7,0,3
BRDA:94,7,1,19
BRDA:97,8,0,3
BRDA:97,8,1,0
BRDA:104,9,0,3
BRDA:104,9,1,2
BRDA:107,10,0,1
BRDA:107,10,1,1
BRDA:107,11,0,2
BRDA:107,11,1,1
BRDA:122,12,0,1
BRDA:122,12,1,1
BRDA:206,13,0,0
BRDA:206,13,1,0
BRDA:207,14,0,0
BRDA:207,14,1,0
BRDA:208,15,0,0
BRDA:208,15,1,0
BRDA:224,16,0,0
BRF:31
BRH:17
end_of_record
TN:
SF:src/services/auth.ts
FN:25,(anonymous_0)
FN:31,(anonymous_1)
FN:32,(anonymous_2)
FN:39,(anonymous_3)
FN:40,(anonymous_4)
FN:46,(anonymous_5)
FN:53,(anonymous_6)
FN:60,(anonymous_7)
FN:85,(anonymous_8)
FN:101,(anonymous_9)
FN:120,(anonymous_10)
FNF:11
FNH:10
FNDA:1,(anonymous_0)
FNDA:1,(anonymous_1)
FNDA:1,(anonymous_2)
FNDA:10,(anonymous_3)
FNDA:1,(anonymous_4)
FNDA:7,(anonymous_5)
FNDA:5,(anonymous_6)
FNDA:5,(anonymous_7)
FNDA:3,(anonymous_8)
FNDA:2,(anonymous_9)
FNDA:0,(anonymous_10)
DA:19,1
DA:20,1
DA:26,1
DA:28,1
DA:31,1
DA:32,1
DA:40,10
DA:47,7
DA:54,5
DA:61,5
DA:62,5
DA:65,4
DA:66,4
DA:67,4
DA:69,4
DA:72,1
DA:73,1
DA:75,1
DA:76,1
DA:78,0
DA:86,3
DA:87,3
DA:88,2
DA:89,2
DA:92,1
DA:93,1
DA:94,1
DA:102,2
DA:103,2
DA:104,1
DA:105,1
DA:106,1
DA:109,1
DA:110,1
DA:111,1
DA:113,1
DA:121,0
DA:122,0
DA:130,1
LF:39
LH:36
BRDA:75,0,0,1
BRDA:75,0,1,0
BRDA:109,1,0,1
BRDA:109,1,1,0
BRDA:109,2,0,1
BRDA:109,2,1,1
BRF:6
BRH:4
end_of_record
TN:
SF:src/types/api.ts
FNF:0
FNH:0
LF:0
LH:0
BRF:0
BRH:0
end_of_record
